Skipping CFBD connectivity preflight for game-player-stat backfill.
[game-player-stats] target classifications: FBS
[game-player-stats] season 2022: targeting 12 regular source weeks with missing FBS player stats.
[game-player-stats] season 2022: ingesting regular source week 4...
[CFBD] 2022 regular week 4: loading games...
[CFBD] 2022 regular week 4: skipping betting lines...
[CFBD] 2022 regular week 4: skipping weather...
[CFBD] 2022 regular week 4: skipping advanced game stats...
[CFBD] 2022 regular week 4: skipping drives...
[CFBD] 2022 regular week 4: skipping plays...
[CFBD] 2022 regular week 4: loading game player stats...
[CFBD] 2022 regular week 4: targeting game player stat classifications: FBS...
[CFBD] 2022 regular week 4: loading game player stats for FBS...
[CFBD] 2022 regular week 4: skipping possession metric derivation...
[game-player-stats] season 2022: ingesting regular source week 5...
[CFBD] 2022 regular week 5: loading games...
[CFBD] 2022 regular week 5: skipping betting lines...
[CFBD] 2022 regular week 5: skipping weather...
[CFBD] 2022 regular week 5: skipping advanced game stats...
[CFBD] 2022 regular week 5: skipping drives...
[CFBD] 2022 regular week 5: skipping plays...
[CFBD] 2022 regular week 5: loading game player stats...
[CFBD] 2022 regular week 5: targeting game player stat classifications: FBS...
[CFBD] 2022 regular week 5: loading game player stats for FBS...
[CFBD] 2022 regular week 5: skipping possession metric derivation...
[game-player-stats] season 2022: ingesting regular source week 6...
[CFBD] 2022 regular week 6: loading games...
[CFBD] 2022 regular week 6: skipping betting lines...
[CFBD] 2022 regular week 6: skipping weather...
[CFBD] 2022 regular week 6: skipping advanced game stats...
[CFBD] 2022 regular week 6: skipping drives...
[CFBD] 2022 regular week 6: skipping plays...
[CFBD] 2022 regular week 6: loading game player stats...
[CFBD] 2022 regular week 6: targeting game player stat classifications: FBS...
[CFBD] 2022 regular week 6: loading game player stats for FBS...
[CFBD] 2022 regular week 6: skipping possession metric derivation...
[game-player-stats] season 2022: ingesting regular source week 7...
[CFBD] 2022 regular week 7: loading games...
[CFBD] 2022 regular week 7: skipping betting lines...
[CFBD] 2022 regular week 7: skipping weather...
[CFBD] 2022 regular week 7: skipping advanced game stats...
[CFBD] 2022 regular week 7: skipping drives...
[CFBD] 2022 regular week 7: skipping plays...
[CFBD] 2022 regular week 7: loading game player stats...
[CFBD] 2022 regular week 7: targeting game player stat classifications: FBS...
[CFBD] 2022 regular week 7: loading game player stats for FBS...
[CFBD] 2022 regular week 7: skipping possession metric derivation...
[game-player-stats] season 2022: ingesting regular source week 8...
[CFBD] 2022 regular week 8: loading games...
[CFBD] 2022 regular week 8: skipping betting lines...
[CFBD] 2022 regular week 8: skipping weather...
[CFBD] 2022 regular week 8: skipping advanced game stats...
[CFBD] 2022 regular week 8: skipping drives...
[CFBD] 2022 regular week 8: skipping plays...
[CFBD] 2022 regular week 8: loading game player stats...
[CFBD] 2022 regular week 8: targeting game player stat classifications: FBS...
[CFBD] 2022 regular week 8: loading game player stats for FBS...
[CFBD] 2022 regular week 8: skipping possession metric derivation...
[game-player-stats] season 2022: ingesting regular source week 9...
[CFBD] 2022 regular week 9: loading games...
[CFBD] 2022 regular week 9: skipping betting lines...
[CFBD] 2022 regular week 9: skipping weather...
[CFBD] 2022 regular week 9: skipping advanced game stats...
[CFBD] 2022 regular week 9: skipping drives...
[CFBD] 2022 regular week 9: skipping plays...
[CFBD] 2022 regular week 9: loading game player stats...
[CFBD] 2022 regular week 9: targeting game player stat classifications: FBS...
[CFBD] 2022 regular week 9: loading game player stats for FBS...
[CFBD] 2022 regular week 9: skipping possession metric derivation...
[game-player-stats] season 2022: ingesting regular source week 10...
[CFBD] 2022 regular week 10: loading games...
[CFBD] 2022 regular week 10: skipping betting lines...
[CFBD] 2022 regular week 10: skipping weather...
[CFBD] 2022 regular week 10: skipping advanced game stats...
[CFBD] 2022 regular week 10: skipping drives...
[CFBD] 2022 regular week 10: skipping plays...
[CFBD] 2022 regular week 10: loading game player stats...
[CFBD] 2022 regular week 10: targeting game player stat classifications: FBS...
[CFBD] 2022 regular week 10: loading game player stats for FBS...
[CFBD] 2022 regular week 10: skipping possession metric derivation...
[game-player-stats] season 2022: ingesting regular source week 11...
[CFBD] 2022 regular week 11: loading games...
[CFBD] 2022 regular week 11: skipping betting lines...
[CFBD] 2022 regular week 11: skipping weather...
[CFBD] 2022 regular week 11: skipping advanced game stats...
[CFBD] 2022 regular week 11: skipping drives...
[CFBD] 2022 regular week 11: skipping plays...
[CFBD] 2022 regular week 11: loading game player stats...
[CFBD] 2022 regular week 11: targeting game player stat classifications: FBS...
[CFBD] 2022 regular week 11: loading game player stats for FBS...
[CFBD] 2022 regular week 11: skipping possession metric derivation...
[game-player-stats] season 2022: ingesting regular source week 12...
[CFBD] 2022 regular week 12: loading games...
[CFBD] 2022 regular week 12: skipping betting lines...
[CFBD] 2022 regular week 12: skipping weather...
[CFBD] 2022 regular week 12: skipping advanced game stats...
[CFBD] 2022 regular week 12: skipping drives...
[CFBD] 2022 regular week 12: skipping plays...
[CFBD] 2022 regular week 12: loading game player stats...
[CFBD] 2022 regular week 12: targeting game player stat classifications: FBS...
[CFBD] 2022 regular week 12: loading game player stats for FBS...
[CFBD] 2022 regular week 12: skipping possession metric derivation...
[game-player-stats] season 2022: ingesting regular source week 13...
[CFBD] 2022 regular week 13: loading games...
[CFBD] 2022 regular week 13: skipping betting lines...
[CFBD] 2022 regular week 13: skipping weather...
[CFBD] 2022 regular week 13: skipping advanced game stats...
[CFBD] 2022 regular week 13: skipping drives...
[CFBD] 2022 regular week 13: skipping plays...
[CFBD] 2022 regular week 13: loading game player stats...
[CFBD] 2022 regular week 13: targeting game player stat classifications: FBS...
[CFBD] 2022 regular week 13: loading game player stats for FBS...
[CFBD] 2022 regular week 13: skipping possession metric derivation...
[game-player-stats] season 2022: ingesting regular source week 14...
[CFBD] 2022 regular week 14: loading games...
[CFBD] 2022 regular week 14: skipping betting lines...
[CFBD] 2022 regular week 14: skipping weather...
[CFBD] 2022 regular week 14: skipping advanced game stats...
[CFBD] 2022 regular week 14: skipping drives...
[CFBD] 2022 regular week 14: skipping plays...
[CFBD] 2022 regular week 14: loading game player stats...
[CFBD] 2022 regular week 14: targeting game player stat classifications: FBS...
[CFBD] 2022 regular week 14: loading game player stats for FBS...
[CFBD] 2022 regular week 14: skipping possession metric derivation...
[game-player-stats] season 2022: ingesting regular source week 15...
[CFBD] 2022 regular week 15: loading games...
[CFBD] 2022 regular week 15: skipping betting lines...
[CFBD] 2022 regular week 15: skipping weather...
[CFBD] 2022 regular week 15: skipping advanced game stats...
[CFBD] 2022 regular week 15: skipping drives...
[CFBD] 2022 regular week 15: skipping plays...
[CFBD] 2022 regular week 15: loading game player stats...
[CFBD] 2022 regular week 15: targeting game player stat classifications: FBS...
[CFBD] 2022 regular week 15: loading game player stats for FBS...
[CFBD] 2022 regular week 15: skipping possession metric derivation...
[game-player-stats] season 2022: targeting 1 postseason source weeks with missing FBS player stats.
[game-player-stats] season 2022: ingesting postseason source week 1...
[CFBD] 2022 postseason week 1: loading games...
[CFBD] 2022 postseason week 1: skipping betting lines...
[CFBD] 2022 postseason week 1: skipping weather...
[CFBD] 2022 postseason week 1: skipping advanced game stats...
[CFBD] 2022 postseason week 1: skipping drives...
[CFBD] 2022 postseason week 1: skipping plays...
[CFBD] 2022 postseason week 1: loading game player stats...
[CFBD] 2022 postseason week 1: targeting game player stat classifications: FBS...
[CFBD] 2022 postseason week 1: loading game player stats for FBS...
[CFBD] 2022 postseason week 1: skipping possession metric derivation...
[game-player-stats] season 2023: targeting 15 regular source weeks with missing FBS player stats.
[game-player-stats] season 2023: ingesting regular source week 1...
[CFBD] 2023 regular week 1: loading games...
[CFBD] 2023 regular week 1: skipping betting lines...
[CFBD] 2023 regular week 1: skipping weather...
[CFBD] 2023 regular week 1: skipping advanced game stats...
[CFBD] 2023 regular week 1: skipping drives...
[CFBD] 2023 regular week 1: skipping plays...
[CFBD] 2023 regular week 1: loading game player stats...
[CFBD] 2023 regular week 1: targeting game player stat classifications: FBS...
[CFBD] 2023 regular week 1: loading game player stats for FBS...
[CFBD] 2023 regular week 1: skipping possession metric derivation...
[game-player-stats] season 2023: ingesting regular source week 2...
[CFBD] 2023 regular week 2: loading games...
[CFBD] 2023 regular week 2: skipping betting lines...
[CFBD] 2023 regular week 2: skipping weather...
[CFBD] 2023 regular week 2: skipping advanced game stats...
[CFBD] 2023 regular week 2: skipping drives...
[CFBD] 2023 regular week 2: skipping plays...
[CFBD] 2023 regular week 2: loading game player stats...
[CFBD] 2023 regular week 2: targeting game player stat classifications: FBS...
[CFBD] 2023 regular week 2: loading game player stats for FBS...
[CFBD] 2023 regular week 2: skipping possession metric derivation...
[game-player-stats] season 2023: ingesting regular source week 3...
[CFBD] 2023 regular week 3: loading games...
[CFBD] 2023 regular week 3: skipping betting lines...
[CFBD] 2023 regular week 3: skipping weather...
[CFBD] 2023 regular week 3: skipping advanced game stats...
[CFBD] 2023 regular week 3: skipping drives...
[CFBD] 2023 regular week 3: skipping plays...
[CFBD] 2023 regular week 3: loading game player stats...
[CFBD] 2023 regular week 3: targeting game player stat classifications: FBS...
[CFBD] 2023 regular week 3: loading game player stats for FBS...
[CFBD] 2023 regular week 3: skipping possession metric derivation...
[game-player-stats] season 2023: ingesting regular source week 4...
[CFBD] 2023 regular week 4: loading games...
[CFBD] 2023 regular week 4: skipping betting lines...
[CFBD] 2023 regular week 4: skipping weather...
[CFBD] 2023 regular week 4: skipping advanced game stats...
[CFBD] 2023 regular week 4: skipping drives...
[CFBD] 2023 regular week 4: skipping plays...
[CFBD] 2023 regular week 4: loading game player stats...
[CFBD] 2023 regular week 4: targeting game player stat classifications: FBS...
[CFBD] 2023 regular week 4: loading game player stats for FBS...
[CFBD] 2023 regular week 4: skipping possession metric derivation...
[game-player-stats] season 2023: ingesting regular source week 5...
[CFBD] 2023 regular week 5: loading games...
[CFBD] 2023 regular week 5: skipping betting lines...
[CFBD] 2023 regular week 5: skipping weather...
[CFBD] 2023 regular week 5: skipping advanced game stats...
[CFBD] 2023 regular week 5: skipping drives...
[CFBD] 2023 regular week 5: skipping plays...
[CFBD] 2023 regular week 5: loading game player stats...
[CFBD] 2023 regular week 5: targeting game player stat classifications: FBS...
[CFBD] 2023 regular week 5: loading game player stats for FBS...
[CFBD] 2023 regular week 5: skipping possession metric derivation...
[game-player-stats] season 2023: ingesting regular source week 6...
[CFBD] 2023 regular week 6: loading games...
[CFBD] 2023 regular week 6: skipping betting lines...
[CFBD] 2023 regular week 6: skipping weather...
[CFBD] 2023 regular week 6: skipping advanced game stats...
[CFBD] 2023 regular week 6: skipping drives...
[CFBD] 2023 regular week 6: skipping plays...
[CFBD] 2023 regular week 6: loading game player stats...
[CFBD] 2023 regular week 6: targeting game player stat classifications: FBS...
[CFBD] 2023 regular week 6: loading game player stats for FBS...
[CFBD] 2023 regular week 6: skipping possession metric derivation...
[game-player-stats] season 2023: ingesting regular source week 7...
[CFBD] 2023 regular week 7: loading games...
[CFBD] 2023 regular week 7: skipping betting lines...
[CFBD] 2023 regular week 7: skipping weather...
[CFBD] 2023 regular week 7: skipping advanced game stats...
[CFBD] 2023 regular week 7: skipping drives...
[CFBD] 2023 regular week 7: skipping plays...
[CFBD] 2023 regular week 7: loading game player stats...
[CFBD] 2023 regular week 7: targeting game player stat classifications: FBS...
[CFBD] 2023 regular week 7: loading game player stats for FBS...
[CFBD] 2023 regular week 7: skipping possession metric derivation...
[game-player-stats] season 2023: ingesting regular source week 8...
[CFBD] 2023 regular week 8: loading games...
[CFBD] 2023 regular week 8: skipping betting lines...
[CFBD] 2023 regular week 8: skipping weather...
[CFBD] 2023 regular week 8: skipping advanced game stats...
[CFBD] 2023 regular week 8: skipping drives...
[CFBD] 2023 regular week 8: skipping plays...
[CFBD] 2023 regular week 8: loading game player stats...
[CFBD] 2023 regular week 8: targeting game player stat classifications: FBS...
[CFBD] 2023 regular week 8: loading game player stats for FBS...
[CFBD] 2023 regular week 8: skipping possession metric derivation...
[game-player-stats] season 2023: ingesting regular source week 9...
[CFBD] 2023 regular week 9: loading games...
[CFBD] 2023 regular week 9: skipping betting lines...
[CFBD] 2023 regular week 9: skipping weather...
[CFBD] 2023 regular week 9: skipping advanced game stats...
[CFBD] 2023 regular week 9: skipping drives...
[CFBD] 2023 regular week 9: skipping plays...
[CFBD] 2023 regular week 9: loading game player stats...
[CFBD] 2023 regular week 9: targeting game player stat classifications: FBS...
[CFBD] 2023 regular week 9: loading game player stats for FBS...
[CFBD] 2023 regular week 9: skipping possession metric derivation...
[game-player-stats] season 2023: ingesting regular source week 10...
[CFBD] 2023 regular week 10: loading games...
[CFBD] 2023 regular week 10: skipping betting lines...
[CFBD] 2023 regular week 10: skipping weather...
[CFBD] 2023 regular week 10: skipping advanced game stats...
[CFBD] 2023 regular week 10: skipping drives...
[CFBD] 2023 regular week 10: skipping plays...
[CFBD] 2023 regular week 10: loading game player stats...
[CFBD] 2023 regular week 10: targeting game player stat classifications: FBS...
[CFBD] 2023 regular week 10: loading game player stats for FBS...
[CFBD] 2023 regular week 10: skipping possession metric derivation...
[game-player-stats] season 2023: ingesting regular source week 11...
[CFBD] 2023 regular week 11: loading games...
[CFBD] 2023 regular week 11: skipping betting lines...
[CFBD] 2023 regular week 11: skipping weather...
[CFBD] 2023 regular week 11: skipping advanced game stats...
[CFBD] 2023 regular week 11: skipping drives...
[CFBD] 2023 regular week 11: skipping plays...
[CFBD] 2023 regular week 11: loading game player stats...
[CFBD] 2023 regular week 11: targeting game player stat classifications: FBS...
[CFBD] 2023 regular week 11: loading game player stats for FBS...
[CFBD] 2023 regular week 11: skipping possession metric derivation...
[game-player-stats] season 2023: ingesting regular source week 12...
[CFBD] 2023 regular week 12: loading games...
[CFBD] 2023 regular week 12: skipping betting lines...
[CFBD] 2023 regular week 12: skipping weather...
[CFBD] 2023 regular week 12: skipping advanced game stats...
[CFBD] 2023 regular week 12: skipping drives...
[CFBD] 2023 regular week 12: skipping plays...
[CFBD] 2023 regular week 12: loading game player stats...
[CFBD] 2023 regular week 12: targeting game player stat classifications: FBS...
[CFBD] 2023 regular week 12: loading game player stats for FBS...
[CFBD] 2023 regular week 12: skipping possession metric derivation...
[game-player-stats] season 2023: ingesting regular source week 13...
[CFBD] 2023 regular week 13: loading games...
[CFBD] 2023 regular week 13: skipping betting lines...
[CFBD] 2023 regular week 13: skipping weather...
[CFBD] 2023 regular week 13: skipping advanced game stats...
[CFBD] 2023 regular week 13: skipping drives...
[CFBD] 2023 regular week 13: skipping plays...
[CFBD] 2023 regular week 13: loading game player stats...
[CFBD] 2023 regular week 13: targeting game player stat classifications: FBS...
[CFBD] 2023 regular week 13: loading game player stats for FBS...
[CFBD] 2023 regular week 13: skipping possession metric derivation...
[game-player-stats] season 2023: ingesting regular source week 14...
[CFBD] 2023 regular week 14: loading games...
[CFBD] 2023 regular week 14: skipping betting lines...
[CFBD] 2023 regular week 14: skipping weather...
[CFBD] 2023 regular week 14: skipping advanced game stats...
[CFBD] 2023 regular week 14: skipping drives...
[CFBD] 2023 regular week 14: skipping plays...
[CFBD] 2023 regular week 14: loading game player stats...
[CFBD] 2023 regular week 14: targeting game player stat classifications: FBS...
[CFBD] 2023 regular week 14: loading game player stats for FBS...
[CFBD] 2023 regular week 14: skipping possession metric derivation...
[game-player-stats] season 2023: ingesting regular source week 15...
[CFBD] 2023 regular week 15: loading games...
[CFBD] 2023 regular week 15: skipping betting lines...
[CFBD] 2023 regular week 15: skipping weather...
[CFBD] 2023 regular week 15: skipping advanced game stats...
[CFBD] 2023 regular week 15: skipping drives...
[CFBD] 2023 regular week 15: skipping plays...
[CFBD] 2023 regular week 15: loading game player stats...
[CFBD] 2023 regular week 15: targeting game player stat classifications: FBS...
[CFBD] 2023 regular week 15: loading game player stats for FBS...
[CFBD] 2023 regular week 15: skipping possession metric derivation...
[game-player-stats] season 2023: targeting 1 postseason source weeks with missing FBS player stats.
[game-player-stats] season 2023: ingesting postseason source week 1...
[CFBD] 2023 postseason week 1: loading games...
[CFBD] 2023 postseason week 1: skipping betting lines...
[CFBD] 2023 postseason week 1: skipping weather...
[CFBD] 2023 postseason week 1: skipping advanced game stats...
[CFBD] 2023 postseason week 1: skipping drives...
[CFBD] 2023 postseason week 1: skipping plays...
[CFBD] 2023 postseason week 1: loading game player stats...
[CFBD] 2023 postseason week 1: targeting game player stat classifications: FBS...
[CFBD] 2023 postseason week 1: loading game player stats for FBS...
[CFBD] 2023 postseason week 1: skipping possession metric derivation...
[game-player-stats] season 2024: targeting 16 regular source weeks with missing FBS player stats.
[game-player-stats] season 2024: ingesting regular source week 1...
[CFBD] 2024 regular week 1: loading games...
[CFBD] 2024 regular week 1: skipping betting lines...
[CFBD] 2024 regular week 1: skipping weather...
[CFBD] 2024 regular week 1: skipping advanced game stats...
[CFBD] 2024 regular week 1: skipping drives...
[CFBD] 2024 regular week 1: skipping plays...
[CFBD] 2024 regular week 1: loading game player stats...
[CFBD] 2024 regular week 1: targeting game player stat classifications: FBS...
[CFBD] 2024 regular week 1: loading game player stats for FBS...
[CFBD] 2024 regular week 1: skipping possession metric derivation...
[game-player-stats] season 2024: ingesting regular source week 2...
[CFBD] 2024 regular week 2: loading games...
[CFBD] 2024 regular week 2: skipping betting lines...
[CFBD] 2024 regular week 2: skipping weather...
[CFBD] 2024 regular week 2: skipping advanced game stats...
[CFBD] 2024 regular week 2: skipping drives...
[CFBD] 2024 regular week 2: skipping plays...
[CFBD] 2024 regular week 2: loading game player stats...
[CFBD] 2024 regular week 2: targeting game player stat classifications: FBS...
[CFBD] 2024 regular week 2: loading game player stats for FBS...
[CFBD] 2024 regular week 2: skipping possession metric derivation...
[game-player-stats] season 2024: ingesting regular source week 3...
[CFBD] 2024 regular week 3: loading games...
[CFBD] 2024 regular week 3: skipping betting lines...
[CFBD] 2024 regular week 3: skipping weather...
[CFBD] 2024 regular week 3: skipping advanced game stats...
[CFBD] 2024 regular week 3: skipping drives...
[CFBD] 2024 regular week 3: skipping plays...
[CFBD] 2024 regular week 3: loading game player stats...
[CFBD] 2024 regular week 3: targeting game player stat classifications: FBS...
[CFBD] 2024 regular week 3: loading game player stats for FBS...
[CFBD] 2024 regular week 3: skipping possession metric derivation...
[game-player-stats] season 2024: ingesting regular source week 4...
[CFBD] 2024 regular week 4: loading games...
[CFBD] 2024 regular week 4: skipping betting lines...
[CFBD] 2024 regular week 4: skipping weather...
[CFBD] 2024 regular week 4: skipping advanced game stats...
[CFBD] 2024 regular week 4: skipping drives...
[CFBD] 2024 regular week 4: skipping plays...
[CFBD] 2024 regular week 4: loading game player stats...
[CFBD] 2024 regular week 4: targeting game player stat classifications: FBS...
[CFBD] 2024 regular week 4: loading game player stats for FBS...
[CFBD] 2024 regular week 4: skipping possession metric derivation...
[game-player-stats] season 2024: ingesting regular source week 5...
[CFBD] 2024 regular week 5: loading games...
[CFBD] 2024 regular week 5: skipping betting lines...
[CFBD] 2024 regular week 5: skipping weather...
[CFBD] 2024 regular week 5: skipping advanced game stats...
[CFBD] 2024 regular week 5: skipping drives...
[CFBD] 2024 regular week 5: skipping plays...
[CFBD] 2024 regular week 5: loading game player stats...
[CFBD] 2024 regular week 5: targeting game player stat classifications: FBS...
[CFBD] 2024 regular week 5: loading game player stats for FBS...
[CFBD] 2024 regular week 5: skipping possession metric derivation...
[game-player-stats] season 2024: ingesting regular source week 6...
[CFBD] 2024 regular week 6: loading games...
[CFBD] 2024 regular week 6: skipping betting lines...
[CFBD] 2024 regular week 6: skipping weather...
[CFBD] 2024 regular week 6: skipping advanced game stats...
[CFBD] 2024 regular week 6: skipping drives...
[CFBD] 2024 regular week 6: skipping plays...
[CFBD] 2024 regular week 6: loading game player stats...
[CFBD] 2024 regular week 6: targeting game player stat classifications: FBS...
[CFBD] 2024 regular week 6: loading game player stats for FBS...
[CFBD] 2024 regular week 6: skipping possession metric derivation...
[game-player-stats] season 2024: ingesting regular source week 7...
[CFBD] 2024 regular week 7: loading games...
[CFBD] 2024 regular week 7: skipping betting lines...
[CFBD] 2024 regular week 7: skipping weather...
[CFBD] 2024 regular week 7: skipping advanced game stats...
[CFBD] 2024 regular week 7: skipping drives...
[CFBD] 2024 regular week 7: skipping plays...
[CFBD] 2024 regular week 7: loading game player stats...
[CFBD] 2024 regular week 7: targeting game player stat classifications: FBS...
[CFBD] 2024 regular week 7: loading game player stats for FBS...
[CFBD] 2024 regular week 7: skipping possession metric derivation...
[game-player-stats] season 2024: ingesting regular source week 8...
[CFBD] 2024 regular week 8: loading games...
[CFBD] 2024 regular week 8: skipping betting lines...
[CFBD] 2024 regular week 8: skipping weather...
[CFBD] 2024 regular week 8: skipping advanced game stats...
[CFBD] 2024 regular week 8: skipping drives...
[CFBD] 2024 regular week 8: skipping plays...
[CFBD] 2024 regular week 8: loading game player stats...
[CFBD] 2024 regular week 8: targeting game player stat classifications: FBS...
[CFBD] 2024 regular week 8: loading game player stats for FBS...
[CFBD] 2024 regular week 8: skipping possession metric derivation...
[game-player-stats] season 2024: ingesting regular source week 9...
[CFBD] 2024 regular week 9: loading games...
[CFBD] 2024 regular week 9: skipping betting lines...
[CFBD] 2024 regular week 9: skipping weather...
[CFBD] 2024 regular week 9: skipping advanced game stats...
[CFBD] 2024 regular week 9: skipping drives...
[CFBD] 2024 regular week 9: skipping plays...
[CFBD] 2024 regular week 9: loading game player stats...
[CFBD] 2024 regular week 9: targeting game player stat classifications: FBS...
[CFBD] 2024 regular week 9: loading game player stats for FBS...
[CFBD] 2024 regular week 9: skipping possession metric derivation...
[game-player-stats] season 2024: ingesting regular source week 10...
[CFBD] 2024 regular week 10: loading games...
[CFBD] 2024 regular week 10: skipping betting lines...
[CFBD] 2024 regular week 10: skipping weather...
[CFBD] 2024 regular week 10: skipping advanced game stats...
[CFBD] 2024 regular week 10: skipping drives...
[CFBD] 2024 regular week 10: skipping plays...
[CFBD] 2024 regular week 10: loading game player stats...
[CFBD] 2024 regular week 10: targeting game player stat classifications: FBS...
[CFBD] 2024 regular week 10: loading game player stats for FBS...
[CFBD] 2024 regular week 10: skipping possession metric derivation...
[game-player-stats] season 2024: ingesting regular source week 11...
[CFBD] 2024 regular week 11: loading games...
[CFBD] 2024 regular week 11: skipping betting lines...
[CFBD] 2024 regular week 11: skipping weather...
[CFBD] 2024 regular week 11: skipping advanced game stats...
[CFBD] 2024 regular week 11: skipping drives...
[CFBD] 2024 regular week 11: skipping plays...
[CFBD] 2024 regular week 11: loading game player stats...
[CFBD] 2024 regular week 11: targeting game player stat classifications: FBS...
[CFBD] 2024 regular week 11: loading game player stats for FBS...
[CFBD] 2024 regular week 11: skipping possession metric derivation...
[game-player-stats] season 2024: ingesting regular source week 12...
[CFBD] 2024 regular week 12: loading games...
[CFBD] 2024 regular week 12: skipping betting lines...
[CFBD] 2024 regular week 12: skipping weather...
[CFBD] 2024 regular week 12: skipping advanced game stats...
[CFBD] 2024 regular week 12: skipping drives...
[CFBD] 2024 regular week 12: skipping plays...
[CFBD] 2024 regular week 12: loading game player stats...
[CFBD] 2024 regular week 12: targeting game player stat classifications: FBS...
[CFBD] 2024 regular week 12: loading game player stats for FBS...
[CFBD] 2024 regular week 12: skipping possession metric derivation...
[game-player-stats] season 2024: ingesting regular source week 13...
[CFBD] 2024 regular week 13: loading games...
[CFBD] 2024 regular week 13: skipping betting lines...
[CFBD] 2024 regular week 13: skipping weather...
[CFBD] 2024 regular week 13: skipping advanced game stats...
[CFBD] 2024 regular week 13: skipping drives...
[CFBD] 2024 regular week 13: skipping plays...
[CFBD] 2024 regular week 13: loading game player stats...
[CFBD] 2024 regular week 13: targeting game player stat classifications: FBS...
[CFBD] 2024 regular week 13: loading game player stats for FBS...
[CFBD] 2024 regular week 13: skipping possession metric derivation...
[game-player-stats] season 2024: ingesting regular source week 14...
[CFBD] 2024 regular week 14: loading games...
[CFBD] 2024 regular week 14: skipping betting lines...
[CFBD] 2024 regular week 14: skipping weather...
[CFBD] 2024 regular week 14: skipping advanced game stats...
[CFBD] 2024 regular week 14: skipping drives...
[CFBD] 2024 regular week 14: skipping plays...
[CFBD] 2024 regular week 14: loading game player stats...
[CFBD] 2024 regular week 14: targeting game player stat classifications: FBS...
[CFBD] 2024 regular week 14: loading game player stats for FBS...
[CFBD] 2024 regular week 14: skipping possession metric derivation...
[game-player-stats] season 2024: ingesting regular source week 15...
[CFBD] 2024 regular week 15: loading games...
[CFBD] 2024 regular week 15: skipping betting lines...
[CFBD] 2024 regular week 15: skipping weather...
[CFBD] 2024 regular week 15: skipping advanced game stats...
[CFBD] 2024 regular week 15: skipping drives...
[CFBD] 2024 regular week 15: skipping plays...
[CFBD] 2024 regular week 15: loading game player stats...
[CFBD] 2024 regular week 15: targeting game player stat classifications: FBS...
[CFBD] 2024 regular week 15: loading game player stats for FBS...
[CFBD] 2024 regular week 15: skipping possession metric derivation...
[game-player-stats] season 2024: ingesting regular source week 16...
[CFBD] 2024 regular week 16: loading games...
[CFBD] 2024 regular week 16: skipping betting lines...
[CFBD] 2024 regular week 16: skipping weather...
[CFBD] 2024 regular week 16: skipping advanced game stats...
[CFBD] 2024 regular week 16: skipping drives...
[CFBD] 2024 regular week 16: skipping plays...
[CFBD] 2024 regular week 16: loading game player stats...
[CFBD] 2024 regular week 16: targeting game player stat classifications: FBS...
[CFBD] 2024 regular week 16: loading game player stats for FBS...
[CFBD] 2024 regular week 16: skipping possession metric derivation...
[game-player-stats] season 2024: targeting 1 postseason source weeks with missing FBS player stats.
[game-player-stats] season 2024: ingesting postseason source week 1...
[CFBD] 2024 postseason week 1: loading games...
[CFBD] 2024 postseason week 1: skipping betting lines...
[CFBD] 2024 postseason week 1: skipping weather...
[CFBD] 2024 postseason week 1: skipping advanced game stats...
[CFBD] 2024 postseason week 1: skipping drives...
[CFBD] 2024 postseason week 1: skipping plays...
[CFBD] 2024 postseason week 1: loading game player stats...
[CFBD] 2024 postseason week 1: targeting game player stat classifications: FBS...
[CFBD] 2024 postseason week 1: loading game player stats for FBS...
[CFBD] 2024 postseason week 1: skipping possession metric derivation...
[game-player-stats] season 2025: targeting 15 regular source weeks with missing FBS player stats.
[game-player-stats] season 2025: ingesting regular source week 2...
[CFBD] 2025 regular week 2: loading games...
[CFBD] 2025 regular week 2: skipping betting lines...
[CFBD] 2025 regular week 2: skipping weather...
[CFBD] 2025 regular week 2: skipping advanced game stats...
[CFBD] 2025 regular week 2: skipping drives...
[CFBD] 2025 regular week 2: skipping plays...
[CFBD] 2025 regular week 2: loading game player stats...
[CFBD] 2025 regular week 2: targeting game player stat classifications: FBS...
[CFBD] 2025 regular week 2: loading game player stats for FBS...
[CFBD] 2025 regular week 2: skipping possession metric derivation...
[game-player-stats] season 2025: ingesting regular source week 3...
[CFBD] 2025 regular week 3: loading games...
[CFBD] 2025 regular week 3: skipping betting lines...
[CFBD] 2025 regular week 3: skipping weather...
[CFBD] 2025 regular week 3: skipping advanced game stats...
[CFBD] 2025 regular week 3: skipping drives...
[CFBD] 2025 regular week 3: skipping plays...
[CFBD] 2025 regular week 3: loading game player stats...
[CFBD] 2025 regular week 3: targeting game player stat classifications: FBS...
[CFBD] 2025 regular week 3: loading game player stats for FBS...
[CFBD] 2025 regular week 3: skipping possession metric derivation...
[game-player-stats] season 2025: ingesting regular source week 4...
[CFBD] 2025 regular week 4: loading games...
[CFBD] 2025 regular week 4: skipping betting lines...
[CFBD] 2025 regular week 4: skipping weather...
[CFBD] 2025 regular week 4: skipping advanced game stats...
[CFBD] 2025 regular week 4: skipping drives...
[CFBD] 2025 regular week 4: skipping plays...
[CFBD] 2025 regular week 4: loading game player stats...
[CFBD] 2025 regular week 4: targeting game player stat classifications: FBS...
[CFBD] 2025 regular week 4: loading game player stats for FBS...
[CFBD] 2025 regular week 4: skipping possession metric derivation...
[game-player-stats] season 2025: ingesting regular source week 5...
[CFBD] 2025 regular week 5: loading games...
[CFBD] 2025 regular week 5: skipping betting lines...
[CFBD] 2025 regular week 5: skipping weather...
[CFBD] 2025 regular week 5: skipping advanced game stats...
[CFBD] 2025 regular week 5: skipping drives...
[CFBD] 2025 regular week 5: skipping plays...
[CFBD] 2025 regular week 5: loading game player stats...
[CFBD] 2025 regular week 5: targeting game player stat classifications: FBS...
[CFBD] 2025 regular week 5: loading game player stats for FBS...
[CFBD] 2025 regular week 5: skipping possession metric derivation...
[game-player-stats] season 2025: ingesting regular source week 6...
[CFBD] 2025 regular week 6: loading games...
[CFBD] 2025 regular week 6: skipping betting lines...
[CFBD] 2025 regular week 6: skipping weather...
[CFBD] 2025 regular week 6: skipping advanced game stats...
[CFBD] 2025 regular week 6: skipping drives...
[CFBD] 2025 regular week 6: skipping plays...
[CFBD] 2025 regular week 6: loading game player stats...
[CFBD] 2025 regular week 6: targeting game player stat classifications: FBS...
[CFBD] 2025 regular week 6: loading game player stats for FBS...
[CFBD] 2025 regular week 6: skipping possession metric derivation...
[game-player-stats] season 2025: ingesting regular source week 7...
[CFBD] 2025 regular week 7: loading games...
[CFBD] 2025 regular week 7: skipping betting lines...
[CFBD] 2025 regular week 7: skipping weather...
[CFBD] 2025 regular week 7: skipping advanced game stats...
[CFBD] 2025 regular week 7: skipping drives...
[CFBD] 2025 regular week 7: skipping plays...
[CFBD] 2025 regular week 7: loading game player stats...
[CFBD] 2025 regular week 7: targeting game player stat classifications: FBS...
[CFBD] 2025 regular week 7: loading game player stats for FBS...
[CFBD] 2025 regular week 7: skipping possession metric derivation...
[game-player-stats] season 2025: ingesting regular source week 8...
[CFBD] 2025 regular week 8: loading games...
[CFBD] 2025 regular week 8: skipping betting lines...
[CFBD] 2025 regular week 8: skipping weather...
[CFBD] 2025 regular week 8: skipping advanced game stats...
[CFBD] 2025 regular week 8: skipping drives...
[CFBD] 2025 regular week 8: skipping plays...
[CFBD] 2025 regular week 8: loading game player stats...
[CFBD] 2025 regular week 8: targeting game player stat classifications: FBS...
[CFBD] 2025 regular week 8: loading game player stats for FBS...
[CFBD] 2025 regular week 8: skipping possession metric derivation...
[game-player-stats] season 2025: ingesting regular source week 9...
[CFBD] 2025 regular week 9: loading games...
[CFBD] 2025 regular week 9: skipping betting lines...
[CFBD] 2025 regular week 9: skipping weather...
[CFBD] 2025 regular week 9: skipping advanced game stats...
[CFBD] 2025 regular week 9: skipping drives...
[CFBD] 2025 regular week 9: skipping plays...
[CFBD] 2025 regular week 9: loading game player stats...
[CFBD] 2025 regular week 9: targeting game player stat classifications: FBS...
[CFBD] 2025 regular week 9: loading game player stats for FBS...
[CFBD] 2025 regular week 9: skipping possession metric derivation...
[game-player-stats] season 2025: ingesting regular source week 10...
[CFBD] 2025 regular week 10: loading games...
[CFBD] 2025 regular week 10: skipping betting lines...
[CFBD] 2025 regular week 10: skipping weather...
[CFBD] 2025 regular week 10: skipping advanced game stats...
[CFBD] 2025 regular week 10: skipping drives...
[CFBD] 2025 regular week 10: skipping plays...
[CFBD] 2025 regular week 10: loading game player stats...
[CFBD] 2025 regular week 10: targeting game player stat classifications: FBS...
[CFBD] 2025 regular week 10: loading game player stats for FBS...
[CFBD] 2025 regular week 10: skipping possession metric derivation...
[game-player-stats] season 2025: ingesting regular source week 11...
[CFBD] 2025 regular week 11: loading games...
[CFBD] 2025 regular week 11: skipping betting lines...
[CFBD] 2025 regular week 11: skipping weather...
[CFBD] 2025 regular week 11: skipping advanced game stats...
[CFBD] 2025 regular week 11: skipping drives...
[CFBD] 2025 regular week 11: skipping plays...
[CFBD] 2025 regular week 11: loading game player stats...
[CFBD] 2025 regular week 11: targeting game player stat classifications: FBS...
[CFBD] 2025 regular week 11: loading game player stats for FBS...
[CFBD] 2025 regular week 11: skipping possession metric derivation...
[game-player-stats] season 2025: ingesting regular source week 12...
[CFBD] 2025 regular week 12: loading games...
[CFBD] 2025 regular week 12: skipping betting lines...
[CFBD] 2025 regular week 12: skipping weather...
[CFBD] 2025 regular week 12: skipping advanced game stats...
[CFBD] 2025 regular week 12: skipping drives...
[CFBD] 2025 regular week 12: skipping plays...
[CFBD] 2025 regular week 12: loading game player stats...
[CFBD] 2025 regular week 12: targeting game player stat classifications: FBS...
[CFBD] 2025 regular week 12: loading game player stats for FBS...
[CFBD] 2025 regular week 12: skipping possession metric derivation...
[game-player-stats] season 2025: ingesting regular source week 13...
[CFBD] 2025 regular week 13: loading games...
[CFBD] 2025 regular week 13: skipping betting lines...
[CFBD] 2025 regular week 13: skipping weather...
[CFBD] 2025 regular week 13: skipping advanced game stats...
[CFBD] 2025 regular week 13: skipping drives...
[CFBD] 2025 regular week 13: skipping plays...
[CFBD] 2025 regular week 13: loading game player stats...
[CFBD] 2025 regular week 13: targeting game player stat classifications: FBS...
[CFBD] 2025 regular week 13: loading game player stats for FBS...
[CFBD] 2025 regular week 13: skipping possession metric derivation...
[game-player-stats] season 2025: ingesting regular source week 14...
[CFBD] 2025 regular week 14: loading games...
[CFBD] 2025 regular week 14: skipping betting lines...
[CFBD] 2025 regular week 14: skipping weather...
[CFBD] 2025 regular week 14: skipping advanced game stats...
[CFBD] 2025 regular week 14: skipping drives...
[CFBD] 2025 regular week 14: skipping plays...
[CFBD] 2025 regular week 14: loading game player stats...
[CFBD] 2025 regular week 14: targeting game player stat classifications: FBS...
[CFBD] 2025 regular week 14: loading game player stats for FBS...
[CFBD] 2025 regular week 14: skipping possession metric derivation...
[game-player-stats] season 2025: ingesting regular source week 15...
[CFBD] 2025 regular week 15: loading games...
[CFBD] 2025 regular week 15: skipping betting lines...
[CFBD] 2025 regular week 15: skipping weather...
[CFBD] 2025 regular week 15: skipping advanced game stats...
[CFBD] 2025 regular week 15: skipping drives...
[CFBD] 2025 regular week 15: skipping plays...
[CFBD] 2025 regular week 15: loading game player stats...
[CFBD] 2025 regular week 15: targeting game player stat classifications: FBS...
[CFBD] 2025 regular week 15: loading game player stats for FBS...
[CFBD] 2025 regular week 15: skipping possession metric derivation...
[game-player-stats] season 2025: ingesting regular source week 16...
[CFBD] 2025 regular week 16: loading games...
[CFBD] 2025 regular week 16: skipping betting lines...
[CFBD] 2025 regular week 16: skipping weather...
[CFBD] 2025 regular week 16: skipping advanced game stats...
[CFBD] 2025 regular week 16: skipping drives...
[CFBD] 2025 regular week 16: skipping plays...
[CFBD] 2025 regular week 16: loading game player stats...
[CFBD] 2025 regular week 16: targeting game player stat classifications: FBS...
[CFBD] 2025 regular week 16: loading game player stats for FBS...
[CFBD] 2025 regular week 16: skipping possession metric derivation...
[game-player-stats] season 2025: targeting 1 postseason source weeks with missing FBS player stats.
[game-player-stats] season 2025: ingesting postseason source week 1...
[CFBD] 2025 postseason week 1: loading games...
[CFBD] 2025 postseason week 1: skipping betting lines...
[CFBD] 2025 postseason week 1: skipping weather...
[CFBD] 2025 postseason week 1: skipping advanced game stats...
[CFBD] 2025 postseason week 1: skipping drives...
[CFBD] 2025 postseason week 1: skipping plays...
[CFBD] 2025 postseason week 1: loading game player stats...
[CFBD] 2025 postseason week 1: targeting game player stat classifications: FBS...
[CFBD] 2025 postseason week 1: loading game player stats for FBS...
[CFBD] 2025 postseason week 1: skipping possession metric derivation...
[game-player-stats] season 2026: no regular weeks with missing FBS player stats detected locally.
[game-player-stats] season 2026: no postseason weeks with missing FBS player stats detected locally.
