2026-04-24 03:43:15,264 WARNING cfb_rankings.ingest.sources.base: http_get failed (attempt 1/3) for https://public.api.bsky.app/xrpc/app.bsky.feed.getAuthorFeed?actor=%40botc.bsky.social&limit=100: HTTP Error 400: Bad Request
2026-04-24 03:43:17,336 WARNING cfb_rankings.ingest.sources.base: http_get failed (attempt 2/3) for https://public.api.bsky.app/xrpc/app.bsky.feed.getAuthorFeed?actor=%40botc.bsky.social&limit=100: HTTP Error 400: Bad Request
2026-04-24 03:43:21,423 WARNING cfb_rankings.ingest.sources.base: http_get failed (attempt 3/3) for https://public.api.bsky.app/xrpc/app.bsky.feed.getAuthorFeed?actor=%40botc.bsky.social&limit=100: HTTP Error 400: Bad Request
2026-04-24 03:43:21,423 WARNING cfb_rankings.ingest.sources.bluesky: bluesky_curated getAuthorFeed failed for @botc.bsky.social: HTTP Error 400: Bad Request
2026-04-24 03:43:21,519 WARNING cfb_rankings.ingest.sources.base: http_get failed (attempt 1/3) for https://public.api.bsky.app/xrpc/app.bsky.feed.getAuthorFeed?actor=%40jonfmorse.com&limit=100: HTTP Error 400: Bad Request
2026-04-24 03:43:23,579 WARNING cfb_rankings.ingest.sources.base: http_get failed (attempt 2/3) for https://public.api.bsky.app/xrpc/app.bsky.feed.getAuthorFeed?actor=%40jonfmorse.com&limit=100: HTTP Error 400: Bad Request
2026-04-24 03:43:27,681 WARNING cfb_rankings.ingest.sources.base: http_get failed (attempt 3/3) for https://public.api.bsky.app/xrpc/app.bsky.feed.getAuthorFeed?actor=%40jonfmorse.com&limit=100: HTTP Error 400: Bad Request
2026-04-24 03:43:27,681 WARNING cfb_rankings.ingest.sources.bluesky: bluesky_curated getAuthorFeed failed for @jonfmorse.com: HTTP Error 400: Bad Request
2026-04-24 03:43:27,750 WARNING cfb_rankings.ingest.sources.base: http_get failed (attempt 1/3) for https://public.api.bsky.app/xrpc/app.bsky.feed.getAuthorFeed?actor=%40bymikewilson.bsky.social&limit=100: HTTP Error 400: Bad Request
2026-04-24 03:43:29,812 WARNING cfb_rankings.ingest.sources.base: http_get failed (attempt 2/3) for https://public.api.bsky.app/xrpc/app.bsky.feed.getAuthorFeed?actor=%40bymikewilson.bsky.social&limit=100: HTTP Error 400: Bad Request
2026-04-24 03:43:33,899 WARNING cfb_rankings.ingest.sources.base: http_get failed (attempt 3/3) for https://public.api.bsky.app/xrpc/app.bsky.feed.getAuthorFeed?actor=%40bymikewilson.bsky.social&limit=100: HTTP Error 400: Bad Request
2026-04-24 03:43:33,899 WARNING cfb_rankings.ingest.sources.bluesky: bluesky_curated getAuthorFeed failed for @bymikewilson.bsky.social: HTTP Error 400: Bad Request
2026-04-24 03:43:33,989 WARNING cfb_rankings.ingest.sources.base: http_get failed (attempt 1/3) for https://public.api.bsky.app/xrpc/app.bsky.feed.getAuthorFeed?actor=%40tennesseerivals.bsky.social&limit=100: HTTP Error 400: Bad Request
2026-04-24 03:43:36,059 WARNING cfb_rankings.ingest.sources.base: http_get failed (attempt 2/3) for https://public.api.bsky.app/xrpc/app.bsky.feed.getAuthorFeed?actor=%40tennesseerivals.bsky.social&limit=100: HTTP Error 400: Bad Request
2026-04-24 03:43:40,130 WARNING cfb_rankings.ingest.sources.base: http_get failed (attempt 3/3) for https://public.api.bsky.app/xrpc/app.bsky.feed.getAuthorFeed?actor=%40tennesseerivals.bsky.social&limit=100: HTTP Error 400: Bad Request
2026-04-24 03:43:40,130 WARNING cfb_rankings.ingest.sources.bluesky: bluesky_curated getAuthorFeed failed for @tennesseerivals.bsky.social: HTTP Error 400: Bad Request
2026-04-24 03:43:40,249 WARNING cfb_rankings.ingest.sources.base: http_get failed (attempt 1/3) for https://public.api.bsky.app/xrpc/app.bsky.feed.getAuthorFeed?actor=%40joeyrkaufman.bsky.social&limit=100: HTTP Error 400: Bad Request
2026-04-24 03:43:42,348 WARNING cfb_rankings.ingest.sources.base: http_get failed (attempt 2/3) for https://public.api.bsky.app/xrpc/app.bsky.feed.getAuthorFeed?actor=%40joeyrkaufman.bsky.social&limit=100: HTTP Error 400: Bad Request
2026-04-24 03:43:46,425 WARNING cfb_rankings.ingest.sources.base: http_get failed (attempt 3/3) for https://public.api.bsky.app/xrpc/app.bsky.feed.getAuthorFeed?actor=%40joeyrkaufman.bsky.social&limit=100: HTTP Error 400: Bad Request
2026-04-24 03:43:46,426 WARNING cfb_rankings.ingest.sources.bluesky: bluesky_curated getAuthorFeed failed for @joeyrkaufman.bsky.social: HTTP Error 400: Bad Request
2026-04-24 03:43:46,526 WARNING cfb_rankings.ingest.sources.base: http_get failed (attempt 1/3) for https://public.api.bsky.app/xrpc/app.bsky.feed.getAuthorFeed?actor=%40billrabinowitz.bsky.social&limit=100: HTTP Error 400: Bad Request
2026-04-24 03:43:48,607 WARNING cfb_rankings.ingest.sources.base: http_get failed (attempt 2/3) for https://public.api.bsky.app/xrpc/app.bsky.feed.getAuthorFeed?actor=%40billrabinowitz.bsky.social&limit=100: HTTP Error 400: Bad Request
2026-04-24 03:43:52,700 WARNING cfb_rankings.ingest.sources.base: http_get failed (attempt 3/3) for https://public.api.bsky.app/xrpc/app.bsky.feed.getAuthorFeed?actor=%40billrabinowitz.bsky.social&limit=100: HTTP Error 400: Bad Request
2026-04-24 03:43:52,700 WARNING cfb_rankings.ingest.sources.bluesky: bluesky_curated getAuthorFeed failed for @billrabinowitz.bsky.social: HTTP Error 400: Bad Request
2026-04-24 03:43:52,789 WARNING cfb_rankings.ingest.sources.base: http_get failed (attempt 1/3) for https://public.api.bsky.app/xrpc/app.bsky.feed.getAuthorFeed?actor=%40cdadamjardy.bsky.social&limit=100: HTTP Error 400: Bad Request
2026-04-24 03:43:54,875 WARNING cfb_rankings.ingest.sources.base: http_get failed (attempt 2/3) for https://public.api.bsky.app/xrpc/app.bsky.feed.getAuthorFeed?actor=%40cdadamjardy.bsky.social&limit=100: HTTP Error 400: Bad Request
2026-04-24 03:44:01,904 WARNING cfb_rankings.ingest.sources.base: http_get failed (attempt 3/3) for https://public.api.bsky.app/xrpc/app.bsky.feed.getAuthorFeed?actor=%40cdadamjardy.bsky.social&limit=100: HTTP Error 400: Bad Request
2026-04-24 03:44:01,905 WARNING cfb_rankings.ingest.sources.bluesky: bluesky_curated getAuthorFeed failed for @cdadamjardy.bsky.social: HTTP Error 400: Bad Request
2026-04-24 03:44:01,979 WARNING cfb_rankings.ingest.sources.base: http_get failed (attempt 1/3) for https://public.api.bsky.app/xrpc/app.bsky.feed.getAuthorFeed?actor=%40elevenwarriors.com&limit=100: HTTP Error 400: Bad Request
2026-04-24 03:44:04,120 WARNING cfb_rankings.ingest.sources.base: http_get failed (attempt 2/3) for https://public.api.bsky.app/xrpc/app.bsky.feed.getAuthorFeed?actor=%40elevenwarriors.com&limit=100: HTTP Error 400: Bad Request
2026-04-24 03:44:08,209 WARNING cfb_rankings.ingest.sources.base: http_get failed (attempt 3/3) for https://public.api.bsky.app/xrpc/app.bsky.feed.getAuthorFeed?actor=%40elevenwarriors.com&limit=100: HTTP Error 400: Bad Request
2026-04-24 03:44:08,210 WARNING cfb_rankings.ingest.sources.bluesky: bluesky_curated getAuthorFeed failed for @elevenwarriors.com: HTTP Error 400: Bad Request
2026-04-24 03:44:08,298 WARNING cfb_rankings.ingest.sources.base: http_get failed (attempt 1/3) for https://public.api.bsky.app/xrpc/app.bsky.feed.getAuthorFeed?actor=%40danny-davis.bsky.social&limit=100: HTTP Error 400: Bad Request
2026-04-24 03:44:10,370 WARNING cfb_rankings.ingest.sources.base: http_get failed (attempt 2/3) for https://public.api.bsky.app/xrpc/app.bsky.feed.getAuthorFeed?actor=%40danny-davis.bsky.social&limit=100: HTTP Error 400: Bad Request
2026-04-24 03:44:14,444 WARNING cfb_rankings.ingest.sources.base: http_get failed (attempt 3/3) for https://public.api.bsky.app/xrpc/app.bsky.feed.getAuthorFeed?actor=%40danny-davis.bsky.social&limit=100: HTTP Error 400: Bad Request
2026-04-24 03:44:14,445 WARNING cfb_rankings.ingest.sources.bluesky: bluesky_curated getAuthorFeed failed for @danny-davis.bsky.social: HTTP Error 400: Bad Request
2026-04-24 03:44:14,552 WARNING cfb_rankings.ingest.sources.base: http_get failed (attempt 1/3) for https://public.api.bsky.app/xrpc/app.bsky.feed.getAuthorFeed?actor=%40sethemerson.bsky.social&limit=100: HTTP Error 400: Bad Request
2026-04-24 03:44:16,623 WARNING cfb_rankings.ingest.sources.base: http_get failed (attempt 2/3) for https://public.api.bsky.app/xrpc/app.bsky.feed.getAuthorFeed?actor=%40sethemerson.bsky.social&limit=100: HTTP Error 400: Bad Request
2026-04-24 03:44:20,726 WARNING cfb_rankings.ingest.sources.base: http_get failed (attempt 3/3) for https://public.api.bsky.app/xrpc/app.bsky.feed.getAuthorFeed?actor=%40sethemerson.bsky.social&limit=100: HTTP Error 400: Bad Request
2026-04-24 03:44:20,726 WARNING cfb_rankings.ingest.sources.bluesky: bluesky_curated getAuthorFeed failed for @sethemerson.bsky.social: HTTP Error 400: Bad Request
2026-04-24 03:44:20,804 WARNING cfb_rankings.ingest.sources.base: http_get failed (attempt 1/3) for https://public.api.bsky.app/xrpc/app.bsky.feed.getAuthorFeed?actor=%40tomahawknation.bsky.social&limit=100: HTTP Error 400: Bad Request
2026-04-24 03:44:22,876 WARNING cfb_rankings.ingest.sources.base: http_get failed (attempt 2/3) for https://public.api.bsky.app/xrpc/app.bsky.feed.getAuthorFeed?actor=%40tomahawknation.bsky.social&limit=100: HTTP Error 400: Bad Request
2026-04-24 03:44:26,965 WARNING cfb_rankings.ingest.sources.base: http_get failed (attempt 3/3) for https://public.api.bsky.app/xrpc/app.bsky.feed.getAuthorFeed?actor=%40tomahawknation.bsky.social&limit=100: HTTP Error 400: Bad Request
2026-04-24 03:44:26,965 WARNING cfb_rankings.ingest.sources.bluesky: bluesky_curated getAuthorFeed failed for @tomahawknation.bsky.social: HTTP Error 400: Bad Request
2026-04-24 03:44:27,058 WARNING cfb_rankings.ingest.sources.base: http_get failed (attempt 1/3) for https://public.api.bsky.app/xrpc/app.bsky.feed.getAuthorFeed?actor=%40bycasagrande.bsky.social&limit=100: HTTP Error 400: Bad Request
2026-04-24 03:44:29,487 WARNING cfb_rankings.ingest.sources.base: http_get failed (attempt 2/3) for https://public.api.bsky.app/xrpc/app.bsky.feed.getAuthorFeed?actor=%40bycasagrande.bsky.social&limit=100: HTTP Error 400: Bad Request
2026-04-24 03:44:33,567 WARNING cfb_rankings.ingest.sources.base: http_get failed (attempt 3/3) for https://public.api.bsky.app/xrpc/app.bsky.feed.getAuthorFeed?actor=%40bycasagrande.bsky.social&limit=100: HTTP Error 400: Bad Request
2026-04-24 03:44:33,568 WARNING cfb_rankings.ingest.sources.bluesky: bluesky_curated getAuthorFeed failed for @bycasagrande.bsky.social: HTTP Error 400: Bad Request
2026-04-24 03:44:33,666 WARNING cfb_rankings.ingest.sources.base: http_get failed (attempt 1/3) for https://public.api.bsky.app/xrpc/app.bsky.feed.getAuthorFeed?actor=%40nickkelly.bsky.social&limit=100: HTTP Error 400: Bad Request
2026-04-24 03:44:35,746 WARNING cfb_rankings.ingest.sources.base: http_get failed (attempt 2/3) for https://public.api.bsky.app/xrpc/app.bsky.feed.getAuthorFeed?actor=%40nickkelly.bsky.social&limit=100: HTTP Error 400: Bad Request
2026-04-24 03:44:39,834 WARNING cfb_rankings.ingest.sources.base: http_get failed (attempt 3/3) for https://public.api.bsky.app/xrpc/app.bsky.feed.getAuthorFeed?actor=%40nickkelly.bsky.social&limit=100: HTTP Error 400: Bad Request
2026-04-24 03:44:39,835 WARNING cfb_rankings.ingest.sources.bluesky: bluesky_curated getAuthorFeed failed for @nickkelly.bsky.social: HTTP Error 400: Bad Request
2026-04-24 03:44:39,923 WARNING cfb_rankings.ingest.sources.base: http_get failed (attempt 1/3) for https://public.api.bsky.app/xrpc/app.bsky.feed.getAuthorFeed?actor=%40ryantclarke.bsky.social&limit=100: HTTP Error 400: Bad Request
2026-04-24 03:44:42,010 WARNING cfb_rankings.ingest.sources.base: http_get failed (attempt 2/3) for https://public.api.bsky.app/xrpc/app.bsky.feed.getAuthorFeed?actor=%40ryantclarke.bsky.social&limit=100: HTTP Error 400: Bad Request
2026-04-24 03:44:46,108 WARNING cfb_rankings.ingest.sources.base: http_get failed (attempt 3/3) for https://public.api.bsky.app/xrpc/app.bsky.feed.getAuthorFeed?actor=%40ryantclarke.bsky.social&limit=100: HTTP Error 400: Bad Request
2026-04-24 03:44:46,108 WARNING cfb_rankings.ingest.sources.bluesky: bluesky_curated getAuthorFeed failed for @ryantclarke.bsky.social: HTTP Error 400: Bad Request
2026-04-24 03:44:46,185 WARNING cfb_rankings.ingest.sources.base: http_get failed (attempt 1/3) for https://public.api.bsky.app/xrpc/app.bsky.feed.getAuthorFeed?actor=%40oregoniansports.bsky.social&limit=100: HTTP Error 400: Bad Request
2026-04-24 03:44:48,240 WARNING cfb_rankings.ingest.sources.base: http_get failed (attempt 2/3) for https://public.api.bsky.app/xrpc/app.bsky.feed.getAuthorFeed?actor=%40oregoniansports.bsky.social&limit=100: HTTP Error 400: Bad Request
2026-04-24 03:44:52,309 WARNING cfb_rankings.ingest.sources.base: http_get failed (attempt 3/3) for https://public.api.bsky.app/xrpc/app.bsky.feed.getAuthorFeed?actor=%40oregoniansports.bsky.social&limit=100: HTTP Error 400: Bad Request
2026-04-24 03:44:52,309 WARNING cfb_rankings.ingest.sources.bluesky: bluesky_curated getAuthorFeed failed for @oregoniansports.bsky.social: HTTP Error 400: Bad Request
2026-04-24 03:44:52,409 WARNING cfb_rankings.ingest.sources.base: http_get failed (attempt 1/3) for https://public.api.bsky.app/xrpc/app.bsky.feed.getAuthorFeed?actor=%40realtonygarcia.bsky.social&limit=100: HTTP Error 400: Bad Request
2026-04-24 03:44:54,492 WARNING cfb_rankings.ingest.sources.base: http_get failed (attempt 2/3) for https://public.api.bsky.app/xrpc/app.bsky.feed.getAuthorFeed?actor=%40realtonygarcia.bsky.social&limit=100: HTTP Error 400: Bad Request
2026-04-24 03:44:58,581 WARNING cfb_rankings.ingest.sources.base: http_get failed (attempt 3/3) for https://public.api.bsky.app/xrpc/app.bsky.feed.getAuthorFeed?actor=%40realtonygarcia.bsky.social&limit=100: HTTP Error 400: Bad Request
2026-04-24 03:44:58,581 WARNING cfb_rankings.ingest.sources.bluesky: bluesky_curated getAuthorFeed failed for @realtonygarcia.bsky.social: HTTP Error 400: Bad Request
2026-04-24 03:44:58,685 WARNING cfb_rankings.ingest.sources.base: http_get failed (attempt 1/3) for https://public.api.bsky.app/xrpc/app.bsky.feed.getAuthorFeed?actor=%40mgoblog.bsky.social&limit=100: HTTP Error 400: Bad Request
2026-04-24 03:45:00,791 WARNING cfb_rankings.ingest.sources.base: http_get failed (attempt 2/3) for https://public.api.bsky.app/xrpc/app.bsky.feed.getAuthorFeed?actor=%40mgoblog.bsky.social&limit=100: HTTP Error 400: Bad Request
2026-04-24 03:45:04,880 WARNING cfb_rankings.ingest.sources.base: http_get failed (attempt 3/3) for https://public.api.bsky.app/xrpc/app.bsky.feed.getAuthorFeed?actor=%40mgoblog.bsky.social&limit=100: HTTP Error 400: Bad Request
2026-04-24 03:45:04,880 WARNING cfb_rankings.ingest.sources.bluesky: bluesky_curated getAuthorFeed failed for @mgoblog.bsky.social: HTTP Error 400: Bad Request
2026-04-24 03:45:04,998 WARNING cfb_rankings.ingest.sources.base: http_get failed (attempt 1/3) for https://public.api.bsky.app/xrpc/app.bsky.feed.getAuthorFeed?actor=%40stsouthland.bsky.social&limit=100: HTTP Error 400: Bad Request
2026-04-24 03:45:07,054 WARNING cfb_rankings.ingest.sources.base: http_get failed (attempt 2/3) for https://public.api.bsky.app/xrpc/app.bsky.feed.getAuthorFeed?actor=%40stsouthland.bsky.social&limit=100: HTTP Error 400: Bad Request
2026-04-24 03:45:11,135 WARNING cfb_rankings.ingest.sources.base: http_get failed (attempt 3/3) for https://public.api.bsky.app/xrpc/app.bsky.feed.getAuthorFeed?actor=%40stsouthland.bsky.social&limit=100: HTTP Error 400: Bad Request
2026-04-24 03:45:11,136 WARNING cfb_rankings.ingest.sources.bluesky: bluesky_curated getAuthorFeed failed for @stsouthland.bsky.social: HTTP Error 400: Bad Request
2026-04-24 03:45:11,235 WARNING cfb_rankings.ingest.sources.base: http_get failed (attempt 1/3) for https://public.api.bsky.app/xrpc/app.bsky.feed.getAuthorFeed?actor=%40adavidhalejoint.bsky.social&limit=100: HTTP Error 400: Bad Request
2026-04-24 03:45:13,289 WARNING cfb_rankings.ingest.sources.base: http_get failed (attempt 2/3) for https://public.api.bsky.app/xrpc/app.bsky.feed.getAuthorFeed?actor=%40adavidhalejoint.bsky.social&limit=100: HTTP Error 400: Bad Request
2026-04-24 03:45:17,360 WARNING cfb_rankings.ingest.sources.base: http_get failed (attempt 3/3) for https://public.api.bsky.app/xrpc/app.bsky.feed.getAuthorFeed?actor=%40adavidhalejoint.bsky.social&limit=100: HTTP Error 400: Bad Request
2026-04-24 03:45:17,360 WARNING cfb_rankings.ingest.sources.bluesky: bluesky_curated getAuthorFeed failed for @adavidhalejoint.bsky.social: HTTP Error 400: Bad Request
2026-04-24 03:45:17,477 WARNING cfb_rankings.ingest.sources.base: http_get failed (attempt 1/3) for https://public.api.bsky.app/xrpc/app.bsky.feed.getAuthorFeed?actor=%40kokiriley.bsky.social&limit=100: HTTP Error 400: Bad Request
2026-04-24 03:45:19,534 WARNING cfb_rankings.ingest.sources.base: http_get failed (attempt 2/3) for https://public.api.bsky.app/xrpc/app.bsky.feed.getAuthorFeed?actor=%40kokiriley.bsky.social&limit=100: HTTP Error 400: Bad Request
2026-04-24 03:45:23,633 WARNING cfb_rankings.ingest.sources.base: http_get failed (attempt 3/3) for https://public.api.bsky.app/xrpc/app.bsky.feed.getAuthorFeed?actor=%40kokiriley.bsky.social&limit=100: HTTP Error 400: Bad Request
2026-04-24 03:45:23,633 WARNING cfb_rankings.ingest.sources.bluesky: bluesky_curated getAuthorFeed failed for @kokiriley.bsky.social: HTTP Error 400: Bad Request
2026-04-24 03:45:23,712 WARNING cfb_rankings.ingest.sources.base: http_get failed (attempt 1/3) for https://public.api.bsky.app/xrpc/app.bsky.feed.getAuthorFeed?actor=%40wilsonalexander.bsky.social&limit=100: HTTP Error 400: Bad Request
2026-04-24 03:45:25,777 WARNING cfb_rankings.ingest.sources.base: http_get failed (attempt 2/3) for https://public.api.bsky.app/xrpc/app.bsky.feed.getAuthorFeed?actor=%40wilsonalexander.bsky.social&limit=100: HTTP Error 400: Bad Request
2026-04-24 03:45:29,866 WARNING cfb_rankings.ingest.sources.base: http_get failed (attempt 3/3) for https://public.api.bsky.app/xrpc/app.bsky.feed.getAuthorFeed?actor=%40wilsonalexander.bsky.social&limit=100: HTTP Error 400: Bad Request
2026-04-24 03:45:29,867 WARNING cfb_rankings.ingest.sources.bluesky: bluesky_curated getAuthorFeed failed for @wilsonalexander.bsky.social: HTTP Error 400: Bad Request
2026-04-24 03:45:29,955 WARNING cfb_rankings.ingest.sources.base: http_get failed (attempt 1/3) for https://public.api.bsky.app/xrpc/app.bsky.feed.getAuthorFeed?actor=%40petesampson.bsky.social&limit=100: HTTP Error 400: Bad Request
2026-04-24 03:45:32,013 WARNING cfb_rankings.ingest.sources.base: http_get failed (attempt 2/3) for https://public.api.bsky.app/xrpc/app.bsky.feed.getAuthorFeed?actor=%40petesampson.bsky.social&limit=100: HTTP Error 400: Bad Request
2026-04-24 03:45:36,099 WARNING cfb_rankings.ingest.sources.base: http_get failed (attempt 3/3) for https://public.api.bsky.app/xrpc/app.bsky.feed.getAuthorFeed?actor=%40petesampson.bsky.social&limit=100: HTTP Error 400: Bad Request
2026-04-24 03:45:36,099 WARNING cfb_rankings.ingest.sources.bluesky: bluesky_curated getAuthorFeed failed for @petesampson.bsky.social: HTTP Error 400: Bad Request
2026-04-24 03:45:36,127 INFO run_adapter: bluesky_curated: status=empty rows=0
