[plan] 2000 windows queued. primary=arctic-shift fallback=pullpush
[state] 1000 already completed
[checkpoint] 20/2000 ok=0 err=0 skip=20 elapsed=0s
[checkpoint] 40/2000 ok=0 err=0 skip=40 elapsed=0s
[checkpoint] 60/2000 ok=0 err=0 skip=60 elapsed=0s
[checkpoint] 80/2000 ok=0 err=0 skip=80 elapsed=0s
[checkpoint] 100/2000 ok=0 err=0 skip=100 elapsed=0s
[checkpoint] 120/2000 ok=0 err=0 skip=120 elapsed=0s
[checkpoint] 140/2000 ok=0 err=0 skip=140 elapsed=0s
[checkpoint] 160/2000 ok=0 err=0 skip=160 elapsed=0s
[checkpoint] 180/2000 ok=0 err=0 skip=180 elapsed=0s
[checkpoint] 200/2000 ok=0 err=0 skip=200 elapsed=0s
[checkpoint] 220/2000 ok=0 err=0 skip=220 elapsed=0s
[checkpoint] 240/2000 ok=0 err=0 skip=240 elapsed=0s
[checkpoint] 260/2000 ok=0 err=0 skip=260 elapsed=0s
[checkpoint] 280/2000 ok=0 err=0 skip=280 elapsed=0s
[checkpoint] 300/2000 ok=0 err=0 skip=300 elapsed=0s
[checkpoint] 320/2000 ok=0 err=0 skip=320 elapsed=0s
[checkpoint] 340/2000 ok=0 err=0 skip=340 elapsed=0s
[checkpoint] 360/2000 ok=0 err=0 skip=360 elapsed=0s
[checkpoint] 380/2000 ok=0 err=0 skip=380 elapsed=0s
[checkpoint] 400/2000 ok=0 err=0 skip=400 elapsed=0s
[checkpoint] 420/2000 ok=0 err=0 skip=420 elapsed=0s
[checkpoint] 440/2000 ok=0 err=0 skip=440 elapsed=0s
[checkpoint] 460/2000 ok=0 err=0 skip=460 elapsed=0s
[checkpoint] 480/2000 ok=0 err=0 skip=480 elapsed=0s
[checkpoint] 500/2000 ok=0 err=0 skip=500 elapsed=0s
[checkpoint] 520/2000 ok=0 err=0 skip=520 elapsed=0s
[checkpoint] 540/2000 ok=0 err=0 skip=540 elapsed=0s
[checkpoint] 560/2000 ok=0 err=0 skip=560 elapsed=0s
[checkpoint] 580/2000 ok=0 err=0 skip=580 elapsed=0s
[checkpoint] 600/2000 ok=0 err=0 skip=600 elapsed=0s
[checkpoint] 620/2000 ok=0 err=0 skip=620 elapsed=0s
[checkpoint] 640/2000 ok=0 err=0 skip=640 elapsed=0s
[checkpoint] 660/2000 ok=0 err=0 skip=660 elapsed=0s
[checkpoint] 680/2000 ok=0 err=0 skip=680 elapsed=0s
[checkpoint] 700/2000 ok=0 err=0 skip=700 elapsed=0s
[checkpoint] 720/2000 ok=0 err=0 skip=720 elapsed=0s
[checkpoint] 740/2000 ok=0 err=0 skip=740 elapsed=0s
[checkpoint] 760/2000 ok=0 err=0 skip=760 elapsed=0s
[checkpoint] 780/2000 ok=0 err=0 skip=780 elapsed=0s
[checkpoint] 800/2000 ok=0 err=0 skip=800 elapsed=0s
[checkpoint] 820/2000 ok=0 err=0 skip=820 elapsed=0s
[checkpoint] 840/2000 ok=0 err=0 skip=840 elapsed=0s
[checkpoint] 860/2000 ok=0 err=0 skip=860 elapsed=0s
[checkpoint] 880/2000 ok=0 err=0 skip=880 elapsed=0s
[checkpoint] 900/2000 ok=0 err=0 skip=900 elapsed=0s
[checkpoint] 920/2000 ok=0 err=0 skip=920 elapsed=0s
[checkpoint] 940/2000 ok=0 err=0 skip=940 elapsed=0s
[checkpoint] 960/2000 ok=0 err=0 skip=960 elapsed=0s
[checkpoint] 980/2000 ok=0 err=0 skip=980 elapsed=0s
[checkpoint] 1000/2000 ok=0 err=0 skip=1000 elapsed=0s
[OK provider=arctic-shift] lsu_team|2023-07-13
[OK provider=arctic-shift] lsu_team|2023-07-20
[OK provider=arctic-shift] lsu_team|2023-07-27
[OK provider=arctic-shift] lsu_team|2023-08-03
[OK provider=arctic-shift] lsu_team|2023-08-10
[OK provider=arctic-shift] lsu_team|2023-08-17
[OK provider=arctic-shift] lsu_team|2023-08-24
[OK provider=arctic-shift] lsu_team|2023-08-31
[OK provider=arctic-shift] lsu_team|2023-09-07
[OK provider=arctic-shift] lsu_team|2023-09-14
[OK provider=arctic-shift] lsu_team|2023-09-21
[OK provider=arctic-shift] lsu_team|2023-09-28
[OK provider=arctic-shift] lsu_team|2023-10-05
[OK provider=arctic-shift] lsu_team|2023-10-12
[OK provider=arctic-shift] lsu_team|2023-10-19
[OK provider=arctic-shift] lsu_team|2023-10-26
[OK provider=arctic-shift] lsu_team|2023-11-02
[OK provider=arctic-shift] lsu_team|2023-11-09
[OK provider=arctic-shift] lsu_team|2023-11-16
[OK provider=arctic-shift] lsu_team|2023-11-23
[checkpoint] 1020/2000 ok=20 err=0 skip=1000 elapsed=87s
[OK provider=arctic-shift] lsu_team|2023-11-30
[OK provider=arctic-shift] lsu_team|2023-12-07
[OK provider=arctic-shift] lsu_team|2023-12-14
[OK provider=arctic-shift] lsu_team|2023-12-21
[OK provider=arctic-shift] lsu_team|2023-12-28
[OK provider=arctic-shift] lsu_team|2024-01-04
[OK provider=arctic-shift] lsu_team|2024-01-11
[OK provider=arctic-shift] lsu_team|2024-01-18
[OK provider=arctic-shift] lsu_team|2024-01-25
[OK provider=arctic-shift] lsu_team|2024-02-01
[OK provider=arctic-shift] lsu_team|2024-02-08
[OK provider=arctic-shift] lsu_team|2024-02-15
[OK provider=arctic-shift] lsu_team|2024-02-22
[OK provider=arctic-shift] lsu_team|2024-02-29
[OK provider=arctic-shift] lsu_team|2024-03-07
[OK provider=arctic-shift] lsu_team|2024-03-14
[OK provider=arctic-shift] lsu_team|2024-03-21
[OK provider=arctic-shift] lsu_team|2024-03-28
[OK provider=arctic-shift] lsu_team|2024-04-04
[OK provider=arctic-shift] lsu_team|2024-04-11
[checkpoint] 1040/2000 ok=40 err=0 skip=1000 elapsed=146s
[OK provider=arctic-shift] lsu_team|2024-04-18
[OK provider=arctic-shift] lsu_team|2024-04-25
[OK provider=arctic-shift] lsu_team|2024-05-02
[OK provider=arctic-shift] lsu_team|2024-05-09
[OK provider=arctic-shift] lsu_team|2024-05-16
[OK provider=arctic-shift] lsu_team|2024-05-23
[OK provider=arctic-shift] lsu_team|2024-05-30
[OK provider=arctic-shift] lsu_team|2024-06-06
[OK provider=arctic-shift] lsu_team|2024-06-13
[OK provider=arctic-shift] lsu_team|2024-06-20
[OK provider=arctic-shift] lsu_team|2024-06-27
[OK provider=arctic-shift] lsu_team|2024-07-04
[OK provider=arctic-shift] lsu_team|2024-07-11
[OK provider=arctic-shift] lsu_team|2024-07-18
[OK provider=arctic-shift] lsu_team|2024-07-25
[OK provider=arctic-shift] lsu_team|2024-08-01
[OK provider=arctic-shift] lsu_team|2024-08-08
[OK provider=arctic-shift] lsu_team|2024-08-15
[OK provider=arctic-shift] lsu_team|2024-08-22
[OK provider=arctic-shift] lsu_team|2024-08-29
[checkpoint] 1060/2000 ok=60 err=0 skip=1000 elapsed=211s
[OK provider=arctic-shift] lsu_team|2024-09-05
[OK provider=arctic-shift] lsu_team|2024-09-12
[OK provider=arctic-shift] lsu_team|2024-09-19
[OK provider=arctic-shift] lsu_team|2024-09-26
[OK provider=arctic-shift] lsu_team|2024-10-03
[OK provider=arctic-shift] lsu_team|2024-10-10
[OK provider=arctic-shift] lsu_team|2024-10-17
[OK provider=arctic-shift] lsu_team|2024-10-24
[OK provider=arctic-shift] lsu_team|2024-10-31
[OK provider=arctic-shift] lsu_team|2024-11-07
[OK provider=arctic-shift] lsu_team|2024-11-14
[OK provider=arctic-shift] lsu_team|2024-11-21
[OK provider=arctic-shift] lsu_team|2024-11-28
[OK provider=arctic-shift] lsu_team|2024-12-05
[OK provider=arctic-shift] lsu_team|2024-12-12
[OK provider=arctic-shift] lsu_team|2024-12-19
[OK provider=arctic-shift] lsu_team|2024-12-26
[OK provider=arctic-shift] lsu_team|2025-01-02
[OK provider=arctic-shift] lsu_team|2025-01-09
[OK provider=arctic-shift] lsu_team|2025-01-16
[checkpoint] 1080/2000 ok=80 err=0 skip=1000 elapsed=277s
[OK provider=arctic-shift] lsu_team|2025-01-23
[OK provider=arctic-shift] lsu_team|2025-01-30
[OK provider=arctic-shift] lsu_team|2025-02-06
[OK provider=arctic-shift] lsu_team|2025-02-13
[OK provider=arctic-shift] lsu_team|2025-02-20
[OK provider=arctic-shift] lsu_team|2025-02-27
[OK provider=arctic-shift] lsu_team|2025-03-06
[OK provider=arctic-shift] lsu_team|2025-03-13
[OK provider=arctic-shift] lsu_team|2025-03-20
[OK provider=arctic-shift] lsu_team|2025-03-27
[OK provider=arctic-shift] lsu_team|2025-04-03
[OK provider=arctic-shift] lsu_team|2025-04-10
[OK provider=arctic-shift] lsu_team|2025-04-17
[OK provider=arctic-shift] lsu_team|2025-04-24
[OK provider=arctic-shift] lsu_team|2025-05-01
[OK provider=arctic-shift] lsu_team|2025-05-08
[OK provider=arctic-shift] lsu_team|2025-05-15
[OK provider=arctic-shift] lsu_team|2025-05-22
[OK provider=arctic-shift] lsu_team|2025-05-29
[OK provider=arctic-shift] lsu_team|2025-06-05
[checkpoint] 1100/2000 ok=100 err=0 skip=1000 elapsed=337s
[OK provider=arctic-shift] lsu_team|2025-06-12
[OK provider=arctic-shift] lsu_team|2025-06-19
[OK provider=arctic-shift] lsu_team|2025-06-26
[OK provider=arctic-shift] lsu_team|2025-07-03
[OK provider=arctic-shift] lsu_team|2025-07-10
[OK provider=arctic-shift] lsu_team|2025-07-17
[OK provider=arctic-shift] lsu_team|2025-07-24
[OK provider=arctic-shift] lsu_team|2025-07-31
[OK provider=arctic-shift] lsu_team|2025-08-07
[OK provider=arctic-shift] lsu_team|2025-08-14
[OK provider=arctic-shift] lsu_team|2025-08-21
[OK provider=arctic-shift] lsu_team|2025-08-28
[OK provider=arctic-shift] lsu_team|2025-09-04
[OK provider=arctic-shift] lsu_team|2025-09-11
[OK provider=arctic-shift] lsu_team|2025-09-18
[OK provider=arctic-shift] lsu_team|2025-09-25
[OK provider=arctic-shift] lsu_team|2025-10-02
[OK provider=arctic-shift] lsu_team|2025-10-09
[OK provider=arctic-shift] lsu_team|2025-10-16
[OK provider=arctic-shift] lsu_team|2025-10-23
[checkpoint] 1120/2000 ok=120 err=0 skip=1000 elapsed=405s
[OK provider=arctic-shift] lsu_team|2025-10-30
[OK provider=arctic-shift] lsu_team|2025-11-06
[OK provider=arctic-shift] lsu_team|2025-11-13
[OK provider=arctic-shift] lsu_team|2025-11-20
[OK provider=arctic-shift] lsu_team|2025-11-27
[OK provider=arctic-shift] lsu_team|2025-12-04
[OK provider=arctic-shift] lsu_team|2025-12-11
[OK provider=arctic-shift] lsu_team|2025-12-18
[OK provider=arctic-shift] lsu_team|2025-12-25
[OK provider=arctic-shift] lsu_team|2026-01-01
[OK provider=arctic-shift] lsu_team|2026-01-08
[OK provider=arctic-shift] lsu_team|2026-01-15
[OK provider=arctic-shift] lsu_team|2026-01-22
[OK provider=arctic-shift] lsu_team|2026-01-29
[OK provider=arctic-shift] lsu_team|2026-02-05
[OK provider=arctic-shift] lsu_team|2026-02-12
[OK provider=arctic-shift] lsu_team|2026-02-19
[OK provider=arctic-shift] lsu_team|2026-02-26
[OK provider=arctic-shift] lsu_team|2026-03-05
[OK provider=arctic-shift] lsu_team|2026-03-12
[checkpoint] 1140/2000 ok=140 err=0 skip=1000 elapsed=467s
[OK provider=arctic-shift] lsu_team|2026-03-19
[OK provider=arctic-shift] lsu_team|2026-03-26
[OK provider=arctic-shift] lsu_team|2026-04-02
[OK provider=arctic-shift] lsu_team|2026-04-09
[OK provider=arctic-shift] lsu_team|2026-04-16
[OK provider=arctic-shift] lsu_team|2026-04-23
[OK provider=arctic-shift] lsu_city|2022-09-01
[OK provider=arctic-shift] lsu_city|2022-09-08
[OK provider=arctic-shift] lsu_city|2022-09-15
[OK provider=arctic-shift] lsu_city|2022-09-22
[OK provider=arctic-shift] lsu_city|2022-09-29
[OK provider=arctic-shift] lsu_city|2022-10-06
[OK provider=arctic-shift] lsu_city|2022-10-13
[OK provider=arctic-shift] lsu_city|2022-10-20
[OK provider=arctic-shift] lsu_city|2022-10-27
[OK provider=arctic-shift] lsu_city|2022-11-03
[OK provider=arctic-shift] lsu_city|2022-11-10
[OK provider=arctic-shift] lsu_city|2022-11-17
[OK provider=arctic-shift] lsu_city|2022-11-24
[OK provider=arctic-shift] lsu_city|2022-12-01
[checkpoint] 1160/2000 ok=160 err=0 skip=1000 elapsed=540s
[OK provider=arctic-shift] lsu_city|2022-12-08
[OK provider=arctic-shift] lsu_city|2022-12-15
[OK provider=arctic-shift] lsu_city|2022-12-22
[OK provider=arctic-shift] lsu_city|2022-12-29
[OK provider=arctic-shift] lsu_city|2023-01-05
[OK provider=arctic-shift] lsu_city|2023-01-12
[OK provider=arctic-shift] lsu_city|2023-01-19
[OK provider=arctic-shift] lsu_city|2023-01-26
[OK provider=arctic-shift] lsu_city|2023-02-02
[OK provider=arctic-shift] lsu_city|2023-02-09
[OK provider=arctic-shift] lsu_city|2023-02-16
[OK provider=arctic-shift] lsu_city|2023-02-23
[OK provider=arctic-shift] lsu_city|2023-03-02
[OK provider=arctic-shift] lsu_city|2023-03-09
[OK provider=arctic-shift] lsu_city|2023-03-16
[OK provider=arctic-shift] lsu_city|2023-03-23
[OK provider=arctic-shift] lsu_city|2023-03-30
[OK provider=arctic-shift] lsu_city|2023-04-06
[OK provider=arctic-shift] lsu_city|2023-04-13
[OK provider=arctic-shift] lsu_city|2023-04-20
[checkpoint] 1180/2000 ok=180 err=0 skip=1000 elapsed=607s
[OK provider=arctic-shift] lsu_city|2023-04-27
[OK provider=arctic-shift] lsu_city|2023-05-04
[OK provider=arctic-shift] lsu_city|2023-05-11
[OK provider=arctic-shift] lsu_city|2023-05-18
[OK provider=arctic-shift] lsu_city|2023-05-25
[OK provider=arctic-shift] lsu_city|2023-06-01
[OK provider=arctic-shift] lsu_city|2023-06-08
[OK provider=arctic-shift] lsu_city|2023-06-15
[OK provider=arctic-shift] lsu_city|2023-06-22
[OK provider=arctic-shift] lsu_city|2023-06-29
[OK provider=arctic-shift] lsu_city|2023-07-06
[OK provider=arctic-shift] lsu_city|2023-07-13
[OK provider=arctic-shift] lsu_city|2023-07-20
[OK provider=arctic-shift] lsu_city|2023-07-27
[OK provider=arctic-shift] lsu_city|2023-08-03
[OK provider=arctic-shift] lsu_city|2023-08-10
[OK provider=arctic-shift] lsu_city|2023-08-17
[OK provider=arctic-shift] lsu_city|2023-08-24
[OK provider=arctic-shift] lsu_city|2023-08-31
[OK provider=arctic-shift] lsu_city|2023-09-07
[checkpoint] 1200/2000 ok=200 err=0 skip=1000 elapsed=686s
[OK provider=arctic-shift] lsu_city|2023-09-14
[OK provider=arctic-shift] lsu_city|2023-09-21
[OK provider=arctic-shift] lsu_city|2023-09-28
[OK provider=arctic-shift] lsu_city|2023-10-05
[OK provider=arctic-shift] lsu_city|2023-10-12
[OK provider=arctic-shift] lsu_city|2023-10-19
[OK provider=arctic-shift] lsu_city|2023-10-26
[OK provider=arctic-shift] lsu_city|2023-11-02
[OK provider=arctic-shift] lsu_city|2023-11-09
[OK provider=arctic-shift] lsu_city|2023-11-16
[OK provider=arctic-shift] lsu_city|2023-11-23
[OK provider=arctic-shift] lsu_city|2023-11-30
[OK provider=arctic-shift] lsu_city|2023-12-07
[OK provider=arctic-shift] lsu_city|2023-12-14
[OK provider=arctic-shift] lsu_city|2023-12-21
[OK provider=arctic-shift] lsu_city|2023-12-28
[OK provider=arctic-shift] lsu_city|2024-01-04
[OK provider=arctic-shift] lsu_city|2024-01-11
[OK provider=arctic-shift] lsu_city|2024-01-18
[OK provider=arctic-shift] lsu_city|2024-01-25
[checkpoint] 1220/2000 ok=220 err=0 skip=1000 elapsed=760s
[OK provider=arctic-shift] lsu_city|2024-02-01
[OK provider=arctic-shift] lsu_city|2024-02-08
[OK provider=arctic-shift] lsu_city|2024-02-15
[OK provider=arctic-shift] lsu_city|2024-02-22
[OK provider=arctic-shift] lsu_city|2024-02-29
[OK provider=arctic-shift] lsu_city|2024-03-07
[OK provider=arctic-shift] lsu_city|2024-03-14
[OK provider=arctic-shift] lsu_city|2024-03-21
[OK provider=arctic-shift] lsu_city|2024-03-28
[OK provider=arctic-shift] lsu_city|2024-04-04
[OK provider=arctic-shift] lsu_city|2024-04-11
[OK provider=arctic-shift] lsu_city|2024-04-18
[OK provider=arctic-shift] lsu_city|2024-04-25
[OK provider=arctic-shift] lsu_city|2024-05-02
[OK provider=arctic-shift] lsu_city|2024-05-09
[OK provider=arctic-shift] lsu_city|2024-05-16
[OK provider=arctic-shift] lsu_city|2024-05-23
[OK provider=arctic-shift] lsu_city|2024-05-30
[OK provider=arctic-shift] lsu_city|2024-06-06
[OK provider=arctic-shift] lsu_city|2024-06-13
[checkpoint] 1240/2000 ok=240 err=0 skip=1000 elapsed=831s
[OK provider=arctic-shift] lsu_city|2024-06-20
[OK provider=arctic-shift] lsu_city|2024-06-27
[OK provider=arctic-shift] lsu_city|2024-07-04
[OK provider=arctic-shift] lsu_city|2024-07-11
[OK provider=arctic-shift] lsu_city|2024-07-18
[OK provider=arctic-shift] lsu_city|2024-07-25
[OK provider=arctic-shift] lsu_city|2024-08-01
[OK provider=arctic-shift] lsu_city|2024-08-08
[OK provider=arctic-shift] lsu_city|2024-08-15
[OK provider=arctic-shift] lsu_city|2024-08-22
[OK provider=arctic-shift] lsu_city|2024-08-29
[OK provider=arctic-shift] lsu_city|2024-09-05
[OK provider=arctic-shift] lsu_city|2024-09-12
[OK provider=arctic-shift] lsu_city|2024-09-19
[OK provider=arctic-shift] lsu_city|2024-09-26
[OK provider=arctic-shift] lsu_city|2024-10-03
[OK provider=arctic-shift] lsu_city|2024-10-10
[OK provider=arctic-shift] lsu_city|2024-10-17
[OK provider=arctic-shift] lsu_city|2024-10-24
[OK provider=arctic-shift] lsu_city|2024-10-31
[checkpoint] 1260/2000 ok=260 err=0 skip=1000 elapsed=911s
[OK provider=arctic-shift] lsu_city|2024-11-07
[OK provider=arctic-shift] lsu_city|2024-11-14
[OK provider=arctic-shift] lsu_city|2024-11-21
[OK provider=arctic-shift] lsu_city|2024-11-28
[OK provider=arctic-shift] lsu_city|2024-12-05
[OK provider=arctic-shift] lsu_city|2024-12-12
[OK provider=arctic-shift] lsu_city|2024-12-19
[OK provider=arctic-shift] lsu_city|2024-12-26
[OK provider=arctic-shift] lsu_city|2025-01-02
[OK provider=arctic-shift] lsu_city|2025-01-09
[OK provider=arctic-shift] lsu_city|2025-01-16
[OK provider=arctic-shift] lsu_city|2025-01-23
[OK provider=arctic-shift] lsu_city|2025-01-30
[OK provider=arctic-shift] lsu_city|2025-02-06
[OK provider=arctic-shift] lsu_city|2025-02-13
[OK provider=arctic-shift] lsu_city|2025-02-20
[OK provider=arctic-shift] lsu_city|2025-02-27
[OK provider=arctic-shift] lsu_city|2025-03-06
[OK provider=arctic-shift] lsu_city|2025-03-13
[OK provider=arctic-shift] lsu_city|2025-03-20
[checkpoint] 1280/2000 ok=280 err=0 skip=1000 elapsed=982s
[OK provider=arctic-shift] lsu_city|2025-03-27
[OK provider=arctic-shift] lsu_city|2025-04-03
[OK provider=arctic-shift] lsu_city|2025-04-10
[OK provider=arctic-shift] lsu_city|2025-04-17
[OK provider=arctic-shift] lsu_city|2025-04-24
[OK provider=arctic-shift] lsu_city|2025-05-01
[OK provider=arctic-shift] lsu_city|2025-05-08
[OK provider=arctic-shift] lsu_city|2025-05-15
[OK provider=arctic-shift] lsu_city|2025-05-22
[OK provider=arctic-shift] lsu_city|2025-05-29
[OK provider=arctic-shift] lsu_city|2025-06-05
[OK provider=arctic-shift] lsu_city|2025-06-12
[OK provider=arctic-shift] lsu_city|2025-06-19
[OK provider=arctic-shift] lsu_city|2025-06-26
[OK provider=arctic-shift] lsu_city|2025-07-03
[OK provider=arctic-shift] lsu_city|2025-07-10
[OK provider=arctic-shift] lsu_city|2025-07-17
[OK provider=arctic-shift] lsu_city|2025-07-24
[OK provider=arctic-shift] lsu_city|2025-07-31
[OK provider=arctic-shift] lsu_city|2025-08-07
[checkpoint] 1300/2000 ok=300 err=0 skip=1000 elapsed=1049s
[OK provider=arctic-shift] lsu_city|2025-08-14
[OK provider=arctic-shift] lsu_city|2025-08-21
[OK provider=arctic-shift] lsu_city|2025-08-28
[OK provider=arctic-shift] lsu_city|2025-09-04
[OK provider=arctic-shift] lsu_city|2025-09-11
[OK provider=arctic-shift] lsu_city|2025-09-18
[OK provider=arctic-shift] lsu_city|2025-09-25
[OK provider=arctic-shift] lsu_city|2025-10-02
[OK provider=arctic-shift] lsu_city|2025-10-09
[OK provider=arctic-shift] lsu_city|2025-10-16
[OK provider=arctic-shift] lsu_city|2025-10-23
[OK provider=arctic-shift] lsu_city|2025-10-30
[OK provider=arctic-shift] lsu_city|2025-11-06
[OK provider=arctic-shift] lsu_city|2025-11-13
[OK provider=arctic-shift] lsu_city|2025-11-20
[OK provider=arctic-shift] lsu_city|2025-11-27
[OK provider=arctic-shift] lsu_city|2025-12-04
[OK provider=arctic-shift] lsu_city|2025-12-11
[OK provider=arctic-shift] lsu_city|2025-12-18
[OK provider=arctic-shift] lsu_city|2025-12-25
[checkpoint] 1320/2000 ok=320 err=0 skip=1000 elapsed=1121s
[OK provider=arctic-shift] lsu_city|2026-01-01
[OK provider=arctic-shift] lsu_city|2026-01-08
[OK provider=arctic-shift] lsu_city|2026-01-15
[OK provider=arctic-shift] lsu_city|2026-01-22
[OK provider=arctic-shift] lsu_city|2026-01-29
[OK provider=arctic-shift] lsu_city|2026-02-05
[OK provider=arctic-shift] lsu_city|2026-02-12
[OK provider=arctic-shift] lsu_city|2026-02-19
[OK provider=arctic-shift] lsu_city|2026-02-26
[OK provider=arctic-shift] lsu_city|2026-03-05
[OK provider=arctic-shift] lsu_city|2026-03-12
[OK provider=arctic-shift] lsu_city|2026-03-19
[OK provider=arctic-shift] lsu_city|2026-03-26
[OK provider=arctic-shift] lsu_city|2026-04-02
[OK provider=arctic-shift] lsu_city|2026-04-09
[OK provider=arctic-shift] lsu_city|2026-04-16
[OK provider=arctic-shift] lsu_city|2026-04-23
[OK provider=arctic-shift] tennessee_team|2022-09-01
[OK provider=arctic-shift] tennessee_team|2022-09-08
[OK provider=arctic-shift] tennessee_team|2022-09-15
[checkpoint] 1340/2000 ok=340 err=0 skip=1000 elapsed=1218s
[OK provider=arctic-shift] tennessee_team|2022-09-22
[OK provider=arctic-shift] tennessee_team|2022-09-29
[OK provider=arctic-shift] tennessee_team|2022-10-06
[OK provider=arctic-shift] tennessee_team|2022-10-13
[OK provider=arctic-shift] tennessee_team|2022-10-20
[OK provider=arctic-shift] tennessee_team|2022-10-27
[OK provider=arctic-shift] tennessee_team|2022-11-03
[OK provider=arctic-shift] tennessee_team|2022-11-10
[OK provider=arctic-shift] tennessee_team|2022-11-17
[OK provider=arctic-shift] tennessee_team|2022-11-24
[OK provider=arctic-shift] tennessee_team|2022-12-01
[OK provider=arctic-shift] tennessee_team|2022-12-08
[OK provider=arctic-shift] tennessee_team|2022-12-15
[OK provider=arctic-shift] tennessee_team|2022-12-22
[OK provider=arctic-shift] tennessee_team|2022-12-29
[OK provider=arctic-shift] tennessee_team|2023-01-05
[OK provider=arctic-shift] tennessee_team|2023-01-12
[OK provider=arctic-shift] tennessee_team|2023-01-19
[OK provider=arctic-shift] tennessee_team|2023-01-26
[OK provider=arctic-shift] tennessee_team|2023-02-02
[checkpoint] 1360/2000 ok=360 err=0 skip=1000 elapsed=1288s
[OK provider=arctic-shift] tennessee_team|2023-02-09
[OK provider=arctic-shift] tennessee_team|2023-02-16
[OK provider=arctic-shift] tennessee_team|2023-02-23
[OK provider=arctic-shift] tennessee_team|2023-03-02
[OK provider=arctic-shift] tennessee_team|2023-03-09
[OK provider=arctic-shift] tennessee_team|2023-03-16
[OK provider=arctic-shift] tennessee_team|2023-03-23
[OK provider=arctic-shift] tennessee_team|2023-03-30
[OK provider=arctic-shift] tennessee_team|2023-04-06
[OK provider=arctic-shift] tennessee_team|2023-04-13
[OK provider=arctic-shift] tennessee_team|2023-04-20
[OK provider=arctic-shift] tennessee_team|2023-04-27
[OK provider=arctic-shift] tennessee_team|2023-05-04
[OK provider=arctic-shift] tennessee_team|2023-05-11
[OK provider=arctic-shift] tennessee_team|2023-05-18
[OK provider=arctic-shift] tennessee_team|2023-05-25
[OK provider=arctic-shift] tennessee_team|2023-06-01
[OK provider=arctic-shift] tennessee_team|2023-06-08
[OK provider=arctic-shift] tennessee_team|2023-06-15
[OK provider=arctic-shift] tennessee_team|2023-06-22
[checkpoint] 1380/2000 ok=380 err=0 skip=1000 elapsed=1353s
[OK provider=arctic-shift] tennessee_team|2023-06-29
[OK provider=arctic-shift] tennessee_team|2023-07-06
[OK provider=arctic-shift] tennessee_team|2023-07-13
[OK provider=arctic-shift] tennessee_team|2023-07-20
[OK provider=arctic-shift] tennessee_team|2023-07-27
[OK provider=arctic-shift] tennessee_team|2023-08-03
[OK provider=arctic-shift] tennessee_team|2023-08-10
[OK provider=arctic-shift] tennessee_team|2023-08-17
[OK provider=arctic-shift] tennessee_team|2023-08-24
[OK provider=arctic-shift] tennessee_team|2023-08-31
[OK provider=arctic-shift] tennessee_team|2023-09-07
[OK provider=arctic-shift] tennessee_team|2023-09-14
[OK provider=arctic-shift] tennessee_team|2023-09-21
[OK provider=arctic-shift] tennessee_team|2023-09-28
[OK provider=arctic-shift] tennessee_team|2023-10-05
[OK provider=arctic-shift] tennessee_team|2023-10-12
[OK provider=arctic-shift] tennessee_team|2023-10-19
[OK provider=arctic-shift] tennessee_team|2023-10-26
[OK provider=arctic-shift] tennessee_team|2023-11-02
[OK provider=arctic-shift] tennessee_team|2023-11-09
[checkpoint] 1400/2000 ok=400 err=0 skip=1000 elapsed=1415s
[OK provider=arctic-shift] tennessee_team|2023-11-16
[OK provider=arctic-shift] tennessee_team|2023-11-23
[OK provider=arctic-shift] tennessee_team|2023-11-30
[OK provider=arctic-shift] tennessee_team|2023-12-07
[OK provider=arctic-shift] tennessee_team|2023-12-14
[OK provider=arctic-shift] tennessee_team|2023-12-21
[OK provider=arctic-shift] tennessee_team|2023-12-28
[OK provider=arctic-shift] tennessee_team|2024-01-04
[OK provider=arctic-shift] tennessee_team|2024-01-11
[OK provider=arctic-shift] tennessee_team|2024-01-18
[OK provider=arctic-shift] tennessee_team|2024-01-25
[OK provider=arctic-shift] tennessee_team|2024-02-01
[OK provider=arctic-shift] tennessee_team|2024-02-08
[OK provider=arctic-shift] tennessee_team|2024-02-15
[OK provider=arctic-shift] tennessee_team|2024-02-22
[OK provider=arctic-shift] tennessee_team|2024-02-29
[OK provider=arctic-shift] tennessee_team|2024-03-07
[OK provider=arctic-shift] tennessee_team|2024-03-14
[OK provider=arctic-shift] tennessee_team|2024-03-21
[OK provider=arctic-shift] tennessee_team|2024-03-28
[checkpoint] 1420/2000 ok=420 err=0 skip=1000 elapsed=1486s
[OK provider=arctic-shift] tennessee_team|2024-04-04
[OK provider=arctic-shift] tennessee_team|2024-04-11
[OK provider=arctic-shift] tennessee_team|2024-04-18
[OK provider=arctic-shift] tennessee_team|2024-04-25
[OK provider=arctic-shift] tennessee_team|2024-05-02
[OK provider=arctic-shift] tennessee_team|2024-05-09
[OK provider=arctic-shift] tennessee_team|2024-05-16
[OK provider=arctic-shift] tennessee_team|2024-05-23
[OK provider=arctic-shift] tennessee_team|2024-05-30
[OK provider=arctic-shift] tennessee_team|2024-06-06
[OK provider=arctic-shift] tennessee_team|2024-06-13
[OK provider=arctic-shift] tennessee_team|2024-06-20
[OK provider=arctic-shift] tennessee_team|2024-06-27
[OK provider=arctic-shift] tennessee_team|2024-07-04
[OK provider=arctic-shift] tennessee_team|2024-07-11
[OK provider=arctic-shift] tennessee_team|2024-07-18
[OK provider=arctic-shift] tennessee_team|2024-07-25
[OK provider=arctic-shift] tennessee_team|2024-08-01
[OK provider=arctic-shift] tennessee_team|2024-08-08
[OK provider=arctic-shift] tennessee_team|2024-08-15
[checkpoint] 1440/2000 ok=440 err=0 skip=1000 elapsed=1540s
[OK provider=arctic-shift] tennessee_team|2024-08-22
[OK provider=arctic-shift] tennessee_team|2024-08-29
[OK provider=arctic-shift] tennessee_team|2024-09-05
[OK provider=arctic-shift] tennessee_team|2024-09-12
[OK provider=arctic-shift] tennessee_team|2024-09-19
[OK provider=arctic-shift] tennessee_team|2024-09-26
[OK provider=arctic-shift] tennessee_team|2024-10-03
[OK provider=arctic-shift] tennessee_team|2024-10-10
[OK provider=arctic-shift] tennessee_team|2024-10-17
[OK provider=arctic-shift] tennessee_team|2024-10-24
[OK provider=arctic-shift] tennessee_team|2024-10-31
[OK provider=arctic-shift] tennessee_team|2024-11-07
[OK provider=arctic-shift] tennessee_team|2024-11-14
[OK provider=arctic-shift] tennessee_team|2024-11-21
[OK provider=arctic-shift] tennessee_team|2024-11-28
[OK provider=arctic-shift] tennessee_team|2024-12-05
[OK provider=arctic-shift] tennessee_team|2024-12-12
[OK provider=arctic-shift] tennessee_team|2024-12-19
[OK provider=arctic-shift] tennessee_team|2024-12-26
[OK provider=arctic-shift] tennessee_team|2025-01-02
[checkpoint] 1460/2000 ok=460 err=0 skip=1000 elapsed=1597s
[OK provider=arctic-shift] tennessee_team|2025-01-09
[OK provider=arctic-shift] tennessee_team|2025-01-16
[OK provider=arctic-shift] tennessee_team|2025-01-23
[OK provider=arctic-shift] tennessee_team|2025-01-30
[OK provider=arctic-shift] tennessee_team|2025-02-06
[OK provider=arctic-shift] tennessee_team|2025-02-13
[OK provider=arctic-shift] tennessee_team|2025-02-20
[OK provider=arctic-shift] tennessee_team|2025-02-27
[OK provider=arctic-shift] tennessee_team|2025-03-06
[OK provider=arctic-shift] tennessee_team|2025-03-13
[OK provider=arctic-shift] tennessee_team|2025-03-20
[OK provider=arctic-shift] tennessee_team|2025-03-27
[OK provider=arctic-shift] tennessee_team|2025-04-03
[OK provider=arctic-shift] tennessee_team|2025-04-10
[OK provider=arctic-shift] tennessee_team|2025-04-17
[OK provider=arctic-shift] tennessee_team|2025-04-24
[OK provider=arctic-shift] tennessee_team|2025-05-01
[OK provider=arctic-shift] tennessee_team|2025-05-08
[OK provider=arctic-shift] tennessee_team|2025-05-15
[OK provider=arctic-shift] tennessee_team|2025-05-22
[checkpoint] 1480/2000 ok=480 err=0 skip=1000 elapsed=1655s
[OK provider=arctic-shift] tennessee_team|2025-05-29
[OK provider=arctic-shift] tennessee_team|2025-06-05
[OK provider=arctic-shift] tennessee_team|2025-06-12
[OK provider=arctic-shift] tennessee_team|2025-06-19
[OK provider=arctic-shift] tennessee_team|2025-06-26
[OK provider=arctic-shift] tennessee_team|2025-07-03
[OK provider=arctic-shift] tennessee_team|2025-07-10
[OK provider=arctic-shift] tennessee_team|2025-07-17
[OK provider=arctic-shift] tennessee_team|2025-07-24
[OK provider=arctic-shift] tennessee_team|2025-07-31
[OK provider=arctic-shift] tennessee_team|2025-08-07
[OK provider=arctic-shift] tennessee_team|2025-08-14
[OK provider=arctic-shift] tennessee_team|2025-08-21
[OK provider=arctic-shift] tennessee_team|2025-08-28
[OK provider=arctic-shift] tennessee_team|2025-09-04
[OK provider=arctic-shift] tennessee_team|2025-09-11
[OK provider=arctic-shift] tennessee_team|2025-09-18
[OK provider=arctic-shift] tennessee_team|2025-09-25
[OK provider=arctic-shift] tennessee_team|2025-10-02
[OK provider=arctic-shift] tennessee_team|2025-10-09
[checkpoint] 1500/2000 ok=500 err=0 skip=1000 elapsed=1714s
[OK provider=arctic-shift] tennessee_team|2025-10-16
[OK provider=arctic-shift] tennessee_team|2025-10-23
[OK provider=arctic-shift] tennessee_team|2025-10-30
[OK provider=arctic-shift] tennessee_team|2025-11-06
[OK provider=arctic-shift] tennessee_team|2025-11-13
[OK provider=arctic-shift] tennessee_team|2025-11-20
[OK provider=arctic-shift] tennessee_team|2025-11-27
[OK provider=arctic-shift] tennessee_team|2025-12-04
[OK provider=arctic-shift] tennessee_team|2025-12-11
[OK provider=arctic-shift] tennessee_team|2025-12-18
[OK provider=arctic-shift] tennessee_team|2025-12-25
[OK provider=arctic-shift] tennessee_team|2026-01-01
[OK provider=arctic-shift] tennessee_team|2026-01-08
[OK provider=arctic-shift] tennessee_team|2026-01-15
[OK provider=arctic-shift] tennessee_team|2026-01-22
[OK provider=arctic-shift] tennessee_team|2026-01-29
[OK provider=arctic-shift] tennessee_team|2026-02-05
[OK provider=arctic-shift] tennessee_team|2026-02-12
[OK provider=arctic-shift] tennessee_team|2026-02-19
[OK provider=arctic-shift] tennessee_team|2026-02-26
[checkpoint] 1520/2000 ok=520 err=0 skip=1000 elapsed=1769s
[OK provider=arctic-shift] tennessee_team|2026-03-05
[OK provider=arctic-shift] tennessee_team|2026-03-12
[OK provider=arctic-shift] tennessee_team|2026-03-19
[OK provider=arctic-shift] tennessee_team|2026-03-26
[OK provider=arctic-shift] tennessee_team|2026-04-02
[OK provider=arctic-shift] tennessee_team|2026-04-09
[OK provider=arctic-shift] tennessee_team|2026-04-16
[OK provider=arctic-shift] tennessee_team|2026-04-23
[OK provider=arctic-shift] tennessee_city|2022-09-01
[OK provider=arctic-shift] tennessee_city|2022-09-08
[OK provider=arctic-shift] tennessee_city|2022-09-15
[OK provider=arctic-shift] tennessee_city|2022-09-22
[OK provider=arctic-shift] tennessee_city|2022-09-29
[OK provider=arctic-shift] tennessee_city|2022-10-06
[OK provider=arctic-shift] tennessee_city|2022-10-13
[OK provider=arctic-shift] tennessee_city|2022-10-20
[OK provider=arctic-shift] tennessee_city|2022-10-27
[OK provider=arctic-shift] tennessee_city|2022-11-03
[OK provider=arctic-shift] tennessee_city|2022-11-10
[OK provider=arctic-shift] tennessee_city|2022-11-17
[checkpoint] 1540/2000 ok=540 err=0 skip=1000 elapsed=1831s
[OK provider=arctic-shift] tennessee_city|2022-11-24
[OK provider=arctic-shift] tennessee_city|2022-12-01
[OK provider=arctic-shift] tennessee_city|2022-12-08
[OK provider=arctic-shift] tennessee_city|2022-12-15
[OK provider=arctic-shift] tennessee_city|2022-12-22
[OK provider=arctic-shift] tennessee_city|2022-12-29
[OK provider=arctic-shift] tennessee_city|2023-01-05
[OK provider=arctic-shift] tennessee_city|2023-01-12
[OK provider=arctic-shift] tennessee_city|2023-01-19
[OK provider=arctic-shift] tennessee_city|2023-01-26
[OK provider=arctic-shift] tennessee_city|2023-02-02
[OK provider=arctic-shift] tennessee_city|2023-02-09
[OK provider=arctic-shift] tennessee_city|2023-02-16
[OK provider=arctic-shift] tennessee_city|2023-02-23
[OK provider=arctic-shift] tennessee_city|2023-03-02
[OK provider=arctic-shift] tennessee_city|2023-03-09
[OK provider=arctic-shift] tennessee_city|2023-03-16
[OK provider=arctic-shift] tennessee_city|2023-03-23
[OK provider=arctic-shift] tennessee_city|2023-03-30
[OK provider=arctic-shift] tennessee_city|2023-04-06
[checkpoint] 1560/2000 ok=560 err=0 skip=1000 elapsed=1896s
[OK provider=arctic-shift] tennessee_city|2023-04-13
[OK provider=arctic-shift] tennessee_city|2023-04-20
[OK provider=arctic-shift] tennessee_city|2023-04-27
[OK provider=arctic-shift] tennessee_city|2023-05-04
[OK provider=arctic-shift] tennessee_city|2023-05-11
[OK provider=arctic-shift] tennessee_city|2023-05-18
[OK provider=arctic-shift] tennessee_city|2023-05-25
[OK provider=arctic-shift] tennessee_city|2023-06-01
[OK provider=arctic-shift] tennessee_city|2023-06-08
[OK provider=arctic-shift] tennessee_city|2023-06-15
[OK provider=arctic-shift] tennessee_city|2023-06-22
[OK provider=arctic-shift] tennessee_city|2023-06-29
[OK provider=arctic-shift] tennessee_city|2023-07-06
[OK provider=arctic-shift] tennessee_city|2023-07-13
[OK provider=arctic-shift] tennessee_city|2023-07-20
[OK provider=arctic-shift] tennessee_city|2023-07-27
[OK provider=arctic-shift] tennessee_city|2023-08-03
[OK provider=arctic-shift] tennessee_city|2023-08-10
[OK provider=arctic-shift] tennessee_city|2023-08-17
[OK provider=arctic-shift] tennessee_city|2023-08-24
[checkpoint] 1580/2000 ok=580 err=0 skip=1000 elapsed=1960s
[OK provider=arctic-shift] tennessee_city|2023-08-31
[OK provider=arctic-shift] tennessee_city|2023-09-07
[OK provider=arctic-shift] tennessee_city|2023-09-14
[OK provider=arctic-shift] tennessee_city|2023-09-21
[OK provider=arctic-shift] tennessee_city|2023-09-28
[OK provider=arctic-shift] tennessee_city|2023-10-05
[OK provider=arctic-shift] tennessee_city|2023-10-12
[OK provider=arctic-shift] tennessee_city|2023-10-19
[OK provider=arctic-shift] tennessee_city|2023-10-26
[OK provider=arctic-shift] tennessee_city|2023-11-02
[OK provider=arctic-shift] tennessee_city|2023-11-09
[OK provider=arctic-shift] tennessee_city|2023-11-16
[OK provider=arctic-shift] tennessee_city|2023-11-23
[OK provider=arctic-shift] tennessee_city|2023-11-30
[OK provider=arctic-shift] tennessee_city|2023-12-07
[OK provider=arctic-shift] tennessee_city|2023-12-14
[OK provider=arctic-shift] tennessee_city|2023-12-21
[OK provider=arctic-shift] tennessee_city|2023-12-28
[OK provider=arctic-shift] tennessee_city|2024-01-04
[OK provider=arctic-shift] tennessee_city|2024-01-11
[checkpoint] 1600/2000 ok=600 err=0 skip=1000 elapsed=2031s
[OK provider=arctic-shift] tennessee_city|2024-01-18
[OK provider=arctic-shift] tennessee_city|2024-01-25
[OK provider=arctic-shift] tennessee_city|2024-02-01
[OK provider=arctic-shift] tennessee_city|2024-02-08
[OK provider=arctic-shift] tennessee_city|2024-02-15
[OK provider=arctic-shift] tennessee_city|2024-02-22
[OK provider=arctic-shift] tennessee_city|2024-02-29
[OK provider=arctic-shift] tennessee_city|2024-03-07
[OK provider=arctic-shift] tennessee_city|2024-03-14
[OK provider=arctic-shift] tennessee_city|2024-03-21
[OK provider=arctic-shift] tennessee_city|2024-03-28
[OK provider=arctic-shift] tennessee_city|2024-04-04
[OK provider=arctic-shift] tennessee_city|2024-04-11
[OK provider=arctic-shift] tennessee_city|2024-04-18
[OK provider=arctic-shift] tennessee_city|2024-04-25
[OK provider=arctic-shift] tennessee_city|2024-05-02
[OK provider=arctic-shift] tennessee_city|2024-05-09
[OK provider=arctic-shift] tennessee_city|2024-05-16
[OK provider=arctic-shift] tennessee_city|2024-05-23
[OK provider=arctic-shift] tennessee_city|2024-05-30
[checkpoint] 1620/2000 ok=620 err=0 skip=1000 elapsed=2114s
[OK provider=arctic-shift] tennessee_city|2024-06-06
[OK provider=arctic-shift] tennessee_city|2024-06-13
[OK provider=arctic-shift] tennessee_city|2024-06-20
[OK provider=arctic-shift] tennessee_city|2024-06-27
[OK provider=arctic-shift] tennessee_city|2024-07-04
[OK provider=arctic-shift] tennessee_city|2024-07-11
[OK provider=arctic-shift] tennessee_city|2024-07-18
[OK provider=arctic-shift] tennessee_city|2024-07-25
[OK provider=arctic-shift] tennessee_city|2024-08-01
[OK provider=arctic-shift] tennessee_city|2024-08-08
[OK provider=arctic-shift] tennessee_city|2024-08-15
[OK provider=arctic-shift] tennessee_city|2024-08-22
[OK provider=arctic-shift] tennessee_city|2024-08-29
[OK provider=arctic-shift] tennessee_city|2024-09-05
[OK provider=arctic-shift] tennessee_city|2024-09-12
[OK provider=arctic-shift] tennessee_city|2024-09-19
[OK provider=arctic-shift] tennessee_city|2024-09-26
[OK provider=arctic-shift] tennessee_city|2024-10-03
[OK provider=arctic-shift] tennessee_city|2024-10-10
[OK provider=arctic-shift] tennessee_city|2024-10-17
[checkpoint] 1640/2000 ok=640 err=0 skip=1000 elapsed=2188s
[OK provider=arctic-shift] tennessee_city|2024-10-24
[OK provider=arctic-shift] tennessee_city|2024-10-31
[OK provider=arctic-shift] tennessee_city|2024-11-07
[OK provider=arctic-shift] tennessee_city|2024-11-14
[OK provider=arctic-shift] tennessee_city|2024-11-21
[OK provider=arctic-shift] tennessee_city|2024-11-28
[OK provider=arctic-shift] tennessee_city|2024-12-05
[OK provider=arctic-shift] tennessee_city|2024-12-12
[OK provider=arctic-shift] tennessee_city|2024-12-19
[OK provider=arctic-shift] tennessee_city|2024-12-26
[OK provider=arctic-shift] tennessee_city|2025-01-02
[OK provider=arctic-shift] tennessee_city|2025-01-09
[OK provider=arctic-shift] tennessee_city|2025-01-16
[OK provider=arctic-shift] tennessee_city|2025-01-23
[OK provider=arctic-shift] tennessee_city|2025-01-30
[OK provider=arctic-shift] tennessee_city|2025-02-06
[OK provider=arctic-shift] tennessee_city|2025-02-13
[OK provider=arctic-shift] tennessee_city|2025-02-20
[OK provider=arctic-shift] tennessee_city|2025-02-27
[OK provider=arctic-shift] tennessee_city|2025-03-06
[checkpoint] 1660/2000 ok=660 err=0 skip=1000 elapsed=2256s
[OK provider=arctic-shift] tennessee_city|2025-03-13
[OK provider=arctic-shift] tennessee_city|2025-03-20
[OK provider=arctic-shift] tennessee_city|2025-03-27
[OK provider=arctic-shift] tennessee_city|2025-04-03
[OK provider=arctic-shift] tennessee_city|2025-04-10
[OK provider=arctic-shift] tennessee_city|2025-04-17
[OK provider=arctic-shift] tennessee_city|2025-04-24
[OK provider=arctic-shift] tennessee_city|2025-05-01
[OK provider=arctic-shift] tennessee_city|2025-05-08
[OK provider=arctic-shift] tennessee_city|2025-05-15
[OK provider=arctic-shift] tennessee_city|2025-05-22
[OK provider=arctic-shift] tennessee_city|2025-05-29
[OK provider=arctic-shift] tennessee_city|2025-06-05
[OK provider=arctic-shift] tennessee_city|2025-06-12
[OK provider=arctic-shift] tennessee_city|2025-06-19
[OK provider=arctic-shift] tennessee_city|2025-06-26
[OK provider=arctic-shift] tennessee_city|2025-07-03
[OK provider=arctic-shift] tennessee_city|2025-07-10
[OK provider=arctic-shift] tennessee_city|2025-07-17
[OK provider=arctic-shift] tennessee_city|2025-07-24
[checkpoint] 1680/2000 ok=680 err=0 skip=1000 elapsed=2331s
[OK provider=arctic-shift] tennessee_city|2025-07-31
[OK provider=arctic-shift] tennessee_city|2025-08-07
[OK provider=arctic-shift] tennessee_city|2025-08-14
[OK provider=arctic-shift] tennessee_city|2025-08-21
[OK provider=arctic-shift] tennessee_city|2025-08-28
[OK provider=arctic-shift] tennessee_city|2025-09-04
[OK provider=arctic-shift] tennessee_city|2025-09-11
[OK provider=arctic-shift] tennessee_city|2025-09-18
[OK provider=arctic-shift] tennessee_city|2025-09-25
[OK provider=arctic-shift] tennessee_city|2025-10-02
[OK provider=arctic-shift] tennessee_city|2025-10-09
[OK provider=arctic-shift] tennessee_city|2025-10-16
[OK provider=arctic-shift] tennessee_city|2025-10-23
[OK provider=arctic-shift] tennessee_city|2025-10-30
[OK provider=arctic-shift] tennessee_city|2025-11-06
[OK provider=arctic-shift] tennessee_city|2025-11-13
[OK provider=arctic-shift] tennessee_city|2025-11-20
[OK provider=arctic-shift] tennessee_city|2025-11-27
[OK provider=arctic-shift] tennessee_city|2025-12-04
[OK provider=arctic-shift] tennessee_city|2025-12-11
[checkpoint] 1700/2000 ok=700 err=0 skip=1000 elapsed=2406s
[OK provider=arctic-shift] tennessee_city|2025-12-18
[OK provider=arctic-shift] tennessee_city|2025-12-25
[OK provider=arctic-shift] tennessee_city|2026-01-01
[OK provider=arctic-shift] tennessee_city|2026-01-08
[OK provider=arctic-shift] tennessee_city|2026-01-15
[OK provider=arctic-shift] tennessee_city|2026-01-22
[OK provider=arctic-shift] tennessee_city|2026-01-29
[OK provider=arctic-shift] tennessee_city|2026-02-05
[OK provider=arctic-shift] tennessee_city|2026-02-12
[OK provider=arctic-shift] tennessee_city|2026-02-19
[OK provider=arctic-shift] tennessee_city|2026-02-26
[OK provider=arctic-shift] tennessee_city|2026-03-05
[OK provider=arctic-shift] tennessee_city|2026-03-12
[OK provider=arctic-shift] tennessee_city|2026-03-19
[OK provider=arctic-shift] tennessee_city|2026-03-26
[OK provider=arctic-shift] tennessee_city|2026-04-02
[OK provider=arctic-shift] tennessee_city|2026-04-09
[OK provider=arctic-shift] tennessee_city|2026-04-16
[OK provider=arctic-shift] tennessee_city|2026-04-23
[OK provider=arctic-shift] texas_team|2022-09-01
[checkpoint] 1720/2000 ok=720 err=0 skip=1000 elapsed=2480s
[OK provider=arctic-shift] texas_team|2022-09-08
[OK provider=arctic-shift] texas_team|2022-09-15
[OK provider=arctic-shift] texas_team|2022-09-22
[OK provider=arctic-shift] texas_team|2022-09-29
[OK provider=arctic-shift] texas_team|2022-10-06
[OK provider=arctic-shift] texas_team|2022-10-13
[OK provider=arctic-shift] texas_team|2022-10-20
[OK provider=arctic-shift] texas_team|2022-10-27
[OK provider=arctic-shift] texas_team|2022-11-03
[OK provider=arctic-shift] texas_team|2022-11-10
[OK provider=arctic-shift] texas_team|2022-11-17
[OK provider=arctic-shift] texas_team|2022-11-24
[OK provider=arctic-shift] texas_team|2022-12-01
[OK provider=arctic-shift] texas_team|2022-12-08
[OK provider=arctic-shift] texas_team|2022-12-15
[OK provider=arctic-shift] texas_team|2022-12-22
[OK provider=arctic-shift] texas_team|2022-12-29
[OK provider=arctic-shift] texas_team|2023-01-05
[OK provider=arctic-shift] texas_team|2023-01-12
[OK provider=arctic-shift] texas_team|2023-01-19
[checkpoint] 1740/2000 ok=740 err=0 skip=1000 elapsed=2556s
[OK provider=arctic-shift] texas_team|2023-01-26
[OK provider=arctic-shift] texas_team|2023-02-02
[OK provider=arctic-shift] texas_team|2023-02-09
[OK provider=arctic-shift] texas_team|2023-02-16
[OK provider=arctic-shift] texas_team|2023-02-23
[OK provider=arctic-shift] texas_team|2023-03-02
[OK provider=arctic-shift] texas_team|2023-03-09
[OK provider=arctic-shift] texas_team|2023-03-16
[OK provider=arctic-shift] texas_team|2023-03-23
[OK provider=arctic-shift] texas_team|2023-03-30
[OK provider=arctic-shift] texas_team|2023-04-06
[OK provider=arctic-shift] texas_team|2023-04-13
[OK provider=arctic-shift] texas_team|2023-04-20
[OK provider=arctic-shift] texas_team|2023-04-27
[OK provider=arctic-shift] texas_team|2023-05-04
[OK provider=arctic-shift] texas_team|2023-05-11
[OK provider=arctic-shift] texas_team|2023-05-18
[OK provider=arctic-shift] texas_team|2023-05-25
[OK provider=arctic-shift] texas_team|2023-06-01
[OK provider=arctic-shift] texas_team|2023-06-08
[checkpoint] 1760/2000 ok=760 err=0 skip=1000 elapsed=2628s
[OK provider=arctic-shift] texas_team|2023-06-15
[OK provider=arctic-shift] texas_team|2023-06-22
[OK provider=arctic-shift] texas_team|2023-06-29
[OK provider=arctic-shift] texas_team|2023-07-06
[OK provider=arctic-shift] texas_team|2023-07-13
[OK provider=arctic-shift] texas_team|2023-07-20
[OK provider=arctic-shift] texas_team|2023-07-27
[OK provider=arctic-shift] texas_team|2023-08-03
[OK provider=arctic-shift] texas_team|2023-08-10
[OK provider=arctic-shift] texas_team|2023-08-17
[OK provider=arctic-shift] texas_team|2023-08-24
[OK provider=arctic-shift] texas_team|2023-08-31
[OK provider=arctic-shift] texas_team|2023-09-07
[OK provider=arctic-shift] texas_team|2023-09-14
[OK provider=arctic-shift] texas_team|2023-09-21
[OK provider=arctic-shift] texas_team|2023-09-28
[OK provider=arctic-shift] texas_team|2023-10-05
[OK provider=arctic-shift] texas_team|2023-10-12
[OK provider=arctic-shift] texas_team|2023-10-19
[OK provider=arctic-shift] texas_team|2023-10-26
[checkpoint] 1780/2000 ok=780 err=0 skip=1000 elapsed=2707s
[OK provider=arctic-shift] texas_team|2023-11-02
[OK provider=arctic-shift] texas_team|2023-11-09
[OK provider=arctic-shift] texas_team|2023-11-16
[OK provider=arctic-shift] texas_team|2023-11-23
[OK provider=arctic-shift] texas_team|2023-11-30
[OK provider=arctic-shift] texas_team|2023-12-07
[OK provider=arctic-shift] texas_team|2023-12-14
[OK provider=arctic-shift] texas_team|2023-12-21
[OK provider=arctic-shift] texas_team|2023-12-28
[OK provider=arctic-shift] texas_team|2024-01-04
[OK provider=arctic-shift] texas_team|2024-01-11
[OK provider=arctic-shift] texas_team|2024-01-18
[OK provider=arctic-shift] texas_team|2024-01-25
[OK provider=arctic-shift] texas_team|2024-02-01
[OK provider=arctic-shift] texas_team|2024-02-08
[OK provider=arctic-shift] texas_team|2024-02-15
[OK provider=arctic-shift] texas_team|2024-02-22
[OK provider=arctic-shift] texas_team|2024-02-29
[OK provider=arctic-shift] texas_team|2024-03-07
[OK provider=arctic-shift] texas_team|2024-03-14
[checkpoint] 1800/2000 ok=800 err=0 skip=1000 elapsed=2807s
[OK provider=arctic-shift] texas_team|2024-03-21
[OK provider=arctic-shift] texas_team|2024-03-28
[OK provider=arctic-shift] texas_team|2024-04-04
[OK provider=arctic-shift] texas_team|2024-04-11
[OK provider=arctic-shift] texas_team|2024-04-18
[OK provider=arctic-shift] texas_team|2024-04-25
[OK provider=arctic-shift] texas_team|2024-05-02
[OK provider=arctic-shift] texas_team|2024-05-09
[OK provider=arctic-shift] texas_team|2024-05-16
[OK provider=arctic-shift] texas_team|2024-05-23
[OK provider=arctic-shift] texas_team|2024-05-30
[OK provider=arctic-shift] texas_team|2024-06-06
[OK provider=arctic-shift] texas_team|2024-06-13
[OK provider=arctic-shift] texas_team|2024-06-20
[OK provider=arctic-shift] texas_team|2024-06-27
[OK provider=arctic-shift] texas_team|2024-07-04
[OK provider=arctic-shift] texas_team|2024-07-11
[OK provider=arctic-shift] texas_team|2024-07-18
[OK provider=arctic-shift] texas_team|2024-07-25
[OK provider=arctic-shift] texas_team|2024-08-01
[checkpoint] 1820/2000 ok=820 err=0 skip=1000 elapsed=2884s
[OK provider=arctic-shift] texas_team|2024-08-08
[OK provider=arctic-shift] texas_team|2024-08-15
[OK provider=arctic-shift] texas_team|2024-08-22
[OK provider=arctic-shift] texas_team|2024-08-29
[OK provider=arctic-shift] texas_team|2024-09-05
[OK provider=arctic-shift] texas_team|2024-09-12
[OK provider=arctic-shift] texas_team|2024-09-19
[OK provider=arctic-shift] texas_team|2024-09-26
[OK provider=arctic-shift] texas_team|2024-10-03
[OK provider=arctic-shift] texas_team|2024-10-10
[OK provider=arctic-shift] texas_team|2024-10-17
[OK provider=arctic-shift] texas_team|2024-10-24
[OK provider=arctic-shift] texas_team|2024-10-31
[OK provider=arctic-shift] texas_team|2024-11-07
[OK provider=arctic-shift] texas_team|2024-11-14
[OK provider=arctic-shift] texas_team|2024-11-21
[OK provider=arctic-shift] texas_team|2024-11-28
[OK provider=arctic-shift] texas_team|2024-12-05
[OK provider=arctic-shift] texas_team|2024-12-12
[OK provider=arctic-shift] texas_team|2024-12-19
[checkpoint] 1840/2000 ok=840 err=0 skip=1000 elapsed=2971s
[OK provider=arctic-shift] texas_team|2024-12-26
[OK provider=arctic-shift] texas_team|2025-01-02
[OK provider=arctic-shift] texas_team|2025-01-09
[OK provider=arctic-shift] texas_team|2025-01-16
[OK provider=arctic-shift] texas_team|2025-01-23
[OK provider=arctic-shift] texas_team|2025-01-30
[OK provider=arctic-shift] texas_team|2025-02-06
[OK provider=arctic-shift] texas_team|2025-02-13
[OK provider=arctic-shift] texas_team|2025-02-20
[OK provider=arctic-shift] texas_team|2025-02-27
[OK provider=arctic-shift] texas_team|2025-03-06
[OK provider=arctic-shift] texas_team|2025-03-13
[OK provider=arctic-shift] texas_team|2025-03-20
[OK provider=arctic-shift] texas_team|2025-03-27
[OK provider=arctic-shift] texas_team|2025-04-03
[OK provider=arctic-shift] texas_team|2025-04-10
[OK provider=arctic-shift] texas_team|2025-04-17
[OK provider=arctic-shift] texas_team|2025-04-24
[OK provider=arctic-shift] texas_team|2025-05-01
[OK provider=arctic-shift] texas_team|2025-05-08
[checkpoint] 1860/2000 ok=860 err=0 skip=1000 elapsed=3045s
[OK provider=arctic-shift] texas_team|2025-05-15
[OK provider=arctic-shift] texas_team|2025-05-22
[OK provider=arctic-shift] texas_team|2025-05-29
[OK provider=arctic-shift] texas_team|2025-06-05
[OK provider=arctic-shift] texas_team|2025-06-12
[OK provider=arctic-shift] texas_team|2025-06-19
[OK provider=arctic-shift] texas_team|2025-06-26
[OK provider=arctic-shift] texas_team|2025-07-03
[OK provider=arctic-shift] texas_team|2025-07-10
[OK provider=arctic-shift] texas_team|2025-07-17
[OK provider=arctic-shift] texas_team|2025-07-24
[OK provider=arctic-shift] texas_team|2025-07-31
[OK provider=pullpush] texas_team|2025-08-07
[OK provider=arctic-shift] texas_team|2025-08-14
[OK provider=arctic-shift] texas_team|2025-08-21
[OK provider=arctic-shift] texas_team|2025-08-28
[OK provider=arctic-shift] texas_team|2025-09-04
[OK provider=arctic-shift] texas_team|2025-09-11
[OK provider=arctic-shift] texas_team|2025-09-18
[OK provider=arctic-shift] texas_team|2025-09-25
[checkpoint] 1880/2000 ok=880 err=0 skip=1000 elapsed=3155s
[OK provider=arctic-shift] texas_team|2025-10-02
[OK provider=arctic-shift] texas_team|2025-10-09
[OK provider=arctic-shift] texas_team|2025-10-16
[OK provider=arctic-shift] texas_team|2025-10-23
[OK provider=arctic-shift] texas_team|2025-10-30
[OK provider=arctic-shift] texas_team|2025-11-06
[OK provider=arctic-shift] texas_team|2025-11-13
[OK provider=arctic-shift] texas_team|2025-11-20
[OK provider=arctic-shift] texas_team|2025-11-27
[OK provider=arctic-shift] texas_team|2025-12-04
[OK provider=arctic-shift] texas_team|2025-12-11
[OK provider=arctic-shift] texas_team|2025-12-18
[OK provider=arctic-shift] texas_team|2025-12-25
[OK provider=arctic-shift] texas_team|2026-01-01
[OK provider=arctic-shift] texas_team|2026-01-08
[OK provider=arctic-shift] texas_team|2026-01-15
[OK provider=arctic-shift] texas_team|2026-01-22
[OK provider=arctic-shift] texas_team|2026-01-29
[OK provider=arctic-shift] texas_team|2026-02-05
[OK provider=arctic-shift] texas_team|2026-02-12
[checkpoint] 1900/2000 ok=900 err=0 skip=1000 elapsed=3235s
[OK provider=arctic-shift] texas_team|2026-02-19
[OK provider=arctic-shift] texas_team|2026-02-26
[OK provider=arctic-shift] texas_team|2026-03-05
[OK provider=arctic-shift] texas_team|2026-03-12
[OK provider=arctic-shift] texas_team|2026-03-19
[OK provider=arctic-shift] texas_team|2026-03-26
[OK provider=arctic-shift] texas_team|2026-04-02
[OK provider=arctic-shift] texas_team|2026-04-09
[OK provider=arctic-shift] texas_team|2026-04-16
[OK provider=arctic-shift] texas_team|2026-04-23
[OK provider=arctic-shift] texas_city|2022-09-01
[OK provider=arctic-shift] texas_city|2022-09-08
[OK provider=arctic-shift] texas_city|2022-09-15
[OK provider=arctic-shift] texas_city|2022-09-22
[OK provider=arctic-shift] texas_city|2022-09-29
[OK provider=arctic-shift] texas_city|2022-10-06
[OK provider=arctic-shift] texas_city|2022-10-13
[OK provider=arctic-shift] texas_city|2022-10-20
[OK provider=arctic-shift] texas_city|2022-10-27
[OK provider=arctic-shift] texas_city|2022-11-03
[checkpoint] 1920/2000 ok=920 err=0 skip=1000 elapsed=3306s
[OK provider=arctic-shift] texas_city|2022-11-10
[OK provider=arctic-shift] texas_city|2022-11-17
[OK provider=arctic-shift] texas_city|2022-11-24
[OK provider=arctic-shift] texas_city|2022-12-01
[OK provider=arctic-shift] texas_city|2022-12-08
[OK provider=arctic-shift] texas_city|2022-12-15
[OK provider=arctic-shift] texas_city|2022-12-22
[OK provider=arctic-shift] texas_city|2022-12-29
[OK provider=arctic-shift] texas_city|2023-01-05
[OK provider=arctic-shift] texas_city|2023-01-12
[OK provider=arctic-shift] texas_city|2023-01-19
[OK provider=arctic-shift] texas_city|2023-01-26
[OK provider=arctic-shift] texas_city|2023-02-02
[OK provider=arctic-shift] texas_city|2023-02-09
[OK provider=arctic-shift] texas_city|2023-02-16
[OK provider=arctic-shift] texas_city|2023-02-23
[OK provider=arctic-shift] texas_city|2023-03-02
[OK provider=arctic-shift] texas_city|2023-03-09
[OK provider=arctic-shift] texas_city|2023-03-16
[OK provider=arctic-shift] texas_city|2023-03-23
[checkpoint] 1940/2000 ok=940 err=0 skip=1000 elapsed=3384s
[OK provider=arctic-shift] texas_city|2023-03-30
[OK provider=arctic-shift] texas_city|2023-04-06
[OK provider=arctic-shift] texas_city|2023-04-13
[OK provider=arctic-shift] texas_city|2023-04-20
[OK provider=arctic-shift] texas_city|2023-04-27
[OK provider=arctic-shift] texas_city|2023-05-04
[OK provider=arctic-shift] texas_city|2023-05-11
[OK provider=arctic-shift] texas_city|2023-05-18
[OK provider=arctic-shift] texas_city|2023-05-25
[OK provider=arctic-shift] texas_city|2023-06-01
[OK provider=arctic-shift] texas_city|2023-06-08
[OK provider=arctic-shift] texas_city|2023-06-15
[OK provider=arctic-shift] texas_city|2023-06-22
[OK provider=arctic-shift] texas_city|2023-06-29
[OK provider=arctic-shift] texas_city|2023-07-06
[OK provider=pullpush] texas_city|2023-07-13
[OK provider=arctic-shift] texas_city|2023-07-20
[OK provider=arctic-shift] texas_city|2023-07-27
[OK provider=arctic-shift] texas_city|2023-08-03
[OK provider=arctic-shift] texas_city|2023-08-10
[checkpoint] 1960/2000 ok=960 err=0 skip=1000 elapsed=14398s
[OK provider=arctic-shift] texas_city|2023-08-17
[OK provider=arctic-shift] texas_city|2023-08-24
[OK provider=arctic-shift] texas_city|2023-08-31
[OK provider=arctic-shift] texas_city|2023-09-07
[OK provider=arctic-shift] texas_city|2023-09-14
[OK provider=arctic-shift] texas_city|2023-09-21
[OK provider=arctic-shift] texas_city|2023-09-28
[OK provider=arctic-shift] texas_city|2023-10-05
[OK provider=arctic-shift] texas_city|2023-10-12
[OK provider=arctic-shift] texas_city|2023-10-19
[OK provider=arctic-shift] texas_city|2023-10-26
[OK provider=arctic-shift] texas_city|2023-11-02
[OK provider=arctic-shift] texas_city|2023-11-09
[OK provider=arctic-shift] texas_city|2023-11-16
[OK provider=arctic-shift] texas_city|2023-11-23
[OK provider=arctic-shift] texas_city|2023-11-30
[OK provider=arctic-shift] texas_city|2023-12-07
[OK provider=arctic-shift] texas_city|2023-12-14
[OK provider=arctic-shift] texas_city|2023-12-21
[OK provider=arctic-shift] texas_city|2023-12-28
[checkpoint] 1980/2000 ok=980 err=0 skip=1000 elapsed=14495s
[OK provider=arctic-shift] texas_city|2024-01-04
[OK provider=arctic-shift] texas_city|2024-01-11
[OK provider=arctic-shift] texas_city|2024-01-18
[OK provider=arctic-shift] texas_city|2024-01-25
[OK provider=arctic-shift] texas_city|2024-02-01
[OK provider=arctic-shift] texas_city|2024-02-08
[OK provider=arctic-shift] texas_city|2024-02-15
[OK provider=arctic-shift] texas_city|2024-02-22
[OK provider=arctic-shift] texas_city|2024-02-29
[OK provider=arctic-shift] texas_city|2024-03-07
[OK provider=arctic-shift] texas_city|2024-03-14
[OK provider=arctic-shift] texas_city|2024-03-21
[OK provider=arctic-shift] texas_city|2024-03-28
[OK provider=arctic-shift] texas_city|2024-04-04
[OK provider=arctic-shift] texas_city|2024-04-11
[OK provider=arctic-shift] texas_city|2024-04-18
[OK provider=arctic-shift] texas_city|2024-04-25
[OK provider=arctic-shift] texas_city|2024-05-02
[OK provider=arctic-shift] texas_city|2024-05-09
[OK provider=arctic-shift] texas_city|2024-05-16
[checkpoint] 2000/2000 ok=1000 err=0 skip=1000 elapsed=14617s
[done] {'ok': 1000, 'error': 0, 'skipped-completed': 1000, 'dry-run': 0}
