Skipping CFBD connectivity preflight for game-player-stat backfill.
[game-player-stats] target classifications: FBS
[game-player-stats] season 2022: targeting 15 regular source weeks with missing FBS player stats.
[game-player-stats] season 2022: ingesting regular source week 1...
[CFBD] 2022 regular week 1: loading games...
[CFBD] 2022 regular week 1: skipping betting lines...
[CFBD] 2022 regular week 1: skipping weather...
[CFBD] 2022 regular week 1: skipping advanced game stats...
[CFBD] 2022 regular week 1: skipping drives...
[CFBD] 2022 regular week 1: skipping plays...
[CFBD] 2022 regular week 1: loading game player stats...
[CFBD] 2022 regular week 1: targeting game player stat classifications: FBS...
[CFBD] 2022 regular week 1: loading game player stats for FBS...
[CFBD] 2022 regular week 1: skipping possession metric derivation...
[game-player-stats] season 2022: ingesting regular source week 2...
[CFBD] 2022 regular week 2: loading games...
[CFBD] 2022 regular week 2: skipping betting lines...
[CFBD] 2022 regular week 2: skipping weather...
[CFBD] 2022 regular week 2: skipping advanced game stats...
[CFBD] 2022 regular week 2: skipping drives...
[CFBD] 2022 regular week 2: skipping plays...
[CFBD] 2022 regular week 2: loading game player stats...
[CFBD] 2022 regular week 2: targeting game player stat classifications: FBS...
[CFBD] 2022 regular week 2: loading game player stats for FBS...
[CFBD] 2022 regular week 2: skipping possession metric derivation...
[game-player-stats] season 2022: ingesting regular source week 3...
[CFBD] 2022 regular week 3: loading games...
[CFBD] 2022 regular week 3: skipping betting lines...
[CFBD] 2022 regular week 3: skipping weather...
[CFBD] 2022 regular week 3: skipping advanced game stats...
[CFBD] 2022 regular week 3: skipping drives...
[CFBD] 2022 regular week 3: skipping plays...
[CFBD] 2022 regular week 3: loading game player stats...
[CFBD] 2022 regular week 3: targeting game player stat classifications: FBS...
[CFBD] 2022 regular week 3: loading game player stats for FBS...
[CFBD] 2022 regular week 3: skipping possession metric derivation...
[game-player-stats] season 2022: ingesting regular source week 4...
[CFBD] 2022 regular week 4: loading games...
Traceback (most recent call last):
  File "C:\Users\kevin\Downloads\Sports Website\manage.py", line 27, in <module>
    main()
    ~~~~^^
  File "C:\Users\kevin\Downloads\Sports Website\manage.py", line 25, in main
    cli_main()
    ~~~~~~~~^^
  File "C:\Users\kevin\Downloads\Sports Website\src\cfb_rankings\cli.py", line 1812, in main
        flush=True,
            ^^^^^^^
    ...<13 lines>...
            else:
            ^
  File "C:\Users\kevin\Downloads\Sports Website\src\cfb_rankings\ingest\cfbd.py", line 40, in ingest_cfbd_week
    _ingest_games(repository, games, season)
    ~~~~~~~~~~~~~^^^^^^^^^^^^^^^^^^^^^^^^^^^
  File "C:\Users\kevin\Downloads\Sports Website\src\cfb_rankings\ingest\cfbd.py", line 272, in _ingest_games
    repository.upsert_team_season(
    ~~~~~~~~~~~~~~~~~~~~~~~~~~~~~^
        team_id=away_team_id,
        ^^^^^^^^^^^^^^^^^^^^^
    ...<2 lines>...
        conference_name=away_conference,
        ^^^^^^^^^^^^^^^^^^^^^^^^^^^^^^^^
    )
    ^
  File "C:\Users\kevin\Downloads\Sports Website\src\cfb_rankings\storage.py", line 249, in upsert_team_season
    self.db.execute(
    ~~~~~~~~~~~~~~~^
        """
        ^^^
    ...<21 lines>...
        },
        ^^
    )
    ^
  File "C:\Users\kevin\Downloads\Sports Website\src\cfb_rankings\db.py", line 35, in execute
    conn.execute(normalized_query, params or {})
    ~~~~~~~~~~~~^^^^^^^^^^^^^^^^^^^^^^^^^^^^^^^^
sqlite3.OperationalError: attempt to write a readonly database
