Skipping CFBD connectivity preflight for historical CFBD backfill.
Backfilling season 2022: 15 regular-season source weeks detected.
Ingesting 2022 regular source week 1...
[CFBD] 2022 regular week 1: loading games...
[CFBD] 2022 regular week 1: loading betting lines...
[CFBD] 2022 regular week 1: loading weather...
[CFBD] 2022 regular week 1: loading advanced game stats...
[CFBD] 2022 regular week 1: loading drives...
[CFBD] 2022 regular week 1: loading plays...
[CFBD] 2022 regular week 1: skipping game player stats...
[CFBD] 2022 regular week 1: deriving possession metrics...
Ingesting 2022 regular source week 2...
[CFBD] 2022 regular week 2: loading games...
[CFBD] 2022 regular week 2: loading betting lines...
[CFBD] 2022 regular week 2: loading weather...
[CFBD] 2022 regular week 2: loading advanced game stats...
[CFBD] 2022 regular week 2: loading drives...
[CFBD] 2022 regular week 2: loading plays...
[CFBD] 2022 regular week 2: skipping game player stats...
[CFBD] 2022 regular week 2: deriving possession metrics...
Ingesting 2022 regular source week 3...
[CFBD] 2022 regular week 3: loading games...
[CFBD] 2022 regular week 3: loading betting lines...
[CFBD] 2022 regular week 3: loading weather...
[CFBD] 2022 regular week 3: loading advanced game stats...
[CFBD] 2022 regular week 3: loading drives...
[CFBD] 2022 regular week 3: loading plays...
[CFBD] 2022 regular week 3: skipping game player stats...
[CFBD] 2022 regular week 3: deriving possession metrics...
Ingesting 2022 regular source week 4...
[CFBD] 2022 regular week 4: loading games...
[CFBD] 2022 regular week 4: loading betting lines...
[CFBD] 2022 regular week 4: loading weather...
[CFBD] 2022 regular week 4: loading advanced game stats...
[CFBD] 2022 regular week 4: loading drives...
[CFBD] 2022 regular week 4: loading plays...
[CFBD] 2022 regular week 4: skipping game player stats...
[CFBD] 2022 regular week 4: deriving possession metrics...
Ingesting 2022 regular source week 5...
[CFBD] 2022 regular week 5: loading games...
[CFBD] 2022 regular week 5: loading betting lines...
[CFBD] 2022 regular week 5: loading weather...
[CFBD] 2022 regular week 5: loading advanced game stats...
[CFBD] 2022 regular week 5: loading drives...
[CFBD] 2022 regular week 5: loading plays...
[CFBD] 2022 regular week 5: skipping game player stats...
[CFBD] 2022 regular week 5: deriving possession metrics...
Ingesting 2022 regular source week 6...
[CFBD] 2022 regular week 6: loading games...
[CFBD] 2022 regular week 6: loading betting lines...
[CFBD] 2022 regular week 6: loading weather...
[CFBD] 2022 regular week 6: loading advanced game stats...
[CFBD] 2022 regular week 6: loading drives...
[CFBD] 2022 regular week 6: loading plays...
[CFBD] 2022 regular week 6: skipping game player stats...
[CFBD] 2022 regular week 6: deriving possession metrics...
Ingesting 2022 regular source week 7...
[CFBD] 2022 regular week 7: loading games...
[CFBD] 2022 regular week 7: loading betting lines...
[CFBD] 2022 regular week 7: loading weather...
[CFBD] 2022 regular week 7: loading advanced game stats...
[CFBD] 2022 regular week 7: loading drives...
[CFBD] 2022 regular week 7: loading plays...
[CFBD] 2022 regular week 7: skipping game player stats...
[CFBD] 2022 regular week 7: deriving possession metrics...
Ingesting 2022 regular source week 8...
[CFBD] 2022 regular week 8: loading games...
[CFBD] 2022 regular week 8: loading betting lines...
[CFBD] 2022 regular week 8: loading weather...
[CFBD] 2022 regular week 8: loading advanced game stats...
[CFBD] 2022 regular week 8: loading drives...
[CFBD] 2022 regular week 8: loading plays...
[CFBD] 2022 regular week 8: skipping game player stats...
[CFBD] 2022 regular week 8: deriving possession metrics...
Ingesting 2022 regular source week 9...
[CFBD] 2022 regular week 9: loading games...
[CFBD] 2022 regular week 9: loading betting lines...
[CFBD] 2022 regular week 9: loading weather...
[CFBD] 2022 regular week 9: loading advanced game stats...
[CFBD] 2022 regular week 9: loading drives...
[CFBD] 2022 regular week 9: loading plays...
[CFBD] 2022 regular week 9: skipping game player stats...
[CFBD] 2022 regular week 9: deriving possession metrics...
Ingesting 2022 regular source week 10...
[CFBD] 2022 regular week 10: loading games...
[CFBD] 2022 regular week 10: loading betting lines...
[CFBD] 2022 regular week 10: loading weather...
[CFBD] 2022 regular week 10: loading advanced game stats...
[CFBD] 2022 regular week 10: loading drives...
[CFBD] 2022 regular week 10: loading plays...
[CFBD] 2022 regular week 10: skipping game player stats...
[CFBD] 2022 regular week 10: deriving possession metrics...
Ingesting 2022 regular source week 11...
[CFBD] 2022 regular week 11: loading games...
Traceback (most recent call last):
  File "C:\Users\kevin\Downloads\Sports Website\manage.py", line 27, in <module>
    main()
    ~~~~^^
  File "C:\Users\kevin\Downloads\Sports Website\manage.py", line 25, in main
    cli_main()
    ~~~~~~~~^^
  File "C:\Users\kevin\Downloads\Sports Website\src\cfb_rankings\cli.py", line 2062, in main
        print(
            ^^
    ...<8 lines>...
        for week in missing_weeks:
        ^^^^^
  File "C:\Users\kevin\Downloads\Sports Website\src\cfb_rankings\ingest\cfbd.py", line 40, in ingest_cfbd_week
    _ingest_games(repository, games, season)
    ~~~~~~~~~~~~~^^^^^^^^^^^^^^^^^^^^^^^^^^^
  File "C:\Users\kevin\Downloads\Sports Website\src\cfb_rankings\ingest\cfbd.py", line 272, in _ingest_games
    repository.upsert_team_season(
    ~~~~~~~~~~~~~~~~~~~~~~~~~~~~~^
        team_id=away_team_id,
        ^^^^^^^^^^^^^^^^^^^^^
    ...<2 lines>...
        conference_name=away_conference,
        ^^^^^^^^^^^^^^^^^^^^^^^^^^^^^^^^
    )
    ^
  File "C:\Users\kevin\Downloads\Sports Website\src\cfb_rankings\storage.py", line 249, in upsert_team_season
    self.db.execute(
    ~~~~~~~~~~~~~~~^
        """
        ^^^
    ...<21 lines>...
        },
        ^^
    )
    ^
  File "C:\Users\kevin\Downloads\Sports Website\src\cfb_rankings\db.py", line 35, in execute
    conn.execute(normalized_query, params or {})
    ~~~~~~~~~~~~^^^^^^^^^^^^^^^^^^^^^^^^^^^^^^^^
sqlite3.OperationalError: attempt to write a readonly database
