[plan] 1000 windows queued. primary=arctic-shift fallback=pullpush
[state] 309 already completed
[checkpoint] 20/1000 ok=0 err=0 skip=20 elapsed=0s
[checkpoint] 40/1000 ok=0 err=0 skip=40 elapsed=0s
[checkpoint] 60/1000 ok=0 err=0 skip=60 elapsed=0s
[checkpoint] 80/1000 ok=0 err=0 skip=80 elapsed=0s
[checkpoint] 100/1000 ok=0 err=0 skip=100 elapsed=0s
[checkpoint] 120/1000 ok=0 err=0 skip=120 elapsed=0s
[checkpoint] 140/1000 ok=0 err=0 skip=140 elapsed=0s
[checkpoint] 160/1000 ok=0 err=0 skip=160 elapsed=0s
[checkpoint] 180/1000 ok=0 err=0 skip=180 elapsed=0s
[checkpoint] 200/1000 ok=0 err=0 skip=200 elapsed=0s
[checkpoint] 220/1000 ok=0 err=0 skip=220 elapsed=0s
[checkpoint] 240/1000 ok=0 err=0 skip=240 elapsed=0s
[checkpoint] 260/1000 ok=0 err=0 skip=260 elapsed=0s
[checkpoint] 280/1000 ok=0 err=0 skip=280 elapsed=0s
[checkpoint] 300/1000 ok=0 err=0 skip=300 elapsed=0s
[checkpoint] 320/1000 ok=0 err=0 skip=320 elapsed=0s
[checkpoint] 340/1000 ok=0 err=0 skip=340 elapsed=0s
[checkpoint] 360/1000 ok=0 err=0 skip=360 elapsed=0s
[checkpoint] 380/1000 ok=0 err=0 skip=380 elapsed=0s
[checkpoint] 400/1000 ok=0 err=0 skip=400 elapsed=0s
[checkpoint] 420/1000 ok=0 err=0 skip=420 elapsed=0s
[checkpoint] 440/1000 ok=0 err=0 skip=440 elapsed=0s
[checkpoint] 460/1000 ok=0 err=0 skip=460 elapsed=0s
[checkpoint] 480/1000 ok=0 err=0 skip=480 elapsed=0s
[checkpoint] 500/1000 ok=0 err=0 skip=500 elapsed=0s
[OK provider=arctic-shift] alabama_city|2024-12-05
[OK provider=arctic-shift] alabama_city|2024-12-12
[OK provider=arctic-shift] alabama_city|2024-12-19
[OK provider=arctic-shift] alabama_city|2024-12-26
[OK provider=arctic-shift] alabama_city|2025-01-02
[OK provider=arctic-shift] alabama_city|2025-01-09
[OK provider=arctic-shift] alabama_city|2025-01-16
[OK provider=arctic-shift] alabama_city|2025-01-23
[OK provider=arctic-shift] alabama_city|2025-01-30
[OK provider=arctic-shift] alabama_city|2025-02-06
[OK provider=arctic-shift] alabama_city|2025-02-13
[OK provider=arctic-shift] alabama_city|2025-02-20
[OK provider=arctic-shift] alabama_city|2025-02-27
[OK provider=arctic-shift] alabama_city|2025-03-06
[OK provider=arctic-shift] alabama_city|2025-03-13
[OK provider=arctic-shift] alabama_city|2025-03-20
[OK provider=arctic-shift] alabama_city|2025-03-27
[OK provider=arctic-shift] alabama_city|2025-04-03
[OK provider=arctic-shift] alabama_city|2025-04-10
[OK provider=arctic-shift] alabama_city|2025-04-17
[checkpoint] 520/1000 ok=20 err=0 skip=500 elapsed=86s
[OK provider=arctic-shift] alabama_city|2025-04-24
[OK provider=arctic-shift] alabama_city|2025-05-01
[OK provider=arctic-shift] alabama_city|2025-05-08
[OK provider=arctic-shift] alabama_city|2025-05-15
[OK provider=arctic-shift] alabama_city|2025-05-22
[OK provider=arctic-shift] alabama_city|2025-05-29
[OK provider=arctic-shift] alabama_city|2025-06-05
[OK provider=arctic-shift] alabama_city|2025-06-12
[OK provider=arctic-shift] alabama_city|2025-06-19
[OK provider=arctic-shift] alabama_city|2025-06-26
[OK provider=arctic-shift] alabama_city|2025-07-03
[OK provider=arctic-shift] alabama_city|2025-07-10
[OK provider=arctic-shift] alabama_city|2025-07-17
[OK provider=arctic-shift] alabama_city|2025-07-24
[OK provider=arctic-shift] alabama_city|2025-07-31
[OK provider=arctic-shift] alabama_city|2025-08-07
[OK provider=arctic-shift] alabama_city|2025-08-14
[OK provider=arctic-shift] alabama_city|2025-08-21
[OK provider=arctic-shift] alabama_city|2025-08-28
[OK provider=arctic-shift] alabama_city|2025-09-04
[checkpoint] 540/1000 ok=40 err=0 skip=500 elapsed=225s
[OK provider=arctic-shift] alabama_city|2025-09-11
[OK provider=arctic-shift] alabama_city|2025-09-18
[OK provider=arctic-shift] alabama_city|2025-09-25
[OK provider=arctic-shift] alabama_city|2025-10-02
[OK provider=arctic-shift] alabama_city|2025-10-09
[OK provider=arctic-shift] alabama_city|2025-10-16
[OK provider=arctic-shift] alabama_city|2025-10-23
[OK provider=arctic-shift] alabama_city|2025-10-30
[OK provider=arctic-shift] alabama_city|2025-11-06
[OK provider=arctic-shift] alabama_city|2025-11-13
[OK provider=arctic-shift] alabama_city|2025-11-20
[OK provider=arctic-shift] alabama_city|2025-11-27
[OK provider=arctic-shift] alabama_city|2025-12-04
[OK provider=arctic-shift] alabama_city|2025-12-11
[OK provider=arctic-shift] alabama_city|2025-12-18
[OK provider=arctic-shift] alabama_city|2025-12-25
[OK provider=arctic-shift] alabama_city|2026-01-01
[OK provider=arctic-shift] alabama_city|2026-01-08
[OK provider=arctic-shift] alabama_city|2026-01-15
[OK provider=arctic-shift] alabama_city|2026-01-22
[checkpoint] 560/1000 ok=60 err=0 skip=500 elapsed=321s
[OK provider=arctic-shift] alabama_city|2026-01-29
[OK provider=arctic-shift] alabama_city|2026-02-05
[OK provider=arctic-shift] alabama_city|2026-02-12
[OK provider=arctic-shift] alabama_city|2026-02-19
[OK provider=arctic-shift] alabama_city|2026-02-26
[OK provider=arctic-shift] alabama_city|2026-03-05
[OK provider=arctic-shift] alabama_city|2026-03-12
[OK provider=arctic-shift] alabama_city|2026-03-19
[OK provider=arctic-shift] alabama_city|2026-03-26
[OK provider=arctic-shift] alabama_city|2026-04-02
[OK provider=arctic-shift] alabama_city|2026-04-09
[OK provider=arctic-shift] alabama_city|2026-04-16
[OK provider=arctic-shift] alabama_city|2026-04-23
[OK provider=arctic-shift] georgia_team|2022-09-01
[OK provider=arctic-shift] georgia_team|2022-09-08
[OK provider=arctic-shift] georgia_team|2022-09-15
[OK provider=arctic-shift] georgia_team|2022-09-22
[OK provider=arctic-shift] georgia_team|2022-09-29
[OK provider=arctic-shift] georgia_team|2022-10-06
[OK provider=arctic-shift] georgia_team|2022-10-13
[checkpoint] 580/1000 ok=80 err=0 skip=500 elapsed=466s
[OK provider=arctic-shift] georgia_team|2022-10-20
[OK provider=arctic-shift] georgia_team|2022-10-27
[OK provider=arctic-shift] georgia_team|2022-11-03
[OK provider=arctic-shift] georgia_team|2022-11-10
[OK provider=arctic-shift] georgia_team|2022-11-17
[OK provider=arctic-shift] georgia_team|2022-11-24
[OK provider=arctic-shift] georgia_team|2022-12-01
[OK provider=arctic-shift] georgia_team|2022-12-08
[OK provider=arctic-shift] georgia_team|2022-12-15
[OK provider=arctic-shift] georgia_team|2022-12-22
[OK provider=arctic-shift] georgia_team|2022-12-29
[OK provider=arctic-shift] georgia_team|2023-01-05
[OK provider=arctic-shift] georgia_team|2023-01-12
[OK provider=arctic-shift] georgia_team|2023-01-19
[OK provider=arctic-shift] georgia_team|2023-01-26
[OK provider=arctic-shift] georgia_team|2023-02-02
[OK provider=arctic-shift] georgia_team|2023-02-09
[OK provider=arctic-shift] georgia_team|2023-02-16
[OK provider=arctic-shift] georgia_team|2023-02-23
[OK provider=arctic-shift] georgia_team|2023-03-02
[checkpoint] 600/1000 ok=100 err=0 skip=500 elapsed=554s
[OK provider=arctic-shift] georgia_team|2023-03-09
[OK provider=arctic-shift] georgia_team|2023-03-16
[OK provider=arctic-shift] georgia_team|2023-03-23
[OK provider=arctic-shift] georgia_team|2023-03-30
[OK provider=arctic-shift] georgia_team|2023-04-06
[OK provider=arctic-shift] georgia_team|2023-04-13
[OK provider=arctic-shift] georgia_team|2023-04-20
[OK provider=arctic-shift] georgia_team|2023-04-27
[OK provider=arctic-shift] georgia_team|2023-05-04
[OK provider=arctic-shift] georgia_team|2023-05-11
[OK provider=arctic-shift] georgia_team|2023-05-18
[OK provider=arctic-shift] georgia_team|2023-05-25
[OK provider=arctic-shift] georgia_team|2023-06-01
[OK provider=arctic-shift] georgia_team|2023-06-08
[OK provider=arctic-shift] georgia_team|2023-06-15
[OK provider=arctic-shift] georgia_team|2023-06-22
[OK provider=arctic-shift] georgia_team|2023-06-29
[OK provider=arctic-shift] georgia_team|2023-07-06
[OK provider=arctic-shift] georgia_team|2023-07-13
[OK provider=arctic-shift] georgia_team|2023-07-20
[checkpoint] 620/1000 ok=120 err=0 skip=500 elapsed=650s
[OK provider=arctic-shift] georgia_team|2023-07-27
[OK provider=arctic-shift] georgia_team|2023-08-03
[OK provider=arctic-shift] georgia_team|2023-08-10
[OK provider=arctic-shift] georgia_team|2023-08-17
[OK provider=arctic-shift] georgia_team|2023-08-24
[OK provider=arctic-shift] georgia_team|2023-08-31
[OK provider=arctic-shift] georgia_team|2023-09-07
[OK provider=arctic-shift] georgia_team|2023-09-14
[OK provider=arctic-shift] georgia_team|2023-09-21
[OK provider=arctic-shift] georgia_team|2023-09-28
[OK provider=arctic-shift] georgia_team|2023-10-05
[OK provider=arctic-shift] georgia_team|2023-10-12
[OK provider=arctic-shift] georgia_team|2023-10-19
[OK provider=arctic-shift] georgia_team|2023-10-26
[OK provider=arctic-shift] georgia_team|2023-11-02
[OK provider=arctic-shift] georgia_team|2023-11-09
[OK provider=arctic-shift] georgia_team|2023-11-16
[OK provider=arctic-shift] georgia_team|2023-11-23
[OK provider=arctic-shift] georgia_team|2023-11-30
[OK provider=arctic-shift] georgia_team|2023-12-07
[checkpoint] 640/1000 ok=140 err=0 skip=500 elapsed=791s
[OK provider=arctic-shift] georgia_team|2023-12-14
[OK provider=arctic-shift] georgia_team|2023-12-21
[OK provider=arctic-shift] georgia_team|2023-12-28
[OK provider=arctic-shift] georgia_team|2024-01-04
[OK provider=arctic-shift] georgia_team|2024-01-11
[OK provider=arctic-shift] georgia_team|2024-01-18
[OK provider=arctic-shift] georgia_team|2024-01-25
[OK provider=arctic-shift] georgia_team|2024-02-01
[OK provider=arctic-shift] georgia_team|2024-02-08
[OK provider=arctic-shift] georgia_team|2024-02-15
[OK provider=arctic-shift] georgia_team|2024-02-22
[OK provider=arctic-shift] georgia_team|2024-02-29
[OK provider=arctic-shift] georgia_team|2024-03-07
[OK provider=arctic-shift] georgia_team|2024-03-14
[OK provider=arctic-shift] georgia_team|2024-03-21
[OK provider=arctic-shift] georgia_team|2024-03-28
[OK provider=arctic-shift] georgia_team|2024-04-04
[OK provider=arctic-shift] georgia_team|2024-04-11
[OK provider=arctic-shift] georgia_team|2024-04-18
[OK provider=arctic-shift] georgia_team|2024-04-25
[checkpoint] 660/1000 ok=160 err=0 skip=500 elapsed=915s
[OK provider=arctic-shift] georgia_team|2024-05-02
[OK provider=arctic-shift] georgia_team|2024-05-09
[OK provider=arctic-shift] georgia_team|2024-05-16
[OK provider=arctic-shift] georgia_team|2024-05-23
[OK provider=arctic-shift] georgia_team|2024-05-30
[OK provider=arctic-shift] georgia_team|2024-06-06
[OK provider=arctic-shift] georgia_team|2024-06-13
[OK provider=arctic-shift] georgia_team|2024-06-20
[OK provider=arctic-shift] georgia_team|2024-06-27
[OK provider=arctic-shift] georgia_team|2024-07-04
[OK provider=arctic-shift] georgia_team|2024-07-11
[OK provider=arctic-shift] georgia_team|2024-07-18
[OK provider=arctic-shift] georgia_team|2024-07-25
[OK provider=arctic-shift] georgia_team|2024-08-01
[OK provider=arctic-shift] georgia_team|2024-08-08
[OK provider=arctic-shift] georgia_team|2024-08-15
[OK provider=arctic-shift] georgia_team|2024-08-22
[OK provider=arctic-shift] georgia_team|2024-08-29
[OK provider=arctic-shift] georgia_team|2024-09-05
[OK provider=arctic-shift] georgia_team|2024-09-12
[checkpoint] 680/1000 ok=180 err=0 skip=500 elapsed=1025s
[OK provider=arctic-shift] georgia_team|2024-09-19
[OK provider=arctic-shift] georgia_team|2024-09-26
[OK provider=arctic-shift] georgia_team|2024-10-03
[OK provider=arctic-shift] georgia_team|2024-10-10
[OK provider=arctic-shift] georgia_team|2024-10-17
[OK provider=arctic-shift] georgia_team|2024-10-24
[OK provider=arctic-shift] georgia_team|2024-10-31
[OK provider=arctic-shift] georgia_team|2024-11-07
[OK provider=arctic-shift] georgia_team|2024-11-14
[OK provider=arctic-shift] georgia_team|2024-11-21
[OK provider=arctic-shift] georgia_team|2024-11-28
[OK provider=arctic-shift] georgia_team|2024-12-05
[OK provider=arctic-shift] georgia_team|2024-12-12
[OK provider=arctic-shift] georgia_team|2024-12-19
[OK provider=arctic-shift] georgia_team|2024-12-26
[OK provider=arctic-shift] georgia_team|2025-01-02
[OK provider=arctic-shift] georgia_team|2025-01-09
[OK provider=arctic-shift] georgia_team|2025-01-16
[OK provider=arctic-shift] georgia_team|2025-01-23
[OK provider=arctic-shift] georgia_team|2025-01-30
[checkpoint] 700/1000 ok=200 err=0 skip=500 elapsed=1106s
[OK provider=arctic-shift] georgia_team|2025-02-06
[OK provider=arctic-shift] georgia_team|2025-02-13
[OK provider=arctic-shift] georgia_team|2025-02-20
[OK provider=arctic-shift] georgia_team|2025-02-27
[OK provider=arctic-shift] georgia_team|2025-03-06
[OK provider=arctic-shift] georgia_team|2025-03-13
[OK provider=arctic-shift] georgia_team|2025-03-20
[OK provider=arctic-shift] georgia_team|2025-03-27
[OK provider=arctic-shift] georgia_team|2025-04-03
[OK provider=arctic-shift] georgia_team|2025-04-10
[OK provider=arctic-shift] georgia_team|2025-04-17
[OK provider=arctic-shift] georgia_team|2025-04-24
[OK provider=arctic-shift] georgia_team|2025-05-01
[OK provider=arctic-shift] georgia_team|2025-05-08
[OK provider=arctic-shift] georgia_team|2025-05-15
[OK provider=arctic-shift] georgia_team|2025-05-22
[OK provider=arctic-shift] georgia_team|2025-05-29
[OK provider=arctic-shift] georgia_team|2025-06-05
[OK provider=arctic-shift] georgia_team|2025-06-12
[OK provider=arctic-shift] georgia_team|2025-06-19
[checkpoint] 720/1000 ok=220 err=0 skip=500 elapsed=1177s
[OK provider=arctic-shift] georgia_team|2025-06-26
[OK provider=arctic-shift] georgia_team|2025-07-03
[OK provider=arctic-shift] georgia_team|2025-07-10
[OK provider=arctic-shift] georgia_team|2025-07-17
[OK provider=arctic-shift] georgia_team|2025-07-24
[OK provider=arctic-shift] georgia_team|2025-07-31
[OK provider=arctic-shift] georgia_team|2025-08-07
[OK provider=arctic-shift] georgia_team|2025-08-14
[OK provider=arctic-shift] georgia_team|2025-08-21
[OK provider=arctic-shift] georgia_team|2025-08-28
[OK provider=arctic-shift] georgia_team|2025-09-04
[OK provider=arctic-shift] georgia_team|2025-09-11
[OK provider=arctic-shift] georgia_team|2025-09-18
[OK provider=arctic-shift] georgia_team|2025-09-25
[OK provider=arctic-shift] georgia_team|2025-10-02
[OK provider=arctic-shift] georgia_team|2025-10-09
[OK provider=arctic-shift] georgia_team|2025-10-16
[OK provider=arctic-shift] georgia_team|2025-10-23
[OK provider=arctic-shift] georgia_team|2025-10-30
[OK provider=arctic-shift] georgia_team|2025-11-06
[checkpoint] 740/1000 ok=240 err=0 skip=500 elapsed=1245s
[OK provider=arctic-shift] georgia_team|2025-11-13
[OK provider=arctic-shift] georgia_team|2025-11-20
[OK provider=arctic-shift] georgia_team|2025-11-27
[OK provider=arctic-shift] georgia_team|2025-12-04
[OK provider=arctic-shift] georgia_team|2025-12-11
[OK provider=arctic-shift] georgia_team|2025-12-18
[OK provider=arctic-shift] georgia_team|2025-12-25
[OK provider=arctic-shift] georgia_team|2026-01-01
[OK provider=arctic-shift] georgia_team|2026-01-08
[OK provider=arctic-shift] georgia_team|2026-01-15
[OK provider=arctic-shift] georgia_team|2026-01-22
[OK provider=arctic-shift] georgia_team|2026-01-29
[OK provider=arctic-shift] georgia_team|2026-02-05
[OK provider=arctic-shift] georgia_team|2026-02-12
[OK provider=arctic-shift] georgia_team|2026-02-19
[OK provider=arctic-shift] georgia_team|2026-02-26
[OK provider=arctic-shift] georgia_team|2026-03-05
[OK provider=arctic-shift] georgia_team|2026-03-12
[OK provider=arctic-shift] georgia_team|2026-03-19
[OK provider=arctic-shift] georgia_team|2026-03-26
[checkpoint] 760/1000 ok=260 err=0 skip=500 elapsed=1323s
[OK provider=arctic-shift] georgia_team|2026-04-02
[OK provider=arctic-shift] georgia_team|2026-04-09
[OK provider=arctic-shift] georgia_team|2026-04-16
[OK provider=arctic-shift] georgia_team|2026-04-23
[OK provider=arctic-shift] georgia_city|2022-09-01
[OK provider=arctic-shift] georgia_city|2022-09-08
[OK provider=arctic-shift] georgia_city|2022-09-15
[OK provider=arctic-shift] georgia_city|2022-09-22
[OK provider=arctic-shift] georgia_city|2022-09-29
[OK provider=arctic-shift] georgia_city|2022-10-06
[OK provider=arctic-shift] georgia_city|2022-10-13
[OK provider=arctic-shift] georgia_city|2022-10-20
[OK provider=arctic-shift] georgia_city|2022-10-27
[OK provider=arctic-shift] georgia_city|2022-11-03
[OK provider=arctic-shift] georgia_city|2022-11-10
[OK provider=arctic-shift] georgia_city|2022-11-17
[OK provider=arctic-shift] georgia_city|2022-11-24
[OK provider=arctic-shift] georgia_city|2022-12-01
[OK provider=arctic-shift] georgia_city|2022-12-08
[OK provider=arctic-shift] georgia_city|2022-12-15
[checkpoint] 780/1000 ok=280 err=0 skip=500 elapsed=1400s
[OK provider=arctic-shift] georgia_city|2022-12-22
[OK provider=arctic-shift] georgia_city|2022-12-29
[OK provider=arctic-shift] georgia_city|2023-01-05
[OK provider=arctic-shift] georgia_city|2023-01-12
[OK provider=arctic-shift] georgia_city|2023-01-19
[OK provider=arctic-shift] georgia_city|2023-01-26
[OK provider=arctic-shift] georgia_city|2023-02-02
[OK provider=arctic-shift] georgia_city|2023-02-09
[OK provider=arctic-shift] georgia_city|2023-02-16
[OK provider=arctic-shift] georgia_city|2023-02-23
[OK provider=arctic-shift] georgia_city|2023-03-02
[OK provider=arctic-shift] georgia_city|2023-03-09
[OK provider=arctic-shift] georgia_city|2023-03-16
[OK provider=arctic-shift] georgia_city|2023-03-23
[OK provider=arctic-shift] georgia_city|2023-03-30
[OK provider=arctic-shift] georgia_city|2023-04-06
[OK provider=arctic-shift] georgia_city|2023-04-13
[OK provider=arctic-shift] georgia_city|2023-04-20
[OK provider=arctic-shift] georgia_city|2023-04-27
[OK provider=arctic-shift] georgia_city|2023-05-04
[checkpoint] 800/1000 ok=300 err=0 skip=500 elapsed=1473s
[OK provider=arctic-shift] georgia_city|2023-05-11
[OK provider=arctic-shift] georgia_city|2023-05-18
[OK provider=arctic-shift] georgia_city|2023-05-25
[OK provider=arctic-shift] georgia_city|2023-06-01
[OK provider=arctic-shift] georgia_city|2023-06-08
[OK provider=arctic-shift] georgia_city|2023-06-15
[OK provider=arctic-shift] georgia_city|2023-06-22
[OK provider=arctic-shift] georgia_city|2023-06-29
[OK provider=arctic-shift] georgia_city|2023-07-06
[OK provider=arctic-shift] georgia_city|2023-07-13
[OK provider=arctic-shift] georgia_city|2023-07-20
[OK provider=arctic-shift] georgia_city|2023-07-27
[OK provider=arctic-shift] georgia_city|2023-08-03
[OK provider=arctic-shift] georgia_city|2023-08-10
[OK provider=arctic-shift] georgia_city|2023-08-17
[OK provider=arctic-shift] georgia_city|2023-08-24
[OK provider=arctic-shift] georgia_city|2023-08-31
[OK provider=arctic-shift] georgia_city|2023-09-07
[OK provider=arctic-shift] georgia_city|2023-09-14
[OK provider=arctic-shift] georgia_city|2023-09-21
[checkpoint] 820/1000 ok=320 err=0 skip=500 elapsed=1560s
[OK provider=arctic-shift] georgia_city|2023-09-28
[OK provider=arctic-shift] georgia_city|2023-10-05
[OK provider=arctic-shift] georgia_city|2023-10-12
[OK provider=arctic-shift] georgia_city|2023-10-19
[OK provider=arctic-shift] georgia_city|2023-10-26
[OK provider=arctic-shift] georgia_city|2023-11-02
[OK provider=arctic-shift] georgia_city|2023-11-09
[OK provider=arctic-shift] georgia_city|2023-11-16
[OK provider=arctic-shift] georgia_city|2023-11-23
[OK provider=arctic-shift] georgia_city|2023-11-30
[OK provider=arctic-shift] georgia_city|2023-12-07
[OK provider=arctic-shift] georgia_city|2023-12-14
[OK provider=arctic-shift] georgia_city|2023-12-21
[OK provider=arctic-shift] georgia_city|2023-12-28
[OK provider=arctic-shift] georgia_city|2024-01-04
[OK provider=arctic-shift] georgia_city|2024-01-11
[OK provider=arctic-shift] georgia_city|2024-01-18
[OK provider=arctic-shift] georgia_city|2024-01-25
[OK provider=arctic-shift] georgia_city|2024-02-01
[OK provider=arctic-shift] georgia_city|2024-02-08
[checkpoint] 840/1000 ok=340 err=0 skip=500 elapsed=1644s
[OK provider=arctic-shift] georgia_city|2024-02-15
[OK provider=arctic-shift] georgia_city|2024-02-22
[OK provider=arctic-shift] georgia_city|2024-02-29
[OK provider=arctic-shift] georgia_city|2024-03-07
[OK provider=arctic-shift] georgia_city|2024-03-14
[OK provider=arctic-shift] georgia_city|2024-03-21
[OK provider=arctic-shift] georgia_city|2024-03-28
[OK provider=arctic-shift] georgia_city|2024-04-04
[OK provider=arctic-shift] georgia_city|2024-04-11
[OK provider=arctic-shift] georgia_city|2024-04-18
[OK provider=arctic-shift] georgia_city|2024-04-25
[OK provider=arctic-shift] georgia_city|2024-05-02
[OK provider=arctic-shift] georgia_city|2024-05-09
[OK provider=arctic-shift] georgia_city|2024-05-16
[OK provider=arctic-shift] georgia_city|2024-05-23
[OK provider=arctic-shift] georgia_city|2024-05-30
[OK provider=arctic-shift] georgia_city|2024-06-06
[OK provider=arctic-shift] georgia_city|2024-06-13
[OK provider=arctic-shift] georgia_city|2024-06-20
[OK provider=arctic-shift] georgia_city|2024-06-27
[checkpoint] 860/1000 ok=360 err=0 skip=500 elapsed=1739s
[OK provider=arctic-shift] georgia_city|2024-07-04
[OK provider=arctic-shift] georgia_city|2024-07-11
[OK provider=arctic-shift] georgia_city|2024-07-18
[OK provider=arctic-shift] georgia_city|2024-07-25
[OK provider=arctic-shift] georgia_city|2024-08-01
[OK provider=arctic-shift] georgia_city|2024-08-08
[OK provider=arctic-shift] georgia_city|2024-08-15
[OK provider=arctic-shift] georgia_city|2024-08-22
[OK provider=arctic-shift] georgia_city|2024-08-29
[OK provider=arctic-shift] georgia_city|2024-09-05
[OK provider=arctic-shift] georgia_city|2024-09-12
[OK provider=arctic-shift] georgia_city|2024-09-19
[OK provider=arctic-shift] georgia_city|2024-09-26
[OK provider=arctic-shift] georgia_city|2024-10-03
[OK provider=arctic-shift] georgia_city|2024-10-10
[OK provider=arctic-shift] georgia_city|2024-10-17
[OK provider=arctic-shift] georgia_city|2024-10-24
[OK provider=arctic-shift] georgia_city|2024-10-31
[OK provider=arctic-shift] georgia_city|2024-11-07
[OK provider=arctic-shift] georgia_city|2024-11-14
[checkpoint] 880/1000 ok=380 err=0 skip=500 elapsed=1846s
[OK provider=arctic-shift] georgia_city|2024-11-21
[OK provider=arctic-shift] georgia_city|2024-11-28
[OK provider=arctic-shift] georgia_city|2024-12-05
[OK provider=arctic-shift] georgia_city|2024-12-12
[OK provider=arctic-shift] georgia_city|2024-12-19
[OK provider=arctic-shift] georgia_city|2024-12-26
[OK provider=arctic-shift] georgia_city|2025-01-02
[OK provider=arctic-shift] georgia_city|2025-01-09
[OK provider=arctic-shift] georgia_city|2025-01-16
[OK provider=arctic-shift] georgia_city|2025-01-23
[OK provider=arctic-shift] georgia_city|2025-01-30
[OK provider=arctic-shift] georgia_city|2025-02-06
[OK provider=arctic-shift] georgia_city|2025-02-13
[OK provider=arctic-shift] georgia_city|2025-02-20
[OK provider=arctic-shift] georgia_city|2025-02-27
[OK provider=arctic-shift] georgia_city|2025-03-06
[OK provider=arctic-shift] georgia_city|2025-03-13
[OK provider=arctic-shift] georgia_city|2025-03-20
[OK provider=arctic-shift] georgia_city|2025-03-27
[OK provider=arctic-shift] georgia_city|2025-04-03
[checkpoint] 900/1000 ok=400 err=0 skip=500 elapsed=1974s
[OK provider=arctic-shift] georgia_city|2025-04-10
[OK provider=arctic-shift] georgia_city|2025-04-17
[OK provider=arctic-shift] georgia_city|2025-04-24
[OK provider=arctic-shift] georgia_city|2025-05-01
[OK provider=arctic-shift] georgia_city|2025-05-08
[OK provider=arctic-shift] georgia_city|2025-05-15
[OK provider=arctic-shift] georgia_city|2025-05-22
[OK provider=arctic-shift] georgia_city|2025-05-29
[OK provider=arctic-shift] georgia_city|2025-06-05
[OK provider=arctic-shift] georgia_city|2025-06-12
[OK provider=arctic-shift] georgia_city|2025-06-19
[OK provider=arctic-shift] georgia_city|2025-06-26
[OK provider=arctic-shift] georgia_city|2025-07-03
[OK provider=arctic-shift] georgia_city|2025-07-10
[OK provider=arctic-shift] georgia_city|2025-07-17
[OK provider=arctic-shift] georgia_city|2025-07-24
[OK provider=arctic-shift] georgia_city|2025-07-31
[OK provider=arctic-shift] georgia_city|2025-08-07
[OK provider=arctic-shift] georgia_city|2025-08-14
[OK provider=arctic-shift] georgia_city|2025-08-21
[checkpoint] 920/1000 ok=420 err=0 skip=500 elapsed=2068s
[OK provider=arctic-shift] georgia_city|2025-08-28
[OK provider=arctic-shift] georgia_city|2025-09-04
[OK provider=arctic-shift] georgia_city|2025-09-11
[OK provider=arctic-shift] georgia_city|2025-09-18
[OK provider=arctic-shift] georgia_city|2025-09-25
[OK provider=arctic-shift] georgia_city|2025-10-02
[OK provider=arctic-shift] georgia_city|2025-10-09
[OK provider=arctic-shift] georgia_city|2025-10-16
[OK provider=arctic-shift] georgia_city|2025-10-23
[OK provider=arctic-shift] georgia_city|2025-10-30
[OK provider=arctic-shift] georgia_city|2025-11-06
[OK provider=arctic-shift] georgia_city|2025-11-13
[OK provider=arctic-shift] georgia_city|2025-11-20
[OK provider=arctic-shift] georgia_city|2025-11-27
[OK provider=arctic-shift] georgia_city|2025-12-04
[OK provider=arctic-shift] georgia_city|2025-12-11
[OK provider=arctic-shift] georgia_city|2025-12-18
[OK provider=arctic-shift] georgia_city|2025-12-25
[OK provider=arctic-shift] georgia_city|2026-01-01
[OK provider=arctic-shift] georgia_city|2026-01-08
[checkpoint] 940/1000 ok=440 err=0 skip=500 elapsed=2146s
[OK provider=arctic-shift] georgia_city|2026-01-15
[OK provider=arctic-shift] georgia_city|2026-01-22
[OK provider=arctic-shift] georgia_city|2026-01-29
[OK provider=arctic-shift] georgia_city|2026-02-05
[OK provider=arctic-shift] georgia_city|2026-02-12
[OK provider=arctic-shift] georgia_city|2026-02-19
[OK provider=arctic-shift] georgia_city|2026-02-26
[OK provider=arctic-shift] georgia_city|2026-03-05
[OK provider=arctic-shift] georgia_city|2026-03-12
[OK provider=arctic-shift] georgia_city|2026-03-19
[OK provider=arctic-shift] georgia_city|2026-03-26
[OK provider=arctic-shift] georgia_city|2026-04-02
[OK provider=arctic-shift] georgia_city|2026-04-09
[OK provider=arctic-shift] georgia_city|2026-04-16
[OK provider=arctic-shift] georgia_city|2026-04-23
[OK provider=arctic-shift] lsu_team|2022-09-01
[OK provider=arctic-shift] lsu_team|2022-09-08
[OK provider=arctic-shift] lsu_team|2022-09-15
[OK provider=arctic-shift] lsu_team|2022-09-22
[OK provider=arctic-shift] lsu_team|2022-09-29
[checkpoint] 960/1000 ok=460 err=0 skip=500 elapsed=2234s
[OK provider=arctic-shift] lsu_team|2022-10-06
[OK provider=arctic-shift] lsu_team|2022-10-13
[OK provider=arctic-shift] lsu_team|2022-10-20
[OK provider=arctic-shift] lsu_team|2022-10-27
[OK provider=arctic-shift] lsu_team|2022-11-03
[OK provider=arctic-shift] lsu_team|2022-11-10
[OK provider=arctic-shift] lsu_team|2022-11-17
[OK provider=arctic-shift] lsu_team|2022-11-24
[OK provider=arctic-shift] lsu_team|2022-12-01
[OK provider=arctic-shift] lsu_team|2022-12-08
[OK provider=arctic-shift] lsu_team|2022-12-15
[OK provider=arctic-shift] lsu_team|2022-12-22
[OK provider=arctic-shift] lsu_team|2022-12-29
[OK provider=arctic-shift] lsu_team|2023-01-05
[OK provider=arctic-shift] lsu_team|2023-01-12
[OK provider=arctic-shift] lsu_team|2023-01-19
[OK provider=arctic-shift] lsu_team|2023-01-26
[OK provider=arctic-shift] lsu_team|2023-02-02
[OK provider=arctic-shift] lsu_team|2023-02-09
[OK provider=arctic-shift] lsu_team|2023-02-16
[checkpoint] 980/1000 ok=480 err=0 skip=500 elapsed=2311s
[OK provider=arctic-shift] lsu_team|2023-02-23
[OK provider=arctic-shift] lsu_team|2023-03-02
[OK provider=arctic-shift] lsu_team|2023-03-09
[OK provider=arctic-shift] lsu_team|2023-03-16
[OK provider=arctic-shift] lsu_team|2023-03-23
[OK provider=arctic-shift] lsu_team|2023-03-30
[OK provider=arctic-shift] lsu_team|2023-04-06
[OK provider=arctic-shift] lsu_team|2023-04-13
[OK provider=arctic-shift] lsu_team|2023-04-20
[OK provider=arctic-shift] lsu_team|2023-04-27
[OK provider=arctic-shift] lsu_team|2023-05-04
[OK provider=arctic-shift] lsu_team|2023-05-11
[OK provider=arctic-shift] lsu_team|2023-05-18
[OK provider=arctic-shift] lsu_team|2023-05-25
[OK provider=arctic-shift] lsu_team|2023-06-01
[OK provider=arctic-shift] lsu_team|2023-06-08
[OK provider=arctic-shift] lsu_team|2023-06-15
[OK provider=arctic-shift] lsu_team|2023-06-22
[OK provider=arctic-shift] lsu_team|2023-06-29
[OK provider=arctic-shift] lsu_team|2023-07-06
[checkpoint] 1000/1000 ok=500 err=0 skip=500 elapsed=2383s
[done] {'ok': 500, 'error': 0, 'skipped-completed': 500, 'dry-run': 0}
