[publish][04:42:32] Building static site at output/site...
[publish][04:42:33] Loaded snapshot season 2025 week 21 with 668 ranking rows.
[publish][04:42:34] Loaded 4283 historical season rows.
[publish][04:48:15] Hot-Take cache populated with 34 row(s).
[publish][05:04:00] Signature Moment cache populated for 443 player(s).
[publish][05:04:18] Achievements cache populated with 752 unlock(s).
[publish][05:04:18] Building team pages...
[publish][05:06:35] Built 668 team pages.
[publish][05:06:35] Building program pages...
[publish][05:06:42] Built 685 program pages.
[publish][05:06:42] Building player and Heisman pages...
[publish][08:46:08] Built 15939 player pages and prepared 668 featured team snapshots.
[publish][08:46:08] Building archive and conference context...
[publish][08:46:09] Prepared 36 archive snapshots and 72 conference pages.
[publish][08:46:09] Fan intelligence board built with 2 rows.
[publish][08:46:09] Writing home, rankings, and history pages...
[publish][08:46:19] Writing matchup and compare pages...
[publish][08:46:19] Writing archive pages...
[publish][08:46:19] Writing conference pages...
[publish][08:46:20] Writing program pages...
[publish][08:46:21] Writing Heisman pages...
[publish][08:46:31] Writing player pages...
[publish][08:47:23] Writing team season pages...
[publish][08:47:27] Writing Fan Intelligence Hub page...
[publish][08:47:27] Hub page written to output\site\hub\index.html.
[publish][08:47:28] The Room board written to output\site\players\the-room.html.
[publish][08:47:41] Signature Stories board written to output\site\players\signature-stories.html.
[publish][08:47:51] Players spotlight landing written to output\site\players\spotlight.html.
[publish][08:47:52] Methodology page written to output\site\methodology\fan-intelligence.html.
[publish][08:47:52] Static site build finished at output\site.
output\site
