[publish][02:24:02] Building static site at output/site...
[publish][02:24:02] Loaded snapshot season 2025 week 21 with 668 ranking rows.
[publish][02:24:03] Loaded 4283 historical season rows.
[publish][02:27:01] Hot-Take cache populated with 34 row(s).
[publish][02:35:14] Signature Moment cache populated for 341 player(s).
[publish][02:35:24] Achievements cache populated with 752 unlock(s).
[publish][02:35:25] Building team pages...
[publish][02:37:10] Built 668 team pages.
[publish][02:37:10] Building program pages...
[publish][02:37:17] Built 685 program pages.
[publish][02:37:17] Building player and Heisman pages...
[publish][03:07:07] Built 15939 player pages and prepared 668 featured team snapshots.
[publish][03:07:07] Building archive and conference context...
[publish][03:07:09] Prepared 36 archive snapshots and 72 conference pages.
[publish][03:07:09] Fan intelligence board built with 2 rows.
[publish][03:07:09] Writing home, rankings, and history pages...
[publish][03:07:18] Writing matchup and compare pages...
[publish][03:07:18] Writing archive pages...
[publish][03:07:18] Writing conference pages...
[publish][03:07:19] Writing program pages...
[publish][03:07:20] Writing Heisman pages...
[publish][03:07:34] Writing player pages...
[publish][03:08:31] Writing team season pages...
[publish][03:08:35] Writing Fan Intelligence Hub page...
[publish][03:08:35] Hub page written to output\site\hub\index.html.
[publish][03:08:36] The Room board written to output\site\players\the-room.html.
[publish][03:08:50] Signature Stories board written to output\site\players\signature-stories.html.
[publish][03:08:58] Players spotlight landing written to output\site\players\spotlight.html.
[publish][03:08:59] Methodology page written to output\site\methodology\fan-intelligence.html.
[publish][03:08:59] Static site build finished at output\site.
output\site
