[plan] 500 windows queued. primary=arctic-shift fallback=pullpush
[state] 0 already completed
[checkpoint] 20/500 ok=0 err=0 skip=20 elapsed=0s
[checkpoint] 40/500 ok=0 err=0 skip=40 elapsed=0s
[checkpoint] 60/500 ok=0 err=0 skip=60 elapsed=0s
[checkpoint] 80/500 ok=0 err=0 skip=80 elapsed=0s
[checkpoint] 100/500 ok=0 err=0 skip=100 elapsed=0s
[checkpoint] 120/500 ok=0 err=0 skip=120 elapsed=0s
[checkpoint] 140/500 ok=0 err=0 skip=140 elapsed=0s
[checkpoint] 160/500 ok=0 err=0 skip=160 elapsed=0s
[checkpoint] 180/500 ok=0 err=0 skip=180 elapsed=0s
[OK provider=arctic-shift] alabama_team|2022-09-01
[OK provider=arctic-shift] alabama_team|2022-09-08
[OK provider=arctic-shift] alabama_team|2022-09-15
[OK provider=arctic-shift] alabama_team|2022-09-22
[OK provider=arctic-shift] alabama_team|2022-09-29
[OK provider=arctic-shift] alabama_team|2022-10-06
[OK provider=arctic-shift] alabama_team|2022-10-13
[OK provider=arctic-shift] alabama_team|2022-10-20
[OK provider=arctic-shift] alabama_team|2022-10-27
[checkpoint] 200/500 ok=9 err=0 skip=191 elapsed=39s
[OK provider=arctic-shift] alabama_team|2022-11-03
[OK provider=arctic-shift] alabama_team|2022-11-10
[OK provider=arctic-shift] alabama_team|2022-11-17
[OK provider=arctic-shift] alabama_team|2022-11-24
[OK provider=arctic-shift] alabama_team|2022-12-01
[OK provider=arctic-shift] alabama_team|2022-12-08
[OK provider=arctic-shift] alabama_team|2022-12-15
[OK provider=arctic-shift] alabama_team|2022-12-22
[OK provider=arctic-shift] alabama_team|2022-12-29
[OK provider=arctic-shift] alabama_team|2023-01-05
[OK provider=arctic-shift] alabama_team|2023-01-12
[OK provider=arctic-shift] alabama_team|2023-01-19
[OK provider=arctic-shift] alabama_team|2023-01-26
[OK provider=arctic-shift] alabama_team|2023-02-02
[OK provider=arctic-shift] alabama_team|2023-02-09
[OK provider=arctic-shift] alabama_team|2023-02-16
[OK provider=arctic-shift] alabama_team|2023-02-23
[OK provider=arctic-shift] alabama_team|2023-03-02
[OK provider=arctic-shift] alabama_team|2023-03-09
[OK provider=arctic-shift] alabama_team|2023-03-16
[checkpoint] 220/500 ok=29 err=0 skip=191 elapsed=167s
[OK provider=arctic-shift] alabama_team|2023-03-23
[OK provider=arctic-shift] alabama_team|2023-03-30
[OK provider=arctic-shift] alabama_team|2023-04-06
[OK provider=arctic-shift] alabama_team|2023-04-13
[OK provider=arctic-shift] alabama_team|2023-04-20
[OK provider=arctic-shift] alabama_team|2023-04-27
[OK provider=arctic-shift] alabama_team|2023-05-04
[OK provider=arctic-shift] alabama_team|2023-05-11
[OK provider=arctic-shift] alabama_team|2023-05-18
[OK provider=arctic-shift] alabama_team|2023-05-25
[OK provider=arctic-shift] alabama_team|2023-06-01
[OK provider=arctic-shift] alabama_team|2023-06-08
[OK provider=arctic-shift] alabama_team|2023-06-15
[OK provider=arctic-shift] alabama_team|2023-06-22
[OK provider=arctic-shift] alabama_team|2023-06-29
[OK provider=arctic-shift] alabama_team|2023-07-06
[OK provider=arctic-shift] alabama_team|2023-07-13
[OK provider=arctic-shift] alabama_team|2023-07-20
[OK provider=arctic-shift] alabama_team|2023-07-27
[OK provider=arctic-shift] alabama_team|2023-08-03
[checkpoint] 240/500 ok=49 err=0 skip=191 elapsed=338s
[OK provider=arctic-shift] alabama_team|2023-08-10
[OK provider=arctic-shift] alabama_team|2023-08-17
[OK provider=arctic-shift] alabama_team|2023-08-24
[OK provider=arctic-shift] alabama_team|2023-08-31
[OK provider=arctic-shift] alabama_team|2023-09-07
[OK provider=arctic-shift] alabama_team|2023-09-14
[OK provider=arctic-shift] alabama_team|2023-09-21
[OK provider=arctic-shift] alabama_team|2023-09-28
[OK provider=arctic-shift] alabama_team|2023-10-05
[OK provider=arctic-shift] alabama_team|2023-10-12
[OK provider=arctic-shift] alabama_team|2023-10-19
[OK provider=arctic-shift] alabama_team|2023-10-26
[OK provider=arctic-shift] alabama_team|2023-11-02
[OK provider=arctic-shift] alabama_team|2023-11-09
[OK provider=arctic-shift] alabama_team|2023-11-16
[OK provider=arctic-shift] alabama_team|2023-11-23
[OK provider=arctic-shift] alabama_team|2023-11-30
[OK provider=arctic-shift] alabama_team|2023-12-07
[OK provider=arctic-shift] alabama_team|2023-12-14
[OK provider=arctic-shift] alabama_team|2023-12-21
[checkpoint] 260/500 ok=69 err=0 skip=191 elapsed=474s
[OK provider=arctic-shift] alabama_team|2023-12-28
[OK provider=arctic-shift] alabama_team|2024-01-04
[OK provider=arctic-shift] alabama_team|2024-01-11
[OK provider=arctic-shift] alabama_team|2024-01-18
[OK provider=arctic-shift] alabama_team|2024-01-25
[OK provider=arctic-shift] alabama_team|2024-02-01
[OK provider=arctic-shift] alabama_team|2024-02-08
[OK provider=arctic-shift] alabama_team|2024-02-15
[OK provider=arctic-shift] alabama_team|2024-02-22
[OK provider=arctic-shift] alabama_team|2024-02-29
[OK provider=arctic-shift] alabama_team|2024-03-07
[OK provider=arctic-shift] alabama_team|2024-03-14
[OK provider=arctic-shift] alabama_team|2024-03-21
[OK provider=arctic-shift] alabama_team|2024-03-28
[OK provider=arctic-shift] alabama_team|2024-04-04
[OK provider=arctic-shift] alabama_team|2024-04-11
[OK provider=arctic-shift] alabama_team|2024-04-18
[OK provider=arctic-shift] alabama_team|2024-04-25
[OK provider=arctic-shift] alabama_team|2024-05-02
[OK provider=arctic-shift] alabama_team|2024-05-09
[checkpoint] 280/500 ok=89 err=0 skip=191 elapsed=571s
[OK provider=arctic-shift] alabama_team|2024-05-16
[OK provider=arctic-shift] alabama_team|2024-05-23
[OK provider=arctic-shift] alabama_team|2024-05-30
[OK provider=arctic-shift] alabama_team|2024-06-06
[OK provider=arctic-shift] alabama_team|2024-06-13
[OK provider=arctic-shift] alabama_team|2024-06-20
[OK provider=arctic-shift] alabama_team|2024-06-27
[OK provider=arctic-shift] alabama_team|2024-07-04
[OK provider=arctic-shift] alabama_team|2024-07-11
[OK provider=arctic-shift] alabama_team|2024-07-18
[OK provider=arctic-shift] alabama_team|2024-07-25
[OK provider=arctic-shift] alabama_team|2024-08-01
[OK provider=arctic-shift] alabama_team|2024-08-08
[OK provider=arctic-shift] alabama_team|2024-08-15
[OK provider=arctic-shift] alabama_team|2024-08-22
[OK provider=arctic-shift] alabama_team|2024-08-29
[OK provider=arctic-shift] alabama_team|2024-09-05
[OK provider=arctic-shift] alabama_team|2024-09-12
[OK provider=arctic-shift] alabama_team|2024-09-19
[OK provider=arctic-shift] alabama_team|2024-09-26
[checkpoint] 300/500 ok=109 err=0 skip=191 elapsed=687s
[OK provider=arctic-shift] alabama_team|2024-10-03
[OK provider=arctic-shift] alabama_team|2024-10-10
[OK provider=arctic-shift] alabama_team|2024-10-17
[OK provider=arctic-shift] alabama_team|2024-10-24
[OK provider=arctic-shift] alabama_team|2024-10-31
[OK provider=arctic-shift] alabama_team|2024-11-07
[OK provider=arctic-shift] alabama_team|2024-11-14
[OK provider=arctic-shift] alabama_team|2024-11-21
[OK provider=arctic-shift] alabama_team|2024-11-28
[OK provider=arctic-shift] alabama_team|2024-12-05
[OK provider=arctic-shift] alabama_team|2024-12-12
[OK provider=arctic-shift] alabama_team|2024-12-19
[OK provider=arctic-shift] alabama_team|2024-12-26
[OK provider=arctic-shift] alabama_team|2025-01-02
[OK provider=arctic-shift] alabama_team|2025-01-09
[OK provider=arctic-shift] alabama_team|2025-01-16
[OK provider=arctic-shift] alabama_team|2025-01-23
[OK provider=arctic-shift] alabama_team|2025-01-30
[OK provider=arctic-shift] alabama_team|2025-02-06
[OK provider=arctic-shift] alabama_team|2025-02-13
[checkpoint] 320/500 ok=129 err=0 skip=191 elapsed=804s
[OK provider=arctic-shift] alabama_team|2025-02-20
[OK provider=arctic-shift] alabama_team|2025-02-27
[OK provider=arctic-shift] alabama_team|2025-03-06
[OK provider=arctic-shift] alabama_team|2025-03-13
[OK provider=arctic-shift] alabama_team|2025-03-20
[OK provider=arctic-shift] alabama_team|2025-03-27
[OK provider=arctic-shift] alabama_team|2025-04-03
[OK provider=arctic-shift] alabama_team|2025-04-10
[OK provider=arctic-shift] alabama_team|2025-04-17
[OK provider=arctic-shift] alabama_team|2025-04-24
[OK provider=arctic-shift] alabama_team|2025-05-01
[OK provider=arctic-shift] alabama_team|2025-05-08
[OK provider=arctic-shift] alabama_team|2025-05-15
[OK provider=arctic-shift] alabama_team|2025-05-22
[OK provider=arctic-shift] alabama_team|2025-05-29
[OK provider=arctic-shift] alabama_team|2025-06-05
[OK provider=arctic-shift] alabama_team|2025-06-12
[OK provider=arctic-shift] alabama_team|2025-06-19
[OK provider=arctic-shift] alabama_team|2025-06-26
[OK provider=arctic-shift] alabama_team|2025-07-03
[checkpoint] 340/500 ok=149 err=0 skip=191 elapsed=928s
[OK provider=arctic-shift] alabama_team|2025-07-10
[OK provider=arctic-shift] alabama_team|2025-07-17
[OK provider=arctic-shift] alabama_team|2025-07-24
[OK provider=arctic-shift] alabama_team|2025-07-31
[OK provider=arctic-shift] alabama_team|2025-08-07
[OK provider=arctic-shift] alabama_team|2025-08-14
[OK provider=arctic-shift] alabama_team|2025-08-21
[OK provider=arctic-shift] alabama_team|2025-08-28
[OK provider=arctic-shift] alabama_team|2025-09-04
[OK provider=arctic-shift] alabama_team|2025-09-11
[OK provider=arctic-shift] alabama_team|2025-09-18
[OK provider=arctic-shift] alabama_team|2025-09-25
[OK provider=arctic-shift] alabama_team|2025-10-02
[OK provider=arctic-shift] alabama_team|2025-10-09
[OK provider=arctic-shift] alabama_team|2025-10-16
[OK provider=arctic-shift] alabama_team|2025-10-23
[OK provider=arctic-shift] alabama_team|2025-10-30
[OK provider=arctic-shift] alabama_team|2025-11-06
[OK provider=arctic-shift] alabama_team|2025-11-13
[OK provider=arctic-shift] alabama_team|2025-11-20
[checkpoint] 360/500 ok=169 err=0 skip=191 elapsed=1054s
[OK provider=arctic-shift] alabama_team|2025-11-27
[OK provider=arctic-shift] alabama_team|2025-12-04
[OK provider=arctic-shift] alabama_team|2025-12-11
[OK provider=arctic-shift] alabama_team|2025-12-18
[OK provider=arctic-shift] alabama_team|2025-12-25
[OK provider=arctic-shift] alabama_team|2026-01-01
[OK provider=arctic-shift] alabama_team|2026-01-08
[OK provider=arctic-shift] alabama_team|2026-01-15
[OK provider=arctic-shift] alabama_team|2026-01-22
[OK provider=arctic-shift] alabama_team|2026-01-29
[OK provider=arctic-shift] alabama_team|2026-02-05
[OK provider=arctic-shift] alabama_team|2026-02-12
[OK provider=arctic-shift] alabama_team|2026-02-19
[OK provider=arctic-shift] alabama_team|2026-02-26
[OK provider=arctic-shift] alabama_team|2026-03-05
[OK provider=arctic-shift] alabama_team|2026-03-12
[OK provider=arctic-shift] alabama_team|2026-03-19
[OK provider=arctic-shift] alabama_team|2026-03-26
[OK provider=arctic-shift] alabama_team|2026-04-02
[OK provider=arctic-shift] alabama_team|2026-04-09
[checkpoint] 380/500 ok=189 err=0 skip=191 elapsed=1134s
[OK provider=arctic-shift] alabama_team|2026-04-16
[OK provider=arctic-shift] alabama_team|2026-04-23
[OK provider=arctic-shift] alabama_city|2022-09-01
[OK provider=arctic-shift] alabama_city|2022-09-08
[OK provider=arctic-shift] alabama_city|2022-09-15
[OK provider=arctic-shift] alabama_city|2022-09-22
[OK provider=arctic-shift] alabama_city|2022-09-29
[OK provider=arctic-shift] alabama_city|2022-10-06
[OK provider=arctic-shift] alabama_city|2022-10-13
[OK provider=arctic-shift] alabama_city|2022-10-20
[OK provider=arctic-shift] alabama_city|2022-10-27
[OK provider=arctic-shift] alabama_city|2022-11-03
[OK provider=arctic-shift] alabama_city|2022-11-10
[OK provider=arctic-shift] alabama_city|2022-11-17
[OK provider=arctic-shift] alabama_city|2022-11-24
[OK provider=arctic-shift] alabama_city|2022-12-01
[OK provider=arctic-shift] alabama_city|2022-12-08
[OK provider=arctic-shift] alabama_city|2022-12-15
[OK provider=arctic-shift] alabama_city|2022-12-22
[OK provider=arctic-shift] alabama_city|2022-12-29
[checkpoint] 400/500 ok=209 err=0 skip=191 elapsed=1212s
[OK provider=arctic-shift] alabama_city|2023-01-05
[OK provider=arctic-shift] alabama_city|2023-01-12
[OK provider=arctic-shift] alabama_city|2023-01-19
[OK provider=arctic-shift] alabama_city|2023-01-26
[OK provider=arctic-shift] alabama_city|2023-02-02
[OK provider=arctic-shift] alabama_city|2023-02-09
[OK provider=arctic-shift] alabama_city|2023-02-16
[OK provider=arctic-shift] alabama_city|2023-02-23
[OK provider=arctic-shift] alabama_city|2023-03-02
[OK provider=arctic-shift] alabama_city|2023-03-09
[OK provider=arctic-shift] alabama_city|2023-03-16
[OK provider=arctic-shift] alabama_city|2023-03-23
[OK provider=arctic-shift] alabama_city|2023-03-30
[OK provider=arctic-shift] alabama_city|2023-04-06
[OK provider=arctic-shift] alabama_city|2023-04-13
[OK provider=arctic-shift] alabama_city|2023-04-20
[OK provider=arctic-shift] alabama_city|2023-04-27
[OK provider=arctic-shift] alabama_city|2023-05-04
[OK provider=arctic-shift] alabama_city|2023-05-11
[OK provider=arctic-shift] alabama_city|2023-05-18
[checkpoint] 420/500 ok=229 err=0 skip=191 elapsed=1304s
[OK provider=arctic-shift] alabama_city|2023-05-25
[OK provider=arctic-shift] alabama_city|2023-06-01
[OK provider=arctic-shift] alabama_city|2023-06-08
[OK provider=arctic-shift] alabama_city|2023-06-15
[OK provider=arctic-shift] alabama_city|2023-06-22
[OK provider=arctic-shift] alabama_city|2023-06-29
[OK provider=arctic-shift] alabama_city|2023-07-06
[OK provider=arctic-shift] alabama_city|2023-07-13
[OK provider=arctic-shift] alabama_city|2023-07-20
[OK provider=arctic-shift] alabama_city|2023-07-27
[OK provider=arctic-shift] alabama_city|2023-08-03
[OK provider=arctic-shift] alabama_city|2023-08-10
[OK provider=arctic-shift] alabama_city|2023-08-17
[OK provider=arctic-shift] alabama_city|2023-08-24
[OK provider=arctic-shift] alabama_city|2023-08-31
[OK provider=arctic-shift] alabama_city|2023-09-07
[OK provider=arctic-shift] alabama_city|2023-09-14
[OK provider=arctic-shift] alabama_city|2023-09-21
[OK provider=arctic-shift] alabama_city|2023-09-28
[OK provider=arctic-shift] alabama_city|2023-10-05
[checkpoint] 440/500 ok=249 err=0 skip=191 elapsed=1378s
[OK provider=arctic-shift] alabama_city|2023-10-12
[OK provider=arctic-shift] alabama_city|2023-10-19
[OK provider=arctic-shift] alabama_city|2023-10-26
[OK provider=arctic-shift] alabama_city|2023-11-02
[OK provider=arctic-shift] alabama_city|2023-11-09
[OK provider=arctic-shift] alabama_city|2023-11-16
[OK provider=arctic-shift] alabama_city|2023-11-23
[OK provider=arctic-shift] alabama_city|2023-11-30
[OK provider=arctic-shift] alabama_city|2023-12-07
[OK provider=arctic-shift] alabama_city|2023-12-14
[OK provider=arctic-shift] alabama_city|2023-12-21
[OK provider=arctic-shift] alabama_city|2023-12-28
[OK provider=arctic-shift] alabama_city|2024-01-04
[OK provider=arctic-shift] alabama_city|2024-01-11
[OK provider=arctic-shift] alabama_city|2024-01-18
[OK provider=arctic-shift] alabama_city|2024-01-25
[OK provider=arctic-shift] alabama_city|2024-02-01
[OK provider=arctic-shift] alabama_city|2024-02-08
[OK provider=arctic-shift] alabama_city|2024-02-15
[OK provider=arctic-shift] alabama_city|2024-02-22
[checkpoint] 460/500 ok=269 err=0 skip=191 elapsed=1464s
[OK provider=arctic-shift] alabama_city|2024-02-29
[OK provider=arctic-shift] alabama_city|2024-03-07
[OK provider=arctic-shift] alabama_city|2024-03-14
[OK provider=arctic-shift] alabama_city|2024-03-21
[OK provider=arctic-shift] alabama_city|2024-03-28
[OK provider=arctic-shift] alabama_city|2024-04-04
[OK provider=arctic-shift] alabama_city|2024-04-11
[OK provider=arctic-shift] alabama_city|2024-04-18
[OK provider=arctic-shift] alabama_city|2024-04-25
[OK provider=arctic-shift] alabama_city|2024-05-02
[OK provider=arctic-shift] alabama_city|2024-05-09
[OK provider=arctic-shift] alabama_city|2024-05-16
[OK provider=arctic-shift] alabama_city|2024-05-23
[OK provider=arctic-shift] alabama_city|2024-05-30
[OK provider=arctic-shift] alabama_city|2024-06-06
[OK provider=arctic-shift] alabama_city|2024-06-13
[OK provider=arctic-shift] alabama_city|2024-06-20
[OK provider=arctic-shift] alabama_city|2024-06-27
[OK provider=arctic-shift] alabama_city|2024-07-04
[OK provider=arctic-shift] alabama_city|2024-07-11
[checkpoint] 480/500 ok=289 err=0 skip=191 elapsed=1544s
[OK provider=arctic-shift] alabama_city|2024-07-18
[OK provider=arctic-shift] alabama_city|2024-07-25
[OK provider=arctic-shift] alabama_city|2024-08-01
[OK provider=arctic-shift] alabama_city|2024-08-08
[OK provider=arctic-shift] alabama_city|2024-08-15
[OK provider=arctic-shift] alabama_city|2024-08-22
[OK provider=arctic-shift] alabama_city|2024-08-29
[OK provider=arctic-shift] alabama_city|2024-09-05
[OK provider=arctic-shift] alabama_city|2024-09-12
[OK provider=arctic-shift] alabama_city|2024-09-19
[OK provider=arctic-shift] alabama_city|2024-09-26
[OK provider=arctic-shift] alabama_city|2024-10-03
[OK provider=arctic-shift] alabama_city|2024-10-10
[OK provider=arctic-shift] alabama_city|2024-10-17
[OK provider=arctic-shift] alabama_city|2024-10-24
[OK provider=arctic-shift] alabama_city|2024-10-31
[OK provider=arctic-shift] alabama_city|2024-11-07
[OK provider=arctic-shift] alabama_city|2024-11-14
[OK provider=arctic-shift] alabama_city|2024-11-21
[OK provider=arctic-shift] alabama_city|2024-11-28
[checkpoint] 500/500 ok=309 err=0 skip=191 elapsed=1636s
[done] {'ok': 309, 'error': 0, 'skipped-completed': 191, 'dry-run': 0}
