Skipping CFBD connectivity preflight for player-context backfill.
[player-context] season 2022: target week 20
[player-context] season 2022: refreshing preseason roster/recruiting/transfer context for 162 FBS teams...
[CFBD preseason] 2022: loading returning production...
[CFBD preseason] 2022: loading talent composites...
[CFBD preseason] 2022: loading team recruiting summaries...
[CFBD preseason] 2022: loading transfer portal...
[CFBD preseason] 2022: loading roster 1/162 for Air Force...
[CFBD preseason] 2022: loading roster 2/162 for Akron...
[CFBD preseason] 2022: loading roster 3/162 for Alabama...
[CFBD preseason] 2022: loading roster 4/162 for App State...
[CFBD preseason] 2022: loading roster 5/162 for Arizona...
[CFBD preseason] 2022: loading roster 6/162 for Arizona State...
[CFBD preseason] 2022: loading roster 7/162 for Arkansas...
[CFBD preseason] 2022: loading roster 8/162 for Arkansas State...
[CFBD preseason] 2022: loading roster 9/162 for Army...
[CFBD preseason] 2022: loading roster 10/162 for Auburn...
[CFBD preseason] 2022: loading roster 11/162 for Ave Maria University...
[CFBD preseason] 2022: loading roster 12/162 for BLUEFIELD...
[CFBD preseason] 2022: loading roster 13/162 for BYU...
[CFBD preseason] 2022: loading roster 14/162 for Ball State...
[CFBD preseason] 2022: loading roster 15/162 for Baylor...
[CFBD preseason] 2022: loading roster 16/162 for Boise State...
[CFBD preseason] 2022: loading roster 17/162 for Boston College...
[CFBD preseason] 2022: loading roster 18/162 for Bowling Green...
[CFBD preseason] 2022: loading roster 19/162 for Buffalo...
[CFBD preseason] 2022: loading roster 20/162 for California...
[CFBD preseason] 2022: loading roster 21/162 for Central Michigan...
[CFBD preseason] 2022: loading roster 22/162 for Charlotte...
[CFBD preseason] 2022: loading roster 23/162 for Cincinnati...
[CFBD preseason] 2022: loading roster 24/162 for Clemson...
[CFBD preseason] 2022: loading roster 25/162 for Coastal Carolina...
[CFBD preseason] 2022: loading roster 26/162 for Colorado...
[CFBD preseason] 2022: loading roster 27/162 for Colorado State...
[CFBD preseason] 2022: loading roster 28/162 for Concordia-Michigan...
[CFBD preseason] 2022: loading roster 29/162 for Dakota State University...
[CFBD preseason] 2022: loading roster 30/162 for Dickinson State University...
[CFBD preseason] 2022: loading roster 31/162 for Duke...
[CFBD preseason] 2022: loading roster 32/162 for East Carolina...
[CFBD preseason] 2022: loading roster 33/162 for Eastern Michigan...
[CFBD preseason] 2022: loading roster 34/162 for Eastern Oregon...
[CFBD preseason] 2022: loading roster 35/162 for Faulkner University...
[CFBD preseason] 2022: loading roster 36/162 for Florida...
[CFBD preseason] 2022: loading roster 37/162 for Florida Atlantic...
[CFBD preseason] 2022: loading roster 38/162 for Florida International...
[CFBD preseason] 2022: loading roster 39/162 for Florida Memorial University...
[CFBD preseason] 2022: loading roster 40/162 for Florida State...
[CFBD preseason] 2022: loading roster 41/162 for Fresno State...
[CFBD preseason] 2022: loading roster 42/162 for Georgia...
[CFBD preseason] 2022: loading roster 43/162 for Georgia Southern...
[CFBD preseason] 2022: loading roster 44/162 for Georgia State...
[CFBD preseason] 2022: loading roster 45/162 for Georgia Tech...
[CFBD preseason] 2022: loading roster 46/162 for Hawai'i...
[CFBD preseason] 2022: loading roster 47/162 for Houston...
[CFBD preseason] 2022: loading roster 48/162 for Illinois...
[CFBD preseason] 2022: loading roster 49/162 for Indiana...
[CFBD preseason] 2022: loading roster 50/162 for Indiana Wesleyan...
[CFBD preseason] 2022: loading roster 51/162 for Iowa...
[CFBD preseason] 2022: loading roster 52/162 for Iowa State...
[CFBD preseason] 2022: loading roster 53/162 for Iowa Wesleyan...
[CFBD preseason] 2022: loading roster 54/162 for James Madison...
[CFBD preseason] 2022: loading roster 55/162 for Kansas...
[CFBD preseason] 2022: loading roster 56/162 for Kansas State...
[CFBD preseason] 2022: loading roster 57/162 for Keiser University...
[CFBD preseason] 2022: loading roster 58/162 for Kent State...
[CFBD preseason] 2022: loading roster 59/162 for Kentucky...
[CFBD preseason] 2022: loading roster 60/162 for Kentucky Christian...
[CFBD preseason] 2022: loading roster 61/162 for LSU...
[CFBD preseason] 2022: loading roster 62/162 for Laurinburg...
[CFBD preseason] 2022: loading roster 63/162 for Liberty...
[CFBD preseason] 2022: loading roster 64/162 for Lincoln (CA)...
[CFBD preseason] 2022: loading roster 65/162 for Louisiana...
[CFBD preseason] 2022: loading roster 66/162 for Louisiana College...
[CFBD preseason] 2022: loading roster 67/162 for Louisiana Tech...
[CFBD preseason] 2022: loading roster 68/162 for Louisville...
[CFBD preseason] 2022: loading roster 69/162 for Madonna University...
[CFBD preseason] 2022: loading roster 70/162 for Marshall...
[CFBD preseason] 2022: loading roster 71/162 for Maryland...
[CFBD preseason] 2022: loading roster 72/162 for Massachusetts...
[CFBD preseason] 2022: loading roster 73/162 for Mayville State...
[CFBD preseason] 2022: loading roster 74/162 for Memphis...
[CFBD preseason] 2022: loading roster 75/162 for Miami...
[CFBD preseason] 2022: loading roster 76/162 for Miami (OH)...
[CFBD preseason] 2022: loading roster 77/162 for Michigan...
[CFBD preseason] 2022: loading roster 78/162 for Michigan State...
[CFBD preseason] 2022: loading roster 79/162 for Middle Tennessee...
[CFBD preseason] 2022: loading roster 80/162 for Minnesota...
[CFBD preseason] 2022: loading roster 81/162 for Mississippi State...
[CFBD preseason] 2022: loading roster 82/162 for Missouri...
[CFBD preseason] 2022: loading roster 83/162 for NC State...
[CFBD preseason] 2022: loading roster 84/162 for Navy...
[CFBD preseason] 2022: loading roster 85/162 for Nebraska...
[CFBD preseason] 2022: loading roster 86/162 for Nevada...
[CFBD preseason] 2022: loading roster 87/162 for New Mexico...
[CFBD preseason] 2022: loading roster 88/162 for New Mexico State...
[CFBD preseason] 2022: loading roster 89/162 for North American University...
[CFBD preseason] 2022: loading roster 90/162 for North Carolina...
[CFBD preseason] 2022: loading roster 91/162 for North Texas...
[CFBD preseason] 2022: loading roster 92/162 for Northern Illinois...
[CFBD preseason] 2022: loading roster 93/162 for Northwestern...
[CFBD preseason] 2022: loading roster 94/162 for Notre Dame...
[CFBD preseason] 2022: loading roster 95/162 for Ohio...
[CFBD preseason] 2022: loading roster 96/162 for Ohio State...
[CFBD preseason] 2022: loading roster 97/162 for Oklahoma...
[CFBD preseason] 2022: loading roster 98/162 for Oklahoma State...
[CFBD preseason] 2022: loading roster 99/162 for Old Dominion...
[CFBD preseason] 2022: loading roster 100/162 for Ole Miss...
[CFBD preseason] 2022: loading roster 101/162 for Oregon...
[CFBD preseason] 2022: loading roster 102/162 for Oregon State...
[CFBD preseason] 2022: loading roster 103/162 for Penn State...
[CFBD preseason] 2022: loading roster 104/162 for Phoenix...
[CFBD preseason] 2022: loading roster 105/162 for Pittsburgh...
[CFBD preseason] 2022: loading roster 106/162 for Point University...
[CFBD preseason] 2022: loading roster 107/162 for Presentation...
[CFBD preseason] 2022: loading roster 108/162 for Purdue...
[CFBD preseason] 2022: loading roster 109/162 for Rice...
[CFBD preseason] 2022: loading roster 110/162 for Rutgers...
[CFBD preseason] 2022: loading roster 111/162 for SMU...
[CFBD preseason] 2022: loading roster 112/162 for San Diego State...
[CFBD preseason] 2022: loading roster 113/162 for San José State...
[CFBD preseason] 2022: loading roster 114/162 for South Alabama...
[CFBD preseason] 2022: loading roster 115/162 for South Carolina...
[CFBD preseason] 2022: loading roster 116/162 for South Florida...
[CFBD preseason] 2022: loading roster 117/162 for Southern Miss...
[CFBD preseason] 2022: loading roster 118/162 for St. Thomas University (Fl)...
[CFBD preseason] 2022: loading roster 119/162 for St. Xavier IL...
[CFBD preseason] 2022: loading roster 120/162 for Stanford...
[CFBD preseason] 2022: loading roster 121/162 for Syracuse...
[CFBD preseason] 2022: loading roster 122/162 for TCU...
[CFBD preseason] 2022: loading roster 123/162 for Taylor...
[CFBD preseason] 2022: loading roster 124/162 for Temple...
[CFBD preseason] 2022: loading roster 125/162 for Tennessee...
[CFBD preseason] 2022: loading roster 126/162 for Texas...
[CFBD preseason] 2022: loading roster 127/162 for Texas A&M...
[CFBD preseason] 2022: loading roster 128/162 for Texas State...
[CFBD preseason] 2022: loading roster 129/162 for Texas Tech...
[CFBD preseason] 2022: loading roster 130/162 for Thomas More College...
[CFBD preseason] 2022: loading roster 131/162 for Toledo...
[CFBD preseason] 2022: loading roster 132/162 for Trinity International (IL)...
[CFBD preseason] 2022: loading roster 133/162 for Troy...
[CFBD preseason] 2022: loading roster 134/162 for Tulane...
[CFBD preseason] 2022: loading roster 135/162 for Tulsa...
[CFBD preseason] 2022: loading roster 136/162 for UAB...
[CFBD preseason] 2022: loading roster 137/162 for UCF...
[CFBD preseason] 2022: loading roster 138/162 for UCLA...
[CFBD preseason] 2022: loading roster 139/162 for UConn...
[CFBD preseason] 2022: loading roster 140/162 for UFTL...
[CFBD preseason] 2022: loading roster 141/162 for UL Monroe...
[CFBD preseason] 2022: loading roster 142/162 for UNLV...
[CFBD preseason] 2022: loading roster 143/162 for USC...
[CFBD preseason] 2022: loading roster 144/162 for UTEP...
[CFBD preseason] 2022: loading roster 145/162 for UTSA...
[CFBD preseason] 2022: loading roster 146/162 for Utah...
[CFBD preseason] 2022: loading roster 147/162 for Utah State...
[CFBD preseason] 2022: loading roster 148/162 for Vanderbilt...
[CFBD preseason] 2022: loading roster 149/162 for Virginia...
[CFBD preseason] 2022: loading roster 150/162 for Virginia Tech...
[CFBD preseason] 2022: loading roster 151/162 for Virginia University Of Lynchburg...
[CFBD preseason] 2022: loading roster 152/162 for Wake Forest...
[CFBD preseason] 2022: loading roster 153/162 for Waldorf College...
[CFBD preseason] 2022: loading roster 154/162 for Warner University...
[CFBD preseason] 2022: loading roster 155/162 for Washington...
[CFBD preseason] 2022: loading roster 156/162 for Washington State...
[CFBD preseason] 2022: loading roster 157/162 for Wayland Baptist...
[CFBD preseason] 2022: loading roster 158/162 for West Virginia...
[CFBD preseason] 2022: loading roster 159/162 for Western Kentucky...
[CFBD preseason] 2022: loading roster 160/162 for Western Michigan...
[CFBD preseason] 2022: loading roster 161/162 for Wisconsin...
[CFBD preseason] 2022: loading roster 162/162 for Wyoming...
[CFBD preseason] 2022: loading player recruiting class 2017...
[CFBD preseason] 2022: loading player recruiting class 2018...
[CFBD preseason] 2022: loading player recruiting class 2019...
[CFBD preseason] 2022: loading player recruiting class 2020...
[CFBD preseason] 2022: loading player recruiting class 2021...
[CFBD preseason] 2022: loading player recruiting class 2022...
[player-context] season 2022: refreshing historical player inputs through week 20
[heisman] fetched 7399 player season stat rows for passing
[heisman] wrote 3507 normalized passing rows
[heisman] fetched 16345 player season stat rows for rushing
[heisman] wrote 8110 normalized rushing rows
[heisman] fetched 21155 player season stat rows for receiving
[heisman] wrote 10710 normalized receiving rows
[heisman] fetched 58254 player season stat rows for defensive
[heisman] wrote 41223 normalized defensive rows
[heisman] fetched 6744 player season stat rows for interceptions
[heisman] wrote 3424 normalized interceptions rows
[heisman] fetched 10143 player season stat rows for fumbles
[heisman] wrote 5397 normalized fumbles rows
[heisman] fetched 7810 player season stat rows for kickReturns
[heisman] wrote 3560 normalized kickReturns rows
[heisman] fetched 4195 player season stat rows for puntReturns
[heisman] wrote 2110 normalized puntReturns rows
[heisman] fetched 3941 player season stat rows for kicking
[heisman] wrote 1603 normalized kicking rows
[heisman] fetched 2664 player season stat rows for punting
[heisman] wrote 1236 normalized punting rows
[heisman] wrote 80880 total season stat rows
[heisman] fetched 4992 player usage rows
[heisman] wrote 2606 normalized player usage rows
[heisman] fetched 201 wepa_passing rows
[heisman] wrote 200 normalized wepa_passing rows
[heisman] fetched 485 wepa_rushing rows
[heisman] wrote 482 normalized wepa_rushing rows
[player-context] season 2022: finished in 1603.3s (rankings +0, season stats +80880, usage +2606, value metrics +682)
[player-context] season 2023: target week 19
[player-context] season 2023: refreshing preseason roster/recruiting/transfer context for 171 FBS teams...
[CFBD preseason] 2023: loading returning production...
[CFBD preseason] 2023: loading talent composites...
[CFBD preseason] 2023: loading team recruiting summaries...
[CFBD preseason] 2023: loading transfer portal...
[CFBD preseason] 2023: loading roster 1/171 for Air Force...
[CFBD preseason] 2023: loading roster 2/171 for Akron...
[CFBD preseason] 2023: loading roster 3/171 for Alabama...
[CFBD preseason] 2023: loading roster 4/171 for App State...
[CFBD preseason] 2023: loading roster 5/171 for Arizona...
[CFBD preseason] 2023: loading roster 6/171 for Arizona State...
[CFBD preseason] 2023: loading roster 7/171 for Arkansas...
[CFBD preseason] 2023: loading roster 8/171 for Arkansas State...
[CFBD preseason] 2023: loading roster 9/171 for Army...
[CFBD preseason] 2023: loading roster 10/171 for Auburn...
[CFBD preseason] 2023: loading roster 11/171 for Ave Maria University...
[CFBD preseason] 2023: loading roster 12/171 for BYU...
[CFBD preseason] 2023: loading roster 13/171 for Ball State...
[CFBD preseason] 2023: loading roster 14/171 for Baylor...
[CFBD preseason] 2023: loading roster 15/171 for Boise State...
[CFBD preseason] 2023: loading roster 16/171 for Boston College...
[CFBD preseason] 2023: loading roster 17/171 for Bowling Green...
[CFBD preseason] 2023: loading roster 18/171 for Buffalo...
[CFBD preseason] 2023: loading roster 19/171 for California...
[CFBD preseason] 2023: loading roster 20/171 for Central Michigan...
[CFBD preseason] 2023: loading roster 21/171 for Charlotte...
[CFBD preseason] 2023: loading roster 22/171 for Cincinnati...
[CFBD preseason] 2023: loading roster 23/171 for Clemson...
[CFBD preseason] 2023: loading roster 24/171 for Coastal Carolina...
[CFBD preseason] 2023: loading roster 25/171 for Colorado...
[CFBD preseason] 2023: loading roster 26/171 for Colorado State...
[CFBD preseason] 2023: loading roster 27/171 for Columbus State...
[CFBD preseason] 2023: loading roster 28/171 for Concordia-Michigan...
[CFBD preseason] 2023: loading roster 29/171 for Dakota State University...
[CFBD preseason] 2023: loading roster 30/171 for Dickinson State University...
[CFBD preseason] 2023: loading roster 31/171 for Duke...
[CFBD preseason] 2023: loading roster 32/171 for East Carolina...
[CFBD preseason] 2023: loading roster 33/171 for Eastern Michigan...
[CFBD preseason] 2023: loading roster 34/171 for Eastern Oregon...
[CFBD preseason] 2023: loading roster 35/171 for Florida...
[CFBD preseason] 2023: loading roster 36/171 for Florida Atlantic...
[CFBD preseason] 2023: loading roster 37/171 for Florida International...
[CFBD preseason] 2023: loading roster 38/171 for Florida Memorial University...
[CFBD preseason] 2023: loading roster 39/171 for Florida State...
[CFBD preseason] 2023: loading roster 40/171 for Fresno State...
[CFBD preseason] 2023: loading roster 41/171 for Georgia...
[CFBD preseason] 2023: loading roster 42/171 for Georgia Southern...
[CFBD preseason] 2023: loading roster 43/171 for Georgia State...
[CFBD preseason] 2023: loading roster 44/171 for Georgia Tech...
[CFBD preseason] 2023: loading roster 45/171 for Hawai'i...
[CFBD preseason] 2023: loading roster 46/171 for Houston...
[CFBD preseason] 2023: loading roster 47/171 for Illinois...
[CFBD preseason] 2023: loading roster 48/171 for Indiana...
[CFBD preseason] 2023: loading roster 49/171 for Indiana Wesleyan...
[CFBD preseason] 2023: loading roster 50/171 for Iowa...
[CFBD preseason] 2023: loading roster 51/171 for Iowa State...
[CFBD preseason] 2023: loading roster 52/171 for Jacksonville State...
[CFBD preseason] 2023: loading roster 53/171 for James Madison...
[CFBD preseason] 2023: loading roster 54/171 for Kansas...
[CFBD preseason] 2023: loading roster 55/171 for Kansas State...
[CFBD preseason] 2023: loading roster 56/171 for Keiser University...
[CFBD preseason] 2023: loading roster 57/171 for Kent State...
[CFBD preseason] 2023: loading roster 58/171 for Kentucky...
[CFBD preseason] 2023: loading roster 59/171 for LSU...
[CFBD preseason] 2023: loading roster 60/171 for LYONCOLL...
[CFBD preseason] 2023: loading roster 61/171 for Laurinburg...
[CFBD preseason] 2023: loading roster 62/171 for Liberty...
[CFBD preseason] 2023: loading roster 63/171 for Lincoln (CA)...
[CFBD preseason] 2023: loading roster 64/171 for Little Rock...
[CFBD preseason] 2023: loading roster 65/171 for Louisiana...
[CFBD preseason] 2023: loading roster 66/171 for Louisiana College...
[CFBD preseason] 2023: loading roster 67/171 for Louisiana Tech...
[CFBD preseason] 2023: loading roster 68/171 for Louisville...
[CFBD preseason] 2023: loading roster 69/171 for Madonna University (Mich.)...
[CFBD preseason] 2023: loading roster 70/171 for Marshall...
[CFBD preseason] 2023: loading roster 71/171 for Maryland...
[CFBD preseason] 2023: loading roster 72/171 for Massachusetts...
[CFBD preseason] 2023: loading roster 73/171 for Mayville State...
[CFBD preseason] 2023: loading roster 74/171 for Memphis...
[CFBD preseason] 2023: loading roster 75/171 for Miami...
[CFBD preseason] 2023: loading roster 76/171 for Miami (OH)...
[CFBD preseason] 2023: loading roster 77/171 for Michigan...
[CFBD preseason] 2023: loading roster 78/171 for Michigan State...
[CFBD preseason] 2023: loading roster 79/171 for Middle Tennessee...
[CFBD preseason] 2023: loading roster 80/171 for Minnesota...
[CFBD preseason] 2023: loading roster 81/171 for Mississippi State...
[CFBD preseason] 2023: loading roster 82/171 for Missouri...
[CFBD preseason] 2023: loading roster 83/171 for Montana Tech...
[CFBD preseason] 2023: loading roster 84/171 for Montana-Western...
[CFBD preseason] 2023: loading roster 85/171 for NC State...
[CFBD preseason] 2023: loading roster 86/171 for Navy...
[CFBD preseason] 2023: loading roster 87/171 for Nebraska...
[CFBD preseason] 2023: loading roster 88/171 for Nevada...
[CFBD preseason] 2023: loading roster 89/171 for New Mexico...
[CFBD preseason] 2023: loading roster 90/171 for New Mexico State...
[CFBD preseason] 2023: loading roster 91/171 for North American University...
[CFBD preseason] 2023: loading roster 92/171 for North Carolina...
[CFBD preseason] 2023: loading roster 93/171 for North Texas...
[CFBD preseason] 2023: loading roster 94/171 for Northern Illinois...
[CFBD preseason] 2023: loading roster 95/171 for Northwestern...
[CFBD preseason] 2023: loading roster 96/171 for Northwestern (IA)...
[CFBD preseason] 2023: loading roster 97/171 for Notre Dame...
[CFBD preseason] 2023: loading roster 98/171 for Ohio...
[CFBD preseason] 2023: loading roster 99/171 for Ohio State...
[CFBD preseason] 2023: loading roster 100/171 for Oklahoma...
[CFBD preseason] 2023: loading roster 101/171 for Oklahoma State...
[CFBD preseason] 2023: loading roster 102/171 for Old Dominion...
[CFBD preseason] 2023: loading roster 103/171 for Ole Miss...
[CFBD preseason] 2023: loading roster 104/171 for Oregon...
[CFBD preseason] 2023: loading roster 105/171 for Oregon State...
[CFBD preseason] 2023: loading roster 106/171 for Penn State...
[CFBD preseason] 2023: loading roster 107/171 for Phoenix...
[CFBD preseason] 2023: loading roster 108/171 for Pittsburgh...
[CFBD preseason] 2023: loading roster 109/171 for Point University...
[CFBD preseason] 2023: loading roster 110/171 for Purdue...
[CFBD preseason] 2023: loading roster 111/171 for Rice...
[CFBD preseason] 2023: loading roster 112/171 for Roosevelt...
[CFBD preseason] 2023: loading roster 113/171 for Rutgers...
[CFBD preseason] 2023: loading roster 114/171 for SMU...
[CFBD preseason] 2023: loading roster 115/171 for Sam Houston...
[CFBD preseason] 2023: loading roster 116/171 for San Diego State...
[CFBD preseason] 2023: loading roster 117/171 for San José State...
[CFBD preseason] 2023: loading roster 118/171 for South Alabama...
[CFBD preseason] 2023: loading roster 119/171 for South Carolina...
[CFBD preseason] 2023: loading roster 120/171 for South Florida...
[CFBD preseason] 2023: loading roster 121/171 for Southern Miss...
[CFBD preseason] 2023: loading roster 122/171 for Southern Oregon...
[CFBD preseason] 2023: loading roster 123/171 for Southwestern Assemblies Of God...
[CFBD preseason] 2023: loading roster 124/171 for St Ambrose University  Iowa...
[CFBD preseason] 2023: loading roster 125/171 for St. Thomas University (Fl)...
[CFBD preseason] 2023: loading roster 126/171 for St. Xavier IL...
[CFBD preseason] 2023: loading roster 127/171 for Stanford...
[CFBD preseason] 2023: loading roster 128/171 for Syracuse...
[CFBD preseason] 2023: loading roster 129/171 for TCU...
[CFBD preseason] 2023: loading roster 130/171 for Taylor...
[CFBD preseason] 2023: loading roster 131/171 for Temple...
[CFBD preseason] 2023: loading roster 132/171 for Tennessee...
[CFBD preseason] 2023: loading roster 133/171 for Texas...
[CFBD preseason] 2023: loading roster 134/171 for Texas A&M...
[CFBD preseason] 2023: loading roster 135/171 for Texas College...
[CFBD preseason] 2023: loading roster 136/171 for Texas State...
[CFBD preseason] 2023: loading roster 137/171 for Texas Tech...
[CFBD preseason] 2023: loading roster 138/171 for Thomas More College...
[CFBD preseason] 2023: loading roster 139/171 for Toledo...
[CFBD preseason] 2023: loading roster 140/171 for Troy...
[CFBD preseason] 2023: loading roster 141/171 for Tulane...
[CFBD preseason] 2023: loading roster 142/171 for Tulsa...
[CFBD preseason] 2023: loading roster 143/171 for UAB...
[CFBD preseason] 2023: loading roster 144/171 for UCF...
[CFBD preseason] 2023: loading roster 145/171 for UCLA...
[CFBD preseason] 2023: loading roster 146/171 for UConn...
[CFBD preseason] 2023: loading roster 147/171 for UFTL...
[CFBD preseason] 2023: loading roster 148/171 for UL Monroe...
[CFBD preseason] 2023: loading roster 149/171 for UNLV...
[CFBD preseason] 2023: loading roster 150/171 for USC...
[CFBD preseason] 2023: loading roster 151/171 for UTEP...
[CFBD preseason] 2023: loading roster 152/171 for UTSA...
[CFBD preseason] 2023: loading roster 153/171 for Union College...
[CFBD preseason] 2023: loading roster 154/171 for Utah...
[CFBD preseason] 2023: loading roster 155/171 for Utah State...
[CFBD preseason] 2023: loading roster 156/171 for Valley City State...
[CFBD preseason] 2023: loading roster 157/171 for Vanderbilt...
[CFBD preseason] 2023: loading roster 158/171 for Virginia...
[CFBD preseason] 2023: loading roster 159/171 for Virginia Tech...
[CFBD preseason] 2023: loading roster 160/171 for Virginia University Of Lynchburg...
[CFBD preseason] 2023: loading roster 161/171 for Wake Forest...
[CFBD preseason] 2023: loading roster 162/171 for Warner University...
[CFBD preseason] 2023: loading roster 163/171 for Washington...
[CFBD preseason] 2023: loading roster 164/171 for Washington State...
[CFBD preseason] 2023: loading roster 165/171 for Wayland Baptist...
[CFBD preseason] 2023: loading roster 166/171 for Webber International...
[CFBD preseason] 2023: loading roster 167/171 for West Virginia...
[CFBD preseason] 2023: loading roster 168/171 for Western Kentucky...
[CFBD preseason] 2023: loading roster 169/171 for Western Michigan...
[CFBD preseason] 2023: loading roster 170/171 for Wisconsin...
[CFBD preseason] 2023: loading roster 171/171 for Wyoming...
[CFBD preseason] 2023: loading player recruiting class 2018...
[CFBD preseason] 2023: loading player recruiting class 2019...
[CFBD preseason] 2023: loading player recruiting class 2020...
[CFBD preseason] 2023: loading player recruiting class 2021...
[CFBD preseason] 2023: loading player recruiting class 2022...
[CFBD preseason] 2023: loading player recruiting class 2023...
[player-context] season 2023: refreshing historical player inputs through week 19
[heisman] fetched 7028 player season stat rows for passing
[heisman] wrote 3745 normalized passing rows
[heisman] fetched 15365 player season stat rows for rushing
[heisman] wrote 8255 normalized rushing rows
[heisman] fetched 20065 player season stat rows for receiving
[heisman] wrote 10615 normalized receiving rows
[heisman] fetched 56868 player season stat rows for defensive
[heisman] wrote 42126 normalized defensive rows
[heisman] fetched 6320 player season stat rows for interceptions
[heisman] wrote 3500 normalized interceptions rows
[heisman] fetched 9495 player season stat rows for fumbles
[heisman] wrote 5166 normalized fumbles rows
[heisman] fetched 7025 player season stat rows for kickReturns
[heisman] wrote 3480 normalized kickReturns rows
[heisman] fetched 3890 player season stat rows for puntReturns
[heisman] wrote 2005 normalized puntReturns rows
[heisman] fetched 3423 player season stat rows for kicking
[heisman] wrote 1512 normalized kicking rows
[heisman] fetched 2346 player season stat rows for punting
[heisman] wrote 1164 normalized punting rows
[heisman] wrote 81568 total season stat rows
[heisman] fetched 4585 player usage rows
[heisman] wrote 2647 normalized player usage rows
[heisman] fetched 204 wepa_passing rows
[heisman] wrote 202 normalized wepa_passing rows
[heisman] fetched 501 wepa_rushing rows
[heisman] wrote 496 normalized wepa_rushing rows
[player-context] season 2023: finished in 1122.9s (rankings +0, season stats +81568, usage +2647, value metrics +698)
[player-context] historical refresh complete: 2 seasons, +0 official ranking rows, +162448 player season stat rows, +5253 usage rows, +1380 value metric rows.
