Skipping CFBD connectivity preflight for player-context backfill.
[player-context] season 2024: target week 21
[player-context] season 2024: refreshing preseason roster/recruiting/transfer context for 174 FBS teams...
[CFBD preseason] 2024: loading returning production...
[CFBD preseason] 2024: loading talent composites...
[CFBD preseason] 2024: loading team recruiting summaries...
[CFBD preseason] 2024: loading transfer portal...
[CFBD preseason] 2024: loading roster 1/174 for Air Force...
[CFBD preseason] 2024: loading roster 2/174 for Akron...
[CFBD preseason] 2024: loading roster 3/174 for Alabama...
[CFBD preseason] 2024: loading roster 4/174 for App State...
[CFBD preseason] 2024: loading roster 5/174 for Arizona...
[CFBD preseason] 2024: loading roster 6/174 for Arizona State...
[CFBD preseason] 2024: loading roster 7/174 for Arkansas...
[CFBD preseason] 2024: loading roster 8/174 for Arkansas State...
[CFBD preseason] 2024: loading roster 9/174 for Army...
[CFBD preseason] 2024: loading roster 10/174 for Auburn...
[CFBD preseason] 2024: loading roster 11/174 for Ave Maria University...
[CFBD preseason] 2024: loading roster 12/174 for BYU...
[CFBD preseason] 2024: loading roster 13/174 for Ball State...
[CFBD preseason] 2024: loading roster 14/174 for Baylor...
[CFBD preseason] 2024: loading roster 15/174 for Bethel University Tennessee...
[CFBD preseason] 2024: loading roster 16/174 for Boise State...
[CFBD preseason] 2024: loading roster 17/174 for Boston College...
[CFBD preseason] 2024: loading roster 18/174 for Bowling Green...
[CFBD preseason] 2024: loading roster 19/174 for Buffalo...
[CFBD preseason] 2024: loading roster 20/174 for California...
[CFBD preseason] 2024: loading roster 21/174 for Campbellsville University...
[CFBD preseason] 2024: loading roster 22/174 for Central Michigan...
[CFBD preseason] 2024: loading roster 23/174 for Charlotte...
[CFBD preseason] 2024: loading roster 24/174 for Cincinnati...
[CFBD preseason] 2024: loading roster 25/174 for Clemson...
[CFBD preseason] 2024: loading roster 26/174 for Coastal Carolina...
[CFBD preseason] 2024: loading roster 27/174 for College of Idaho...
[CFBD preseason] 2024: loading roster 28/174 for Colorado...
[CFBD preseason] 2024: loading roster 29/174 for Colorado State...
[CFBD preseason] 2024: loading roster 30/174 for Concordia-Michigan...
[CFBD preseason] 2024: loading roster 31/174 for Dakota State University...
[CFBD preseason] 2024: loading roster 32/174 for Defiance College...
[CFBD preseason] 2024: loading roster 33/174 for Dickinson State University...
[CFBD preseason] 2024: loading roster 34/174 for Duke...
[CFBD preseason] 2024: loading roster 35/174 for East Carolina...
[CFBD preseason] 2024: loading roster 36/174 for Eastern Michigan...
[CFBD preseason] 2024: loading roster 37/174 for Eastern Oregon...
[CFBD preseason] 2024: loading roster 38/174 for Elgin...
[CFBD preseason] 2024: loading roster 39/174 for Florida...
[CFBD preseason] 2024: loading roster 40/174 for Florida Atlantic...
[CFBD preseason] 2024: loading roster 41/174 for Florida International...
[CFBD preseason] 2024: loading roster 42/174 for Florida Memorial University...
[CFBD preseason] 2024: loading roster 43/174 for Florida State...
[CFBD preseason] 2024: loading roster 44/174 for Fresno State...
[CFBD preseason] 2024: loading roster 45/174 for Georgetown College Kentucky...
[CFBD preseason] 2024: loading roster 46/174 for Georgia...
[CFBD preseason] 2024: loading roster 47/174 for Georgia Southern...
[CFBD preseason] 2024: loading roster 48/174 for Georgia State...
[CFBD preseason] 2024: loading roster 49/174 for Georgia Tech...
[CFBD preseason] 2024: loading roster 50/174 for Hawai'i...
[CFBD preseason] 2024: loading roster 51/174 for Houston...
[CFBD preseason] 2024: loading roster 52/174 for Illinois...
[CFBD preseason] 2024: loading roster 53/174 for Indiana...
[CFBD preseason] 2024: loading roster 54/174 for Indiana Wesleyan...
[CFBD preseason] 2024: loading roster 55/174 for Iowa...
[CFBD preseason] 2024: loading roster 56/174 for Iowa State...
[CFBD preseason] 2024: loading roster 57/174 for Jacksonville State...
[CFBD preseason] 2024: loading roster 58/174 for James Madison...
[CFBD preseason] 2024: loading roster 59/174 for Jamestown College...
[CFBD preseason] 2024: loading roster 60/174 for Kansas...
[CFBD preseason] 2024: loading roster 61/174 for Kansas State...
[CFBD preseason] 2024: loading roster 62/174 for Keiser (Fl)...
[CFBD preseason] 2024: loading roster 63/174 for Keiser University...
[CFBD preseason] 2024: loading roster 64/174 for Kennesaw State...
[CFBD preseason] 2024: loading roster 65/174 for Kent State...
[CFBD preseason] 2024: loading roster 66/174 for Kentucky...
[CFBD preseason] 2024: loading roster 67/174 for Kentucky Christian...
[CFBD preseason] 2024: loading roster 68/174 for LSU...
[CFBD preseason] 2024: loading roster 69/174 for Langston University...
[CFBD preseason] 2024: loading roster 70/174 for Laurinburg...
[CFBD preseason] 2024: loading roster 71/174 for Liberty...
[CFBD preseason] 2024: loading roster 72/174 for Little Rock...
[CFBD preseason] 2024: loading roster 73/174 for Louisiana...
[CFBD preseason] 2024: loading roster 74/174 for Louisiana College...
[CFBD preseason] 2024: loading roster 75/174 for Louisiana Tech...
[CFBD preseason] 2024: loading roster 76/174 for Louisville...
[CFBD preseason] 2024: loading roster 77/174 for Madonna University (Mich.)...
[CFBD preseason] 2024: loading roster 78/174 for Marshall...
[CFBD preseason] 2024: loading roster 79/174 for Maryland...
[CFBD preseason] 2024: loading roster 80/174 for Massachusetts...
[CFBD preseason] 2024: loading roster 81/174 for Mayville State...
[CFBD preseason] 2024: loading roster 82/174 for Memphis...
[CFBD preseason] 2024: loading roster 83/174 for Miami...
[CFBD preseason] 2024: loading roster 84/174 for Miami (OH)...
[CFBD preseason] 2024: loading roster 85/174 for Michigan...
[CFBD preseason] 2024: loading roster 86/174 for Michigan State...
[CFBD preseason] 2024: loading roster 87/174 for Middle Tennessee...
[CFBD preseason] 2024: loading roster 88/174 for Minnesota...
[CFBD preseason] 2024: loading roster 89/174 for Mississippi State...
[CFBD preseason] 2024: loading roster 90/174 for Missouri...
[CFBD preseason] 2024: loading roster 91/174 for Montana-Western...
[CFBD preseason] 2024: loading roster 92/174 for NC State...
[CFBD preseason] 2024: loading roster 93/174 for Navy...
[CFBD preseason] 2024: loading roster 94/174 for Nebraska...
[CFBD preseason] 2024: loading roster 95/174 for Nevada...
[CFBD preseason] 2024: loading roster 96/174 for New Mexico...
[CFBD preseason] 2024: loading roster 97/174 for New Mexico State...
[CFBD preseason] 2024: loading roster 98/174 for North American University...
[CFBD preseason] 2024: loading roster 99/174 for North Carolina...
[CFBD preseason] 2024: loading roster 100/174 for North Texas...
[CFBD preseason] 2024: loading roster 101/174 for Northern Illinois...
[CFBD preseason] 2024: loading roster 102/174 for Northwestern...
[CFBD preseason] 2024: loading roster 103/174 for Notre Dame...
[CFBD preseason] 2024: loading roster 104/174 for Ohio...
[CFBD preseason] 2024: loading roster 105/174 for Ohio State...
[CFBD preseason] 2024: loading roster 106/174 for Oklahoma...
[CFBD preseason] 2024: loading roster 107/174 for Oklahoma State...
[CFBD preseason] 2024: loading roster 108/174 for Old Dominion...
[CFBD preseason] 2024: loading roster 109/174 for Ole Miss...
[CFBD preseason] 2024: loading roster 110/174 for Oregon...
[CFBD preseason] 2024: loading roster 111/174 for Oregon State...
[CFBD preseason] 2024: loading roster 112/174 for Penn State...
[CFBD preseason] 2024: loading roster 113/174 for Phoenix...
[CFBD preseason] 2024: loading roster 114/174 for Pittsburgh...
[CFBD preseason] 2024: loading roster 115/174 for Point University...
[CFBD preseason] 2024: loading roster 116/174 for Purdue...
[CFBD preseason] 2024: loading roster 117/174 for Reinhardt University...
[CFBD preseason] 2024: loading roster 118/174 for Rice...
[CFBD preseason] 2024: loading roster 119/174 for Rutgers...
[CFBD preseason] 2024: loading roster 120/174 for SMU...
[CFBD preseason] 2024: loading roster 121/174 for Sam Houston...
[CFBD preseason] 2024: loading roster 122/174 for San Diego State...
[CFBD preseason] 2024: loading roster 123/174 for San José State...
[CFBD preseason] 2024: loading roster 124/174 for Simpson University (Ca)...
[CFBD preseason] 2024: loading roster 125/174 for South Alabama...
[CFBD preseason] 2024: loading roster 126/174 for South Carolina...
[CFBD preseason] 2024: loading roster 127/174 for South Florida...
[CFBD preseason] 2024: loading roster 128/174 for Southern Miss...
[CFBD preseason] 2024: loading roster 129/174 for Southern Oregon...
[CFBD preseason] 2024: loading roster 130/174 for Southwestern Assemblies Of God...
[CFBD preseason] 2024: loading roster 131/174 for St. Xavier IL...
[CFBD preseason] 2024: loading roster 132/174 for Stanford...
[CFBD preseason] 2024: loading roster 133/174 for Syracuse...
[CFBD preseason] 2024: loading roster 134/174 for TCU...
[CFBD preseason] 2024: loading roster 135/174 for Taylor...
[CFBD preseason] 2024: loading roster 136/174 for Temple...
[CFBD preseason] 2024: loading roster 137/174 for Tennessee...
[CFBD preseason] 2024: loading roster 138/174 for Texas...
[CFBD preseason] 2024: loading roster 139/174 for Texas A&M...
[CFBD preseason] 2024: loading roster 140/174 for Texas State...
[CFBD preseason] 2024: loading roster 141/174 for Texas Tech...
[CFBD preseason] 2024: loading roster 142/174 for Toledo...
[CFBD preseason] 2024: loading roster 143/174 for Troy...
[CFBD preseason] 2024: loading roster 144/174 for Tulane...
[CFBD preseason] 2024: loading roster 145/174 for Tulsa...
[CFBD preseason] 2024: loading roster 146/174 for UAB...
[CFBD preseason] 2024: loading roster 147/174 for UCF...
[CFBD preseason] 2024: loading roster 148/174 for UCLA...
[CFBD preseason] 2024: loading roster 149/174 for UConn...
[CFBD preseason] 2024: loading roster 150/174 for UL Monroe...
[CFBD preseason] 2024: loading roster 151/174 for UNLV...
[CFBD preseason] 2024: loading roster 152/174 for USC...
[CFBD preseason] 2024: loading roster 153/174 for UTEP...
[CFBD preseason] 2024: loading roster 154/174 for UTSA...
[CFBD preseason] 2024: loading roster 155/174 for University Of St Francis IN...
[CFBD preseason] 2024: loading roster 156/174 for Utah...
[CFBD preseason] 2024: loading roster 157/174 for Utah State...
[CFBD preseason] 2024: loading roster 158/174 for Valley City State...
[CFBD preseason] 2024: loading roster 159/174 for Vanderbilt...
[CFBD preseason] 2024: loading roster 160/174 for Virginia...
[CFBD preseason] 2024: loading roster 161/174 for Virginia Tech...
[CFBD preseason] 2024: loading roster 162/174 for Virginia University Of Lynchburg...
[CFBD preseason] 2024: loading roster 163/174 for Wake Forest...
[CFBD preseason] 2024: loading roster 164/174 for Warner University...
[CFBD preseason] 2024: loading roster 165/174 for Washington...
[CFBD preseason] 2024: loading roster 166/174 for Washington State...
[CFBD preseason] 2024: loading roster 167/174 for Wayland Baptist...
[CFBD preseason] 2024: loading roster 168/174 for Webber International...
[CFBD preseason] 2024: loading roster 169/174 for West Virginia...
[CFBD preseason] 2024: loading roster 170/174 for Western Kentucky...
[CFBD preseason] 2024: loading roster 171/174 for Western Michigan...
[CFBD preseason] 2024: loading roster 172/174 for William Woods...
[CFBD preseason] 2024: loading roster 173/174 for Wisconsin...
[CFBD preseason] 2024: loading roster 174/174 for Wyoming...
[CFBD preseason] 2024: loading player recruiting class 2019...
[CFBD preseason] 2024: loading player recruiting class 2020...
[CFBD preseason] 2024: loading player recruiting class 2021...
[CFBD preseason] 2024: loading player recruiting class 2022...
[CFBD preseason] 2024: loading player recruiting class 2023...
[CFBD preseason] 2024: loading player recruiting class 2024...
[player-context] season 2024: refreshing historical player inputs through week 21
[heisman] fetched 7147 player season stat rows for passing
[heisman] wrote 3591 normalized passing rows
[heisman] fetched 15950 player season stat rows for rushing
[heisman] wrote 8460 normalized rushing rows
[heisman] fetched 20435 player season stat rows for receiving
[heisman] wrote 10905 normalized receiving rows
[heisman] fetched 57876 player season stat rows for defensive
[heisman] wrote 43365 normalized defensive rows
[heisman] fetched 6672 player season stat rows for interceptions
[heisman] wrote 3700 normalized interceptions rows
[heisman] fetched 9549 player season stat rows for fumbles
[heisman] wrote 5118 normalized fumbles rows
[heisman] fetched 7125 player season stat rows for kickReturns
[heisman] wrote 3350 normalized kickReturns rows
[heisman] fetched 3900 player season stat rows for puntReturns
[heisman] wrote 1965 normalized puntReturns rows
[heisman] fetched 3157 player season stat rows for kicking
[heisman] wrote 1645 normalized kicking rows
[heisman] fetched 2406 player season stat rows for punting
[heisman] wrote 1188 normalized punting rows
[heisman] wrote 83287 total season stat rows
[heisman] fetched 4129 player usage rows
[heisman] wrote 2660 normalized player usage rows
[heisman] fetched 197 wepa_passing rows
[heisman] wrote 197 normalized wepa_passing rows
[heisman] fetched 498 wepa_rushing rows
[heisman] wrote 498 normalized wepa_rushing rows
[player-context] season 2024: finished in 1073.7s (rankings +0, season stats +83287, usage +2660, value metrics +695)
[player-context] historical refresh complete: 1 seasons, +0 official ranking rows, +83287 player season stat rows, +2660 usage rows, +695 value metric rows.
