=== 2024-00 ===
compute-player-week-mood 2024-00: rows_read=1028 players_touched=181 cells_written=271
=== 2024-01 ===
compute-player-week-mood 2024-01: rows_read=131 players_touched=89 cells_written=94
=== 2024-02 ===
compute-player-week-mood 2024-02: rows_read=105 players_touched=85 cells_written=89
=== 2024-03 ===
compute-player-week-mood 2024-03: rows_read=115 players_touched=103 cells_written=105
=== 2024-04 ===
compute-player-week-mood 2024-04: rows_read=87 players_touched=74 cells_written=77
=== 2024-05 ===
compute-player-week-mood 2024-05: rows_read=137 players_touched=110 cells_written=117
=== 2024-06 ===
compute-player-week-mood 2024-06: rows_read=125 players_touched=84 cells_written=93
=== 2024-07 ===
compute-player-week-mood 2024-07: rows_read=95 players_touched=69 cells_written=74
=== 2024-08 ===
compute-player-week-mood 2024-08: rows_read=118 players_touched=91 cells_written=96
=== 2024-09 ===
compute-player-week-mood 2024-09: rows_read=103 players_touched=84 cells_written=87
=== 2024-10 ===
compute-player-week-mood 2024-10: rows_read=126 players_touched=111 cells_written=118
=== 2024-11 ===
compute-player-week-mood 2024-11: rows_read=140 players_touched=119 cells_written=124
=== 2024-12 ===
compute-player-week-mood 2024-12: rows_read=112 players_touched=93 cells_written=97
=== 2024-13 ===
compute-player-week-mood 2024-13: rows_read=111 players_touched=104 cells_written=107
=== 2024-14 ===
compute-player-week-mood 2024-14: rows_read=61 players_touched=44 cells_written=48
=== 2024-15 ===
compute-player-week-mood 2024-15: rows_read=33 players_touched=21 cells_written=25
=== 2024-16 ===
compute-player-week-mood 2024-16: rows_read=78 players_touched=49 cells_written=52
=== 2024-17 ===
compute-player-week-mood 2024-17: rows_read=44 players_touched=27 cells_written=30
=== 2024-18 ===
compute-player-week-mood 2024-18: rows_read=37 players_touched=23 cells_written=27
=== 2024-19 ===
compute-player-week-mood 2024-19: rows_read=58 players_touched=34 cells_written=40
=== 2024-20 ===
compute-player-week-mood 2024-20: rows_read=63 players_touched=37 cells_written=43
=== 2024-21 ===
compute-player-week-mood 2024-21: rows_read=57 players_touched=38 cells_written=42
=== 2024-22 ===
compute-player-week-mood 2024-22: rows_read=10 players_touched=8 cells_written=9
=== 2024-23 ===
compute-player-week-mood 2024-23: rows_read=25 players_touched=11 cells_written=11
=== 2024-24 ===
compute-player-week-mood 2024-24: rows_read=5 players_touched=4 cells_written=4
=== 2024-25 ===
compute-player-week-mood 2024-25: rows_read=254 players_touched=82 cells_written=89
=== 2024 weekly done ===
=== 2024 season rollup ===
compute-player-season-mood 2024: rows_read=3258 players_touched=611 cells_written=814
=== all done ===
