
== pair florida / georgia ==
    [florida/georgia 2015] ok: Florida's 27-3 defensive statement in Jacksonville gave first-year coach Jim McElwain his first Cocktail Party victory.
    [florida/georgia 2014] ok: Florida's 38-20 victory in Jacksonville provided one of the few bright spots in Will Muschamp's final season.
    [florida/georgia 2016] ok: Jim McElwain's Florida defense held Kirby Smart's first Georgia team to 10 points in a 24-10 Jacksonville victory.
    [florida/georgia 2020] ok: Dan Mullen's Gators dominated the second half in Jacksonville to secure a 44-28 victory over Georgia.
    [florida/georgia 2022] ok: The 22-point deficit in Jacksonville underscored the gap between Florida's new regime and a Georgia program en route to a second straight national title.
    [florida/georgia 2021] ok: Kirby Smart's Georgia defense held Florida to seven points during a 7-34 Jacksonville win.
    [florida/georgia 2023] ok: Georgia's 43-20 victory in Jacksonville kept the Cocktail Party firmly in Kirby Smart's column during the Bulldogs' back-to-back title era.
    [florida/georgia 2025] ok: Georgia's 24-20 victory in Jacksonville extended Florida's Cocktail Party drought to five straight seasons.
    [florida/georgia 2024] ok: Georgia's 34-20 win in Jacksonville kept Kirby Smart's Bulldogs in command of the SEC East race.

== pair alabama / tennessee ==
    [alabama/tennessee 2016] ok: Alabama 49-10 win over Tennessee in 2016 continued the Crimson Tide's recent control of the Third Saturday in October.
    [alabama/tennessee 2015] ok: Derrick Henry rushed for 143 yards and two touchdowns as Alabama held off Tennessee 19-14 in Knoxville.
    [alabama/tennessee 2014] ok: Alabama topped Tennessee 34-20 in 2014, extending Nick Saban's dominance of the Third Saturday in October.
    [alabama/tennessee 2020] ok: Nick Saban's Alabama cruised to a 48-17 victory over Tennessee in 2020 during the Crimson Tide's national championship season.
    [alabama/tennessee 2021] ok: Alabama's 52-24 victory in Knoxville underscored the gap Nick Saban's program still held over Josh Heupel's first Tennessee team.
    [alabama/tennessee 2022] ok: Tennessee's 52-49 upset ended 15 years of series domination as Hendon Hooker outdueled Bryce Young at Neyland Stadium.
    [alabama/tennessee 2023] ok: Alabama answered the 2022 Knoxville upset with a 34-20 victory at Neyland Stadium.
    [alabama/tennessee 2025] ok: Alabama's 37-20 win in Tuscaloosa kept the Third Street faithful waiting another year for the breakthrough win under Josh Heupel.
    [alabama/tennessee 2024] ok: Tennessee's 24-17 victory in 2024 delivered an early verdict on Kalen DeBoer's Alabama tenure.

== pair ohio-state / penn-state ==
    [ohio-state/penn-state 2015] ok: Urban Meyer's Buckeyes overwhelmed Penn State 38-10 during the 2015 regular season.
    [ohio-state/penn-state 2014] ok: Ohio State's seven-point win at the White Out kept Urban Meyer's eventual national champions unscathed in 2014.
    [ohio-state/penn-state 2016] ok: Penn State's 24-21 whiteout victory over Ohio State in 2016 announced the Nittany Lions' return to national prominence.
    [ohio-state/penn-state 2020] ok: Justin Fields delivered 318 passing yards and four touchdowns as Ohio State survived Penn State's White Out 38-25.
    [ohio-state/penn-state 2021] ok: Stroud's four touchdown passes powered Ohio State to a 33-24 win in the 2021 White Out.
    [ohio-state/penn-state 2022] ok: C.J. Stroud passed for 319 yards as Ohio State won 44-31 in the Penn State White Out.
    [ohio-state/penn-state 2023] ok: Ryan Day's Buckeyes silenced the White Out in a 20-12 defensive struggle at Beaver Stadium.
    [ohio-state/penn-state 2025] ok: The Buckeyes' 38-14 dismantling in the White Out reaffirmed the Playoff gap between the Scarlet & Gray and the Nittany Lions.
    [ohio-state/penn-state 2024] ok: Ryan Day's Buckeyes stifled Penn State's White Out 20-13, sending the Playoff-bound Buckeyes onward and the Nittany Lions home from the title chase.

== pair tennessee / vanderbilt ==
    [tennessee/vanderbilt 2020] ok: Tennessee's 42-17 win in the 2020 finale gave Jeremy Pruitt a 25-point cushion to close a pandemic-altered year.
    [tennessee/vanderbilt 2015] ok: Butch Jones's Tennessee team posted a 53-28 win in 2015 that underscored the series' tilt outside Vanderbilt's brief 2011-2013 golden window.
    [tennessee/vanderbilt 2014] ok: Tennessee's 24-17 win denied Vanderbilt a fourth straight bowl berth in the first season after James Franklin.
    [tennessee/vanderbilt 2021] ok: Josh Heupel's first Tennessee season ended with a 45-21 victory in Nashville, a 24-point margin that previewed the Volunteers' returning offensive potency.
    [tennessee/vanderbilt 2022] ok: Tennessee's 56-0 shutout in Nashville held Vanderbilt without points during Clark Lea's second season rebuilding the Commodores.
    [tennessee/vanderbilt 2023] ok: Tennessee's 48-24 win over Vanderbilt in 2023 marked Josh Heupel's third straight series victory.
    [tennessee/vanderbilt 2025] ok: Clark Lea's Vanderbilt defense forced three turnovers and dispatched Tennessee 45-24 in Nashville.
    [tennessee/vanderbilt 2024] ok: Josh Heupel's Volunteers outlasted Vanderbilt 36-23, a 13-point margin that stood as the Commodores' closest result in the series since 2018.

== pair massachusetts / uconn ==
    [massachusetts/uconn 2023] ok: The Huskies held UMass to 18 points in a 31-18 defensive showcase at Pratt & Whitney Stadium under Jim Mora.
    [massachusetts/uconn 2022] ok: Jim Mora's first season steering the Huskies delivered a 27-10 road win at Pratt & Whitney Stadium.
    [massachusetts/uconn 2021] ok: The 2021 Colonial Clash delivered a 27-13 UMass victory in Jim Mora's debut season on the UConn sideline.
    [massachusetts/uconn 2024] ok: Jim Mora's UConn rebuild edged UMass 47-42 in the 2024 renewal of New England's forgotten autumn ritual.

=== done: 39/39 regenerated, 0 dropped ===
