[publish][22:57:31] Building static site at output/site...
[publish][22:57:32] Loaded snapshot season 2025 week 21 with 668 ranking rows.
[publish][22:57:32] Loaded 4845 historical season rows.
[publish][23:00:42] Hot-Take cache populated with 34 row(s).
[publish][23:08:58] Signature Moment cache populated for 443 player(s).
db.execute attempt 1/6 hit attempt to write a readonly database — sleeping 0.22s and retrying
[publish][23:09:09] Achievements cache populated with 752 unlock(s).
[publish][23:09:09] Building team pages...
[publish][23:10:48] Built 668 team pages.
[publish][23:10:48] Building program pages...
[publish][23:10:54] Built 685 program pages.
[publish][23:10:54] Building player and Heisman pages...
[publish][01:19:07] Built 65374 player pages and prepared 668 featured team snapshots.
[publish][01:19:07] Building archive and conference context...
[publish][01:19:11] Prepared 46 archive snapshots and 72 conference pages.
[publish][01:19:11] Fan intelligence board built with 19 rows.
[publish][01:19:11] Writing home, rankings, and history pages...
[publish][01:27:17] Writing matchup and compare pages...
[publish][01:27:17] Writing archive pages...
[publish][01:27:17] Writing conference pages...
[publish][01:27:18] Writing program pages...
[publish][01:27:20] Writing Heisman pages...
[publish][01:27:36] Writing player pages...
[publish][01:32:07] Writing team season pages...
[publish][01:32:13] Writing team pages v2 (profiled programs)...
  team-pages v2: 203 historical-season pages written
[publish][01:32:33] Team-pages v2: rendered 17 profiled programs.
[publish][01:32:33] Writing Fan Intelligence Hub page...
[publish][01:32:33] Hub page written to output\site\hub\index.html.
[publish][01:32:35] The Room board written to output\site\players\the-room.html.
[publish][01:40:54] Signature Stories board written to output\site\players\signature-stories.html.
[publish][01:49:06] Players spotlight landing written to output\site\players\spotlight.html.
[publish][01:49:07] Methodology page written to output\site\methodology\fan-intelligence.html.
[publish][01:49:07] Static site build finished at output\site.
output\site
